[0.875s] DEBUG:colcon:Command line arguments: ['/usr/bin/colcon', 'build']
[0.875s] DEBUG:colcon:Parsed command line arguments: Namespace(log_base=None, log_level=None, verb_name='build', build_base='build', install_base='install', merge_install=False, symlink_install=False, test_result_base=None, continue_on_error=False, executor='parallel', parallel_workers=8, event_handlers=None, ignore_user_meta=False, metas=['./colcon.meta'], base_paths=['.'], packages_ignore=None, packages_ignore_regex=None, paths=None, packages_up_to=None, packages_up_to_regex=None, packages_above=None, packages_above_and_dependencies=None, packages_above_depth=None, packages_select_by_dep=None, packages_skip_by_dep=None, packages_skip_up_to=None, packages_select_build_failed=False, packages_skip_build_finished=False, packages_select_test_failures=False, packages_skip_test_passed=False, packages_select=None, packages_skip=None, packages_select_regex=None, packages_skip_regex=None, packages_start=None, packages_end=None, allow_overriding=[], cmake_args=None, cmake_target=None, cmake_target_skip_unavailable=False, cmake_clean_cache=False, cmake_clean_first=False, cmake_force_configure=False, ament_cmake_args=None, catkin_cmake_args=None, catkin_skip_building_tests=False, verb_parser=<colcon_defaults.argument_parser.defaults.DefaultArgumentsDecorator object at 0x7f90955f88e0>, verb_extension=<colcon_core.verb.build.BuildVerb object at 0x7f9095fdca30>, main=<bound method BuildVerb.main of <colcon_core.verb.build.BuildVerb object at 0x7f9095fdca30>>)
[0.944s] Level 1:colcon.colcon_core.package_discovery:discover_packages(colcon_meta) check parameters
[0.945s] Level 1:colcon.colcon_core.package_discovery:discover_packages(recursive) check parameters
[0.945s] Level 1:colcon.colcon_core.package_discovery:discover_packages(ignore) check parameters
[0.945s] Level 1:colcon.colcon_core.package_discovery:discover_packages(path) check parameters
[0.945s] Level 1:colcon.colcon_core.package_discovery:discover_packages(colcon_meta) discover
[0.945s] Level 1:colcon.colcon_core.package_discovery:discover_packages(recursive) discover
[0.945s] INFO:colcon.colcon_core.package_discovery:Crawling recursively for packages in '/home/giraff-azul2/tfg-villen/tfg_ws'
[0.945s] Level 1:colcon.colcon_core.package_identification:_identify(.) by extensions ['ignore', 'ignore_ament_install']
[0.945s] Level 1:colcon.colcon_core.package_identification:_identify(.) by extension 'ignore'
[0.945s] Level 1:colcon.colcon_core.package_identification:_identify(.) by extension 'ignore_ament_install'
[0.945s] Level 1:colcon.colcon_core.package_identification:_identify(.) by extensions ['colcon_pkg']
[0.945s] Level 1:colcon.colcon_core.package_identification:_identify(.) by extension 'colcon_pkg'
[0.945s] Level 1:colcon.colcon_core.package_identification:_identify(.) by extensions ['colcon_meta']
[0.945s] Level 1:colcon.colcon_core.package_identification:_identify(.) by extension 'colcon_meta'
[0.946s] Level 1:colcon.colcon_core.package_identification:_identify(.) by extensions ['ros']
[0.946s] Level 1:colcon.colcon_core.package_identification:_identify(.) by extension 'ros'
[0.987s] Level 1:colcon.colcon_core.package_identification:_identify(.) by extensions ['cmake', 'python']
[0.987s] Level 1:colcon.colcon_core.package_identification:_identify(.) by extension 'cmake'
[0.987s] Level 1:colcon.colcon_core.package_identification:_identify(.) by extension 'python'
[0.987s] Level 1:colcon.colcon_core.package_identification:_identify(.) by extensions ['python_setup_py']
[0.987s] Level 1:colcon.colcon_core.package_identification:_identify(.) by extension 'python_setup_py'
[0.987s] Level 1:colcon.colcon_core.package_identification:_identify(build) by extensions ['ignore', 'ignore_ament_install']
[0.987s] Level 1:colcon.colcon_core.package_identification:_identify(build) by extension 'ignore'
[0.987s] Level 1:colcon.colcon_core.package_identification:_identify(build) ignored
[0.987s] Level 1:colcon.colcon_core.package_identification:_identify(install) by extensions ['ignore', 'ignore_ament_install']
[0.988s] Level 1:colcon.colcon_core.package_identification:_identify(install) by extension 'ignore'
[0.988s] Level 1:colcon.colcon_core.package_identification:_identify(install) ignored
[0.988s] Level 1:colcon.colcon_core.package_identification:_identify(log) by extensions ['ignore', 'ignore_ament_install']
[0.988s] Level 1:colcon.colcon_core.package_identification:_identify(log) by extension 'ignore'
[0.988s] Level 1:colcon.colcon_core.package_identification:_identify(log) ignored
[0.988s] Level 1:colcon.colcon_core.package_identification:_identify(src) by extensions ['ignore', 'ignore_ament_install']
[0.988s] Level 1:colcon.colcon_core.package_identification:_identify(src) by extension 'ignore'
[0.988s] Level 1:colcon.colcon_core.package_identification:_identify(src) by extension 'ignore_ament_install'
[0.989s] Level 1:colcon.colcon_core.package_identification:_identify(src) by extensions ['colcon_pkg']
[0.989s] Level 1:colcon.colcon_core.package_identification:_identify(src) by extension 'colcon_pkg'
[0.989s] Level 1:colcon.colcon_core.package_identification:_identify(src) by extensions ['colcon_meta']
[0.989s] Level 1:colcon.colcon_core.package_identification:_identify(src) by extension 'colcon_meta'
[0.989s] Level 1:colcon.colcon_core.package_identification:_identify(src) by extensions ['ros']
[0.989s] Level 1:colcon.colcon_core.package_identification:_identify(src) by extension 'ros'
[0.989s] Level 1:colcon.colcon_core.package_identification:_identify(src) by extensions ['cmake', 'python']
[0.989s] Level 1:colcon.colcon_core.package_identification:_identify(src) by extension 'cmake'
[0.989s] Level 1:colcon.colcon_core.package_identification:_identify(src) by extension 'python'
[0.989s] Level 1:colcon.colcon_core.package_identification:_identify(src) by extensions ['python_setup_py']
[0.989s] Level 1:colcon.colcon_core.package_identification:_identify(src) by extension 'python_setup_py'
[0.989s] Level 1:colcon.colcon_core.package_identification:_identify(src/fer_pkg) by extensions ['ignore', 'ignore_ament_install']
[0.990s] Level 1:colcon.colcon_core.package_identification:_identify(src/fer_pkg) by extension 'ignore'
[0.990s] Level 1:colcon.colcon_core.package_identification:_identify(src/fer_pkg) by extension 'ignore_ament_install'
[0.990s] Level 1:colcon.colcon_core.package_identification:_identify(src/fer_pkg) by extensions ['colcon_pkg']
[0.990s] Level 1:colcon.colcon_core.package_identification:_identify(src/fer_pkg) by extension 'colcon_pkg'
[0.990s] Level 1:colcon.colcon_core.package_identification:_identify(src/fer_pkg) by extensions ['colcon_meta']
[0.990s] Level 1:colcon.colcon_core.package_identification:_identify(src/fer_pkg) by extension 'colcon_meta'
[0.990s] Level 1:colcon.colcon_core.package_identification:_identify(src/fer_pkg) by extensions ['ros']
[0.990s] Level 1:colcon.colcon_core.package_identification:_identify(src/fer_pkg) by extension 'ros'
[0.995s] DEBUG:colcon.colcon_core.package_identification:Package 'src/fer_pkg' with type 'ros.ament_python' and name 'fer_pkg'
[0.995s] Level 1:colcon.colcon_core.package_identification:_identify(src/pers_msgs) by extensions ['ignore', 'ignore_ament_install']
[0.995s] Level 1:colcon.colcon_core.package_identification:_identify(src/pers_msgs) by extension 'ignore'
[0.996s] Level 1:colcon.colcon_core.package_identification:_identify(src/pers_msgs) by extension 'ignore_ament_install'
[0.996s] Level 1:colcon.colcon_core.package_identification:_identify(src/pers_msgs) by extensions ['colcon_pkg']
[0.996s] Level 1:colcon.colcon_core.package_identification:_identify(src/pers_msgs) by extension 'colcon_pkg'
[0.996s] Level 1:colcon.colcon_core.package_identification:_identify(src/pers_msgs) by extensions ['colcon_meta']
[0.996s] Level 1:colcon.colcon_core.package_identification:_identify(src/pers_msgs) by extension 'colcon_meta'
[0.996s] Level 1:colcon.colcon_core.package_identification:_identify(src/pers_msgs) by extensions ['ros']
[0.996s] Level 1:colcon.colcon_core.package_identification:_identify(src/pers_msgs) by extension 'ros'
[0.997s] DEBUG:colcon.colcon_core.package_identification:Package 'src/pers_msgs' with type 'ros.ament_cmake' and name 'pers_msgs'
[0.997s] Level 1:colcon.colcon_core.package_discovery:discover_packages(recursive) using defaults
[0.997s] Level 1:colcon.colcon_core.package_discovery:discover_packages(ignore) discover
[0.997s] Level 1:colcon.colcon_core.package_discovery:discover_packages(ignore) using defaults
[0.997s] Level 1:colcon.colcon_core.package_discovery:discover_packages(path) discover
[0.997s] Level 1:colcon.colcon_core.package_discovery:discover_packages(path) using defaults
[1.040s] Level 1:colcon.colcon_core.package_discovery:discover_packages(prefix_path) check parameters
[1.041s] Level 1:colcon.colcon_core.package_discovery:discover_packages(prefix_path) discover
[1.048s] DEBUG:colcon.colcon_installed_package_information.package_discovery:Found 3 installed packages in /home/giraff-azul2/tfg-villen/tfg_ws/install
[1.052s] DEBUG:colcon.colcon_installed_package_information.package_discovery:Found 291 installed packages in /opt/ros/humble
[1.055s] Level 1:colcon.colcon_core.package_discovery:discover_packages(prefix_path) using defaults
[1.228s] Level 5:colcon.colcon_core.verb:set package 'pers_msgs' build argument 'cmake_args' from command line to 'None'
[1.228s] Level 5:colcon.colcon_core.verb:set package 'pers_msgs' build argument 'cmake_target' from command line to 'None'
[1.229s] Level 5:colcon.colcon_core.verb:set package 'pers_msgs' build argument 'cmake_target_skip_unavailable' from command line to 'False'
[1.229s] Level 5:colcon.colcon_core.verb:set package 'pers_msgs' build argument 'cmake_clean_cache' from command line to 'False'
[1.229s] Level 5:colcon.colcon_core.verb:set package 'pers_msgs' build argument 'cmake_clean_first' from command line to 'False'
[1.229s] Level 5:colcon.colcon_core.verb:set package 'pers_msgs' build argument 'cmake_force_configure' from command line to 'False'
[1.229s] Level 5:colcon.colcon_core.verb:set package 'pers_msgs' build argument 'ament_cmake_args' from command line to 'None'
[1.229s] Level 5:colcon.colcon_core.verb:set package 'pers_msgs' build argument 'catkin_cmake_args' from command line to 'None'
[1.229s] Level 5:colcon.colcon_core.verb:set package 'pers_msgs' build argument 'catkin_skip_building_tests' from command line to 'False'
[1.229s] DEBUG:colcon.colcon_core.verb:Building package 'pers_msgs' with the following arguments: {'ament_cmake_args': None, 'build_base': '/home/giraff-azul2/tfg-villen/tfg_ws/build/pers_msgs', 'catkin_cmake_args': None, 'catkin_skip_building_tests': False, 'cmake_args': None, 'cmake_clean_cache': False, 'cmake_clean_first': False, 'cmake_force_configure': False, 'cmake_target': None, 'cmake_target_skip_unavailable': False, 'install_base': '/home/giraff-azul2/tfg-villen/tfg_ws/install/pers_msgs', 'merge_install': False, 'path': '/home/giraff-azul2/tfg-villen/tfg_ws/src/pers_msgs', 'symlink_install': False, 'test_result_base': None}
[1.230s] Level 5:colcon.colcon_core.verb:set package 'fer_pkg' build argument 'cmake_args' from command line to 'None'
[1.230s] Level 5:colcon.colcon_core.verb:set package 'fer_pkg' build argument 'cmake_target' from command line to 'None'
[1.231s] Level 5:colcon.colcon_core.verb:set package 'fer_pkg' build argument 'cmake_target_skip_unavailable' from command line to 'False'
[1.231s] Level 5:colcon.colcon_core.verb:set package 'fer_pkg' build argument 'cmake_clean_cache' from command line to 'False'
[1.231s] Level 5:colcon.colcon_core.verb:set package 'fer_pkg' build argument 'cmake_clean_first' from command line to 'False'
[1.231s] Level 5:colcon.colcon_core.verb:set package 'fer_pkg' build argument 'cmake_force_configure' from command line to 'False'
[1.231s] Level 5:colcon.colcon_core.verb:set package 'fer_pkg' build argument 'ament_cmake_args' from command line to 'None'
[1.231s] Level 5:colcon.colcon_core.verb:set package 'fer_pkg' build argument 'catkin_cmake_args' from command line to 'None'
[1.231s] Level 5:colcon.colcon_core.verb:set package 'fer_pkg' build argument 'catkin_skip_building_tests' from command line to 'False'
[1.231s] DEBUG:colcon.colcon_core.verb:Building package 'fer_pkg' with the following arguments: {'ament_cmake_args': None, 'build_base': '/home/giraff-azul2/tfg-villen/tfg_ws/build/fer_pkg', 'catkin_cmake_args': None, 'catkin_skip_building_tests': False, 'cmake_args': None, 'cmake_clean_cache': False, 'cmake_clean_first': False, 'cmake_force_configure': False, 'cmake_target': None, 'cmake_target_skip_unavailable': False, 'install_base': '/home/giraff-azul2/tfg-villen/tfg_ws/install/fer_pkg', 'merge_install': False, 'path': '/home/giraff-azul2/tfg-villen/tfg_ws/src/fer_pkg', 'symlink_install': False, 'test_result_base': None}
[1.232s] INFO:colcon.colcon_core.executor:Executing jobs using 'parallel' executor
[1.237s] DEBUG:colcon.colcon_parallel_executor.executor.parallel:run_until_complete
[1.237s] INFO:colcon.colcon_ros.task.ament_cmake.build:Building ROS package in '/home/giraff-azul2/tfg-villen/tfg_ws/src/pers_msgs' with build type 'ament_cmake'
[1.237s] INFO:colcon.colcon_cmake.task.cmake.build:Building CMake package in '/home/giraff-azul2/tfg-villen/tfg_ws/src/pers_msgs'
[1.248s] INFO:colcon.colcon_core.plugin_system:Skipping extension 'colcon_core.shell.bat': Not used on non-Windows systems
[1.249s] INFO:colcon.colcon_core.shell:Skip shell extension 'powershell' for command environment: Not usable outside of PowerShell
[1.249s] DEBUG:colcon.colcon_core.shell:Skip shell extension 'dsv' for command environment
[1.263s] DEBUG:colcon.colcon_core.event_handler.log_command:Invoking command in '/home/giraff-azul2/tfg-villen/tfg_ws/build/pers_msgs': CMAKE_PREFIX_PATH=${CMAKE_PREFIX_PATH}:/home/giraff-azul2/tfg-villen/tfg_ws/install/fer_pkg:/opt/ros/humble PS1=(tfg_venv) \[\e]0;\u@\h: \w\a\]${debian_chroot:+($debian_chroot)}\[\033[01;32m\]\u@\h\[\033[00m\]:\[\033[01;34m\]\w\[\033[00m\]\$ VIRTUAL_ENV_PROMPT=(tfg_venv) /home/giraff-azul2/tfg-villen/tfg_venv/bin/cmake --build /home/giraff-azul2/tfg-villen/tfg_ws/build/pers_msgs -- -j8 -l8
[1.965s] DEBUG:colcon.colcon_core.event_handler.log_command:Invoked command in '/home/giraff-azul2/tfg-villen/tfg_ws/build/pers_msgs' returned '0': CMAKE_PREFIX_PATH=${CMAKE_PREFIX_PATH}:/home/giraff-azul2/tfg-villen/tfg_ws/install/fer_pkg:/opt/ros/humble PS1=(tfg_venv) \[\e]0;\u@\h: \w\a\]${debian_chroot:+($debian_chroot)}\[\033[01;32m\]\u@\h\[\033[00m\]:\[\033[01;34m\]\w\[\033[00m\]\$ VIRTUAL_ENV_PROMPT=(tfg_venv) /home/giraff-azul2/tfg-villen/tfg_venv/bin/cmake --build /home/giraff-azul2/tfg-villen/tfg_ws/build/pers_msgs -- -j8 -l8
[2.134s] DEBUG:colcon.colcon_core.event_handler.log_command:Invoking command in '/home/giraff-azul2/tfg-villen/tfg_ws/build/pers_msgs': CMAKE_PREFIX_PATH=${CMAKE_PREFIX_PATH}:/home/giraff-azul2/tfg-villen/tfg_ws/install/fer_pkg:/opt/ros/humble PS1=(tfg_venv) \[\e]0;\u@\h: \w\a\]${debian_chroot:+($debian_chroot)}\[\033[01;32m\]\u@\h\[\033[00m\]:\[\033[01;34m\]\w\[\033[00m\]\$ VIRTUAL_ENV_PROMPT=(tfg_venv) /home/giraff-azul2/tfg-villen/tfg_venv/bin/cmake --install /home/giraff-azul2/tfg-villen/tfg_ws/build/pers_msgs
[2.324s] Level 1:colcon.colcon_core.environment:create_environment_scripts_only(pers_msgs)
[2.324s] DEBUG:colcon.colcon_core.event_handler.log_command:Invoked command in '/home/giraff-azul2/tfg-villen/tfg_ws/build/pers_msgs' returned '0': CMAKE_PREFIX_PATH=${CMAKE_PREFIX_PATH}:/home/giraff-azul2/tfg-villen/tfg_ws/install/fer_pkg:/opt/ros/humble PS1=(tfg_venv) \[\e]0;\u@\h: \w\a\]${debian_chroot:+($debian_chroot)}\[\033[01;32m\]\u@\h\[\033[00m\]:\[\033[01;34m\]\w\[\033[00m\]\$ VIRTUAL_ENV_PROMPT=(tfg_venv) /home/giraff-azul2/tfg-villen/tfg_venv/bin/cmake --install /home/giraff-azul2/tfg-villen/tfg_ws/build/pers_msgs
[2.339s] Level 1:colcon.colcon_core.environment:checking '/home/giraff-azul2/tfg-villen/tfg_ws/install/pers_msgs' for CMake module files
[2.340s] Level 1:colcon.colcon_core.environment:checking '/home/giraff-azul2/tfg-villen/tfg_ws/install/pers_msgs' for CMake config files
[2.342s] Level 1:colcon.colcon_core.shell:create_environment_hook('pers_msgs', 'cmake_prefix_path')
[2.343s] INFO:colcon.colcon_core.shell:Creating environment hook '/home/giraff-azul2/tfg-villen/tfg_ws/install/pers_msgs/share/pers_msgs/hook/cmake_prefix_path.ps1'
[2.345s] INFO:colcon.colcon_core.shell:Creating environment descriptor '/home/giraff-azul2/tfg-villen/tfg_ws/install/pers_msgs/share/pers_msgs/hook/cmake_prefix_path.dsv'
[2.346s] INFO:colcon.colcon_core.shell:Creating environment hook '/home/giraff-azul2/tfg-villen/tfg_ws/install/pers_msgs/share/pers_msgs/hook/cmake_prefix_path.sh'
[2.347s] Level 1:colcon.colcon_core.environment:checking '/home/giraff-azul2/tfg-villen/tfg_ws/install/pers_msgs/lib'
[2.348s] Level 1:colcon.colcon_core.shell:create_environment_hook('pers_msgs', 'ld_library_path_lib')
[2.350s] INFO:colcon.colcon_core.shell:Creating environment hook '/home/giraff-azul2/tfg-villen/tfg_ws/install/pers_msgs/share/pers_msgs/hook/ld_library_path_lib.ps1'
[2.350s] INFO:colcon.colcon_core.shell:Creating environment descriptor '/home/giraff-azul2/tfg-villen/tfg_ws/install/pers_msgs/share/pers_msgs/hook/ld_library_path_lib.dsv'
[2.351s] INFO:colcon.colcon_core.shell:Creating environment hook '/home/giraff-azul2/tfg-villen/tfg_ws/install/pers_msgs/share/pers_msgs/hook/ld_library_path_lib.sh'
[2.351s] Level 1:colcon.colcon_core.environment:checking '/home/giraff-azul2/tfg-villen/tfg_ws/install/pers_msgs/bin'
[2.351s] Level 1:colcon.colcon_core.environment:checking '/home/giraff-azul2/tfg-villen/tfg_ws/install/pers_msgs/lib/pkgconfig/pers_msgs.pc'
[2.352s] Level 1:colcon.colcon_core.environment:checking '/home/giraff-azul2/tfg-villen/tfg_ws/install/pers_msgs/lib/python3.10/site-packages'
[2.352s] Level 1:colcon.colcon_core.shell:create_environment_hook('pers_msgs', 'pythonpath')
[2.354s] INFO:colcon.colcon_core.shell:Creating environment hook '/home/giraff-azul2/tfg-villen/tfg_ws/install/pers_msgs/share/pers_msgs/hook/pythonpath.ps1'
[2.354s] INFO:colcon.colcon_core.shell:Creating environment descriptor '/home/giraff-azul2/tfg-villen/tfg_ws/install/pers_msgs/share/pers_msgs/hook/pythonpath.dsv'
[2.355s] INFO:colcon.colcon_core.shell:Creating environment hook '/home/giraff-azul2/tfg-villen/tfg_ws/install/pers_msgs/share/pers_msgs/hook/pythonpath.sh'
[2.355s] Level 1:colcon.colcon_core.environment:checking '/home/giraff-azul2/tfg-villen/tfg_ws/install/pers_msgs/bin'
[2.358s] INFO:colcon.colcon_core.shell:Creating package script '/home/giraff-azul2/tfg-villen/tfg_ws/install/pers_msgs/share/pers_msgs/package.ps1'
[2.359s] INFO:colcon.colcon_core.shell:Creating package descriptor '/home/giraff-azul2/tfg-villen/tfg_ws/install/pers_msgs/share/pers_msgs/package.dsv'
[2.360s] INFO:colcon.colcon_core.shell:Creating package script '/home/giraff-azul2/tfg-villen/tfg_ws/install/pers_msgs/share/pers_msgs/package.sh'
[2.362s] INFO:colcon.colcon_core.shell:Creating package script '/home/giraff-azul2/tfg-villen/tfg_ws/install/pers_msgs/share/pers_msgs/package.bash'
[2.363s] INFO:colcon.colcon_core.shell:Creating package script '/home/giraff-azul2/tfg-villen/tfg_ws/install/pers_msgs/share/pers_msgs/package.zsh'
[2.365s] Level 1:colcon.colcon_core.environment:create_file_with_runtime_dependencies(/home/giraff-azul2/tfg-villen/tfg_ws/install/pers_msgs/share/colcon-core/packages/pers_msgs)
[2.487s] Level 1:colcon.colcon_core.environment:create_environment_scripts_only(pers_msgs)
[2.490s] Level 1:colcon.colcon_core.environment:checking '/home/giraff-azul2/tfg-villen/tfg_ws/install/pers_msgs' for CMake module files
[2.492s] Level 1:colcon.colcon_core.environment:checking '/home/giraff-azul2/tfg-villen/tfg_ws/install/pers_msgs' for CMake config files
[2.493s] Level 1:colcon.colcon_core.shell:create_environment_hook('pers_msgs', 'cmake_prefix_path')
[2.495s] INFO:colcon.colcon_core.shell:Creating environment hook '/home/giraff-azul2/tfg-villen/tfg_ws/install/pers_msgs/share/pers_msgs/hook/cmake_prefix_path.ps1'
[2.496s] INFO:colcon.colcon_core.shell:Creating environment descriptor '/home/giraff-azul2/tfg-villen/tfg_ws/install/pers_msgs/share/pers_msgs/hook/cmake_prefix_path.dsv'
[2.496s] INFO:colcon.colcon_core.shell:Creating environment hook '/home/giraff-azul2/tfg-villen/tfg_ws/install/pers_msgs/share/pers_msgs/hook/cmake_prefix_path.sh'
[2.497s] Level 1:colcon.colcon_core.environment:checking '/home/giraff-azul2/tfg-villen/tfg_ws/install/pers_msgs/lib'
[2.497s] Level 1:colcon.colcon_core.shell:create_environment_hook('pers_msgs', 'ld_library_path_lib')
[2.499s] INFO:colcon.colcon_core.shell:Creating environment hook '/home/giraff-azul2/tfg-villen/tfg_ws/install/pers_msgs/share/pers_msgs/hook/ld_library_path_lib.ps1'
[2.500s] INFO:colcon.colcon_core.shell:Creating environment descriptor '/home/giraff-azul2/tfg-villen/tfg_ws/install/pers_msgs/share/pers_msgs/hook/ld_library_path_lib.dsv'
[2.500s] INFO:colcon.colcon_core.shell:Creating environment hook '/home/giraff-azul2/tfg-villen/tfg_ws/install/pers_msgs/share/pers_msgs/hook/ld_library_path_lib.sh'
[2.501s] Level 1:colcon.colcon_core.environment:checking '/home/giraff-azul2/tfg-villen/tfg_ws/install/pers_msgs/bin'
[2.501s] Level 1:colcon.colcon_core.environment:checking '/home/giraff-azul2/tfg-villen/tfg_ws/install/pers_msgs/lib/pkgconfig/pers_msgs.pc'
[2.501s] Level 1:colcon.colcon_core.environment:checking '/home/giraff-azul2/tfg-villen/tfg_ws/install/pers_msgs/lib/python3.10/site-packages'
[2.501s] Level 1:colcon.colcon_core.shell:create_environment_hook('pers_msgs', 'pythonpath')
[2.503s] INFO:colcon.colcon_core.shell:Creating environment hook '/home/giraff-azul2/tfg-villen/tfg_ws/install/pers_msgs/share/pers_msgs/hook/pythonpath.ps1'
[2.504s] INFO:colcon.colcon_core.shell:Creating environment descriptor '/home/giraff-azul2/tfg-villen/tfg_ws/install/pers_msgs/share/pers_msgs/hook/pythonpath.dsv'
[2.504s] INFO:colcon.colcon_core.shell:Creating environment hook '/home/giraff-azul2/tfg-villen/tfg_ws/install/pers_msgs/share/pers_msgs/hook/pythonpath.sh'
[2.505s] Level 1:colcon.colcon_core.environment:checking '/home/giraff-azul2/tfg-villen/tfg_ws/install/pers_msgs/bin'
[2.507s] INFO:colcon.colcon_core.shell:Creating package script '/home/giraff-azul2/tfg-villen/tfg_ws/install/pers_msgs/share/pers_msgs/package.ps1'
[2.508s] INFO:colcon.colcon_core.shell:Creating package descriptor '/home/giraff-azul2/tfg-villen/tfg_ws/install/pers_msgs/share/pers_msgs/package.dsv'
[2.509s] INFO:colcon.colcon_core.shell:Creating package script '/home/giraff-azul2/tfg-villen/tfg_ws/install/pers_msgs/share/pers_msgs/package.sh'
[2.509s] INFO:colcon.colcon_core.shell:Creating package script '/home/giraff-azul2/tfg-villen/tfg_ws/install/pers_msgs/share/pers_msgs/package.bash'
[2.510s] INFO:colcon.colcon_core.shell:Creating package script '/home/giraff-azul2/tfg-villen/tfg_ws/install/pers_msgs/share/pers_msgs/package.zsh'
[2.510s] Level 1:colcon.colcon_core.environment:create_file_with_runtime_dependencies(/home/giraff-azul2/tfg-villen/tfg_ws/install/pers_msgs/share/colcon-core/packages/pers_msgs)
[2.511s] INFO:colcon.colcon_ros.task.ament_python.build:Building ROS package in '/home/giraff-azul2/tfg-villen/tfg_ws/src/fer_pkg' with build type 'ament_python'
[2.511s] Level 1:colcon.colcon_core.shell:create_environment_hook('fer_pkg', 'ament_prefix_path')
[2.513s] INFO:colcon.colcon_core.shell:Creating environment hook '/home/giraff-azul2/tfg-villen/tfg_ws/install/fer_pkg/share/fer_pkg/hook/ament_prefix_path.ps1'
[2.514s] INFO:colcon.colcon_core.shell:Creating environment descriptor '/home/giraff-azul2/tfg-villen/tfg_ws/install/fer_pkg/share/fer_pkg/hook/ament_prefix_path.dsv'
[2.515s] INFO:colcon.colcon_core.shell:Creating environment hook '/home/giraff-azul2/tfg-villen/tfg_ws/install/fer_pkg/share/fer_pkg/hook/ament_prefix_path.sh'
[2.517s] INFO:colcon.colcon_core.shell:Skip shell extension 'powershell' for command environment: Not usable outside of PowerShell
[2.517s] DEBUG:colcon.colcon_core.shell:Skip shell extension 'dsv' for command environment
[3.113s] INFO:colcon.colcon_core.task.python.build:Building Python package in '/home/giraff-azul2/tfg-villen/tfg_ws/src/fer_pkg'
[3.116s] INFO:colcon.colcon_core.shell:Skip shell extension 'powershell' for command environment: Not usable outside of PowerShell
[3.116s] DEBUG:colcon.colcon_core.shell:Skip shell extension 'dsv' for command environment
[3.972s] DEBUG:colcon.colcon_core.event_handler.log_command:Invoking command in '/home/giraff-azul2/tfg-villen/tfg_ws/src/fer_pkg': PS1=(tfg_venv) \[\e]0;\u@\h: \w\a\]${debian_chroot:+($debian_chroot)}\[\033[01;32m\]\u@\h\[\033[00m\]:\[\033[01;34m\]\w\[\033[00m\]\$ PYTHONPATH=/home/giraff-azul2/tfg-villen/tfg_ws/build/fer_pkg/prefix_override:/home/giraff-azul2/tfg-villen/tfg_ws/install/fer_pkg/lib/python3.10/site-packages:/home/giraff-azul2/tfg-villen/tfg_ws/install/pers_msgs/lib/python3.10/site-packages:/home/giraff-azul2/tfg-villen/tfg_ws/install/fer_pkg/lib/python3.10/site-packages:/opt/ros/humble/lib/python3.10/site-packages:/opt/ros/humble/local/lib/python3.10/dist-packages:/home/giraff-azul2/tfg-villen/tfg_venv/lib/python3.10/site-packages VIRTUAL_ENV_PROMPT=(tfg_venv) /usr/bin/python3 setup.py egg_info --egg-base ../../build/fer_pkg build --build-base /home/giraff-azul2/tfg-villen/tfg_ws/build/fer_pkg/build install --record /home/giraff-azul2/tfg-villen/tfg_ws/build/fer_pkg/install.log --single-version-externally-managed
[4.649s] Level 1:colcon.colcon_core.environment:checking '/home/giraff-azul2/tfg-villen/tfg_ws/install/fer_pkg' for CMake module files
[4.650s] DEBUG:colcon.colcon_core.event_handler.log_command:Invoked command in '/home/giraff-azul2/tfg-villen/tfg_ws/src/fer_pkg' returned '0': PS1=(tfg_venv) \[\e]0;\u@\h: \w\a\]${debian_chroot:+($debian_chroot)}\[\033[01;32m\]\u@\h\[\033[00m\]:\[\033[01;34m\]\w\[\033[00m\]\$ PYTHONPATH=/home/giraff-azul2/tfg-villen/tfg_ws/build/fer_pkg/prefix_override:/home/giraff-azul2/tfg-villen/tfg_ws/install/fer_pkg/lib/python3.10/site-packages:/home/giraff-azul2/tfg-villen/tfg_ws/install/pers_msgs/lib/python3.10/site-packages:/home/giraff-azul2/tfg-villen/tfg_ws/install/fer_pkg/lib/python3.10/site-packages:/opt/ros/humble/lib/python3.10/site-packages:/opt/ros/humble/local/lib/python3.10/dist-packages:/home/giraff-azul2/tfg-villen/tfg_venv/lib/python3.10/site-packages VIRTUAL_ENV_PROMPT=(tfg_venv) /usr/bin/python3 setup.py egg_info --egg-base ../../build/fer_pkg build --build-base /home/giraff-azul2/tfg-villen/tfg_ws/build/fer_pkg/build install --record /home/giraff-azul2/tfg-villen/tfg_ws/build/fer_pkg/install.log --single-version-externally-managed
[4.651s] Level 1:colcon.colcon_core.environment:checking '/home/giraff-azul2/tfg-villen/tfg_ws/install/fer_pkg' for CMake config files
[4.653s] Level 1:colcon.colcon_core.environment:checking '/home/giraff-azul2/tfg-villen/tfg_ws/install/fer_pkg/lib'
[4.653s] Level 1:colcon.colcon_core.environment:checking '/home/giraff-azul2/tfg-villen/tfg_ws/install/fer_pkg/bin'
[4.653s] Level 1:colcon.colcon_core.environment:checking '/home/giraff-azul2/tfg-villen/tfg_ws/install/fer_pkg/lib/pkgconfig/fer_pkg.pc'
[4.653s] Level 1:colcon.colcon_core.environment:checking '/home/giraff-azul2/tfg-villen/tfg_ws/install/fer_pkg/lib/python3.10/site-packages'
[4.653s] Level 1:colcon.colcon_core.shell:create_environment_hook('fer_pkg', 'pythonpath')
[4.656s] INFO:colcon.colcon_core.shell:Creating environment hook '/home/giraff-azul2/tfg-villen/tfg_ws/install/fer_pkg/share/fer_pkg/hook/pythonpath.ps1'
[4.657s] INFO:colcon.colcon_core.shell:Creating environment descriptor '/home/giraff-azul2/tfg-villen/tfg_ws/install/fer_pkg/share/fer_pkg/hook/pythonpath.dsv'
[4.657s] INFO:colcon.colcon_core.shell:Creating environment hook '/home/giraff-azul2/tfg-villen/tfg_ws/install/fer_pkg/share/fer_pkg/hook/pythonpath.sh'
[4.658s] Level 1:colcon.colcon_core.environment:checking '/home/giraff-azul2/tfg-villen/tfg_ws/install/fer_pkg/bin'
[4.658s] Level 1:colcon.colcon_core.environment:create_environment_scripts_only(fer_pkg)
[4.660s] INFO:colcon.colcon_core.shell:Creating package script '/home/giraff-azul2/tfg-villen/tfg_ws/install/fer_pkg/share/fer_pkg/package.ps1'
[4.661s] INFO:colcon.colcon_core.shell:Creating package descriptor '/home/giraff-azul2/tfg-villen/tfg_ws/install/fer_pkg/share/fer_pkg/package.dsv'
[4.661s] INFO:colcon.colcon_core.shell:Creating package script '/home/giraff-azul2/tfg-villen/tfg_ws/install/fer_pkg/share/fer_pkg/package.sh'
[4.662s] INFO:colcon.colcon_core.shell:Creating package script '/home/giraff-azul2/tfg-villen/tfg_ws/install/fer_pkg/share/fer_pkg/package.bash'
[4.663s] INFO:colcon.colcon_core.shell:Creating package script '/home/giraff-azul2/tfg-villen/tfg_ws/install/fer_pkg/share/fer_pkg/package.zsh'
[4.663s] Level 1:colcon.colcon_core.environment:create_file_with_runtime_dependencies(/home/giraff-azul2/tfg-villen/tfg_ws/install/fer_pkg/share/colcon-core/packages/fer_pkg)
[4.664s] DEBUG:colcon.colcon_parallel_executor.executor.parallel:closing loop
[4.664s] DEBUG:colcon.colcon_parallel_executor.executor.parallel:loop closed
[4.664s] DEBUG:colcon.colcon_parallel_executor.executor.parallel:run_until_complete finished with '0'
[4.664s] DEBUG:colcon.colcon_core.event_reactor:joining thread
[4.687s] INFO:colcon.colcon_core.plugin_system:Skipping extension 'colcon_notification.desktop_notification.terminal_notifier': Not used on non-Darwin systems
[4.687s] INFO:colcon.colcon_core.plugin_system:Skipping extension 'colcon_notification.desktop_notification.win32': Not used on non-Windows systems
[4.688s] INFO:colcon.colcon_notification.desktop_notification:Sending desktop notification using 'notify2'
[4.697s] DEBUG:colcon.colcon_core.event_reactor:joined thread
[4.701s] INFO:colcon.colcon_core.shell:Creating prefix script '/home/giraff-azul2/tfg-villen/tfg_ws/install/local_setup.ps1'
[4.706s] INFO:colcon.colcon_core.shell:Creating prefix util module '/home/giraff-azul2/tfg-villen/tfg_ws/install/_local_setup_util_ps1.py'
[4.711s] INFO:colcon.colcon_core.shell:Creating prefix chain script '/home/giraff-azul2/tfg-villen/tfg_ws/install/setup.ps1'
[4.717s] INFO:colcon.colcon_core.shell:Creating prefix script '/home/giraff-azul2/tfg-villen/tfg_ws/install/local_setup.sh'
[4.721s] INFO:colcon.colcon_core.shell:Creating prefix util module '/home/giraff-azul2/tfg-villen/tfg_ws/install/_local_setup_util_sh.py'
[4.723s] INFO:colcon.colcon_core.shell:Creating prefix chain script '/home/giraff-azul2/tfg-villen/tfg_ws/install/setup.sh'
[4.729s] INFO:colcon.colcon_core.shell:Creating prefix script '/home/giraff-azul2/tfg-villen/tfg_ws/install/local_setup.bash'
[4.730s] INFO:colcon.colcon_core.shell:Creating prefix chain script '/home/giraff-azul2/tfg-villen/tfg_ws/install/setup.bash'
[4.734s] INFO:colcon.colcon_core.shell:Creating prefix script '/home/giraff-azul2/tfg-villen/tfg_ws/install/local_setup.zsh'
[4.735s] INFO:colcon.colcon_core.shell:Creating prefix chain script '/home/giraff-azul2/tfg-villen/tfg_ws/install/setup.zsh'
