running egg_info
creating ../../build/fer_pkg/fer_pkg.egg-info
writing ../../build/fer_pkg/fer_pkg.egg-info/PKG-INFO
writing dependency_links to ../../build/fer_pkg/fer_pkg.egg-info/dependency_links.txt
writing entry points to ../../build/fer_pkg/fer_pkg.egg-info/entry_points.txt
writing requirements to ../../build/fer_pkg/fer_pkg.egg-info/requires.txt
writing top-level names to ../../build/fer_pkg/fer_pkg.egg-info/top_level.txt
writing manifest file '../../build/fer_pkg/fer_pkg.egg-info/SOURCES.txt'
reading manifest file '../../build/fer_pkg/fer_pkg.egg-info/SOURCES.txt'
writing manifest file '../../build/fer_pkg/fer_pkg.egg-info/SOURCES.txt'
running build
running build_py
creating /home/giraff-azul2/tfg-villen/tfg_ws/build/fer_pkg/build
creating /home/giraff-azul2/tfg-villen/tfg_ws/build/fer_pkg/build/lib
creating /home/giraff-azul2/tfg-villen/tfg_ws/build/fer_pkg/build/lib/fer_pkg
copying fer_pkg/ImagePublisher.py -> /home/giraff-azul2/tfg-villen/tfg_ws/build/fer_pkg/build/lib/fer_pkg
copying fer_pkg/__init__.py -> /home/giraff-azul2/tfg-villen/tfg_ws/build/fer_pkg/build/lib/fer_pkg
running install
/usr/lib/python3/dist-packages/setuptools/command/install.py:34: SetuptoolsDeprecationWarning: setup.py install is deprecated. Use build and pip and other standards-based tools.
  warnings.warn(
running install_lib
creating /home/giraff-azul2/tfg-villen/tfg_ws/install/fer_pkg/lib/python3.10/site-packages/fer_pkg
copying /home/giraff-azul2/tfg-villen/tfg_ws/build/fer_pkg/build/lib/fer_pkg/ImagePublisher.py -> /home/giraff-azul2/tfg-villen/tfg_ws/install/fer_pkg/lib/python3.10/site-packages/fer_pkg
copying /home/giraff-azul2/tfg-villen/tfg_ws/build/fer_pkg/build/lib/fer_pkg/__init__.py -> /home/giraff-azul2/tfg-villen/tfg_ws/install/fer_pkg/lib/python3.10/site-packages/fer_pkg
byte-compiling /home/giraff-azul2/tfg-villen/tfg_ws/install/fer_pkg/lib/python3.10/site-packages/fer_pkg/ImagePublisher.py to ImagePublisher.cpython-310.pyc
byte-compiling /home/giraff-azul2/tfg-villen/tfg_ws/install/fer_pkg/lib/python3.10/site-packages/fer_pkg/__init__.py to __init__.cpython-310.pyc
running install_data
creating /home/giraff-azul2/tfg-villen/tfg_ws/install/fer_pkg/share/ament_index
creating /home/giraff-azul2/tfg-villen/tfg_ws/install/fer_pkg/share/ament_index/resource_index
creating /home/giraff-azul2/tfg-villen/tfg_ws/install/fer_pkg/share/ament_index/resource_index/packages
copying resource/fer_pkg -> /home/giraff-azul2/tfg-villen/tfg_ws/install/fer_pkg/share/ament_index/resource_index/packages
copying package.xml -> /home/giraff-azul2/tfg-villen/tfg_ws/install/fer_pkg/share/fer_pkg
running install_egg_info
Copying ../../build/fer_pkg/fer_pkg.egg-info to /home/giraff-azul2/tfg-villen/tfg_ws/install/fer_pkg/lib/python3.10/site-packages/fer_pkg-0.0.0-py3.10.egg-info
running install_scripts
Installing ImagePublisher script to /home/giraff-azul2/tfg-villen/tfg_ws/install/fer_pkg/lib/fer_pkg
writing list of installed files to '/home/giraff-azul2/tfg-villen/tfg_ws/build/fer_pkg/install.log'
