[0.851s] Invoking command in '/home/giraff-azul2/tfg-villen/tfg_ws/src/fer_pkg': PS1=(tfg_venv) \[\e]0;\u@\h: \w\a\]${debian_chroot:+($debian_chroot)}\[\033[01;32m\]\u@\h\[\033[00m\]:\[\033[01;34m\]\w\[\033[00m\]\$ PYTHONPATH=/home/giraff-azul2/tfg-villen/tfg_ws/build/fer_pkg/prefix_override:/home/giraff-azul2/tfg-villen/tfg_ws/install/fer_pkg/lib/python3.10/site-packages:${PYTHONPATH} VIRTUAL_ENV_PROMPT=(tfg_venv) /usr/bin/python3 setup.py egg_info --egg-base ../../build/fer_pkg build --build-base /home/giraff-azul2/tfg-villen/tfg_ws/build/fer_pkg/build install --record /home/giraff-azul2/tfg-villen/tfg_ws/build/fer_pkg/install.log --single-version-externally-managed
[1.188s] running egg_info
[1.189s] creating ../../build/fer_pkg/fer_pkg.egg-info
[1.189s] writing ../../build/fer_pkg/fer_pkg.egg-info/PKG-INFO
[1.189s] writing dependency_links to ../../build/fer_pkg/fer_pkg.egg-info/dependency_links.txt
[1.189s] writing entry points to ../../build/fer_pkg/fer_pkg.egg-info/entry_points.txt
[1.189s] writing requirements to ../../build/fer_pkg/fer_pkg.egg-info/requires.txt
[1.190s] writing top-level names to ../../build/fer_pkg/fer_pkg.egg-info/top_level.txt
[1.190s] writing manifest file '../../build/fer_pkg/fer_pkg.egg-info/SOURCES.txt'
[1.192s] reading manifest file '../../build/fer_pkg/fer_pkg.egg-info/SOURCES.txt'
[1.192s] writing manifest file '../../build/fer_pkg/fer_pkg.egg-info/SOURCES.txt'
[1.193s] running build
[1.193s] running build_py
[1.193s] creating /home/giraff-azul2/tfg-villen/tfg_ws/build/fer_pkg/build
[1.193s] creating /home/giraff-azul2/tfg-villen/tfg_ws/build/fer_pkg/build/lib
[1.193s] creating /home/giraff-azul2/tfg-villen/tfg_ws/build/fer_pkg/build/lib/fer_pkg
[1.193s] copying fer_pkg/ImagePublisher.py -> /home/giraff-azul2/tfg-villen/tfg_ws/build/fer_pkg/build/lib/fer_pkg
[1.194s] copying fer_pkg/__init__.py -> /home/giraff-azul2/tfg-villen/tfg_ws/build/fer_pkg/build/lib/fer_pkg
[1.194s] running install
[1.194s] /usr/lib/python3/dist-packages/setuptools/command/install.py:34: SetuptoolsDeprecationWarning: setup.py install is deprecated. Use build and pip and other standards-based tools.
[1.194s]   warnings.warn(
[1.194s] running install_lib
[1.195s] creating /home/giraff-azul2/tfg-villen/tfg_ws/install/fer_pkg/lib/python3.10/site-packages/fer_pkg
[1.195s] copying /home/giraff-azul2/tfg-villen/tfg_ws/build/fer_pkg/build/lib/fer_pkg/ImagePublisher.py -> /home/giraff-azul2/tfg-villen/tfg_ws/install/fer_pkg/lib/python3.10/site-packages/fer_pkg
[1.195s] copying /home/giraff-azul2/tfg-villen/tfg_ws/build/fer_pkg/build/lib/fer_pkg/__init__.py -> /home/giraff-azul2/tfg-villen/tfg_ws/install/fer_pkg/lib/python3.10/site-packages/fer_pkg
[1.196s] byte-compiling /home/giraff-azul2/tfg-villen/tfg_ws/install/fer_pkg/lib/python3.10/site-packages/fer_pkg/ImagePublisher.py to ImagePublisher.cpython-310.pyc
[1.196s] byte-compiling /home/giraff-azul2/tfg-villen/tfg_ws/install/fer_pkg/lib/python3.10/site-packages/fer_pkg/__init__.py to __init__.cpython-310.pyc
[1.196s] running install_data
[1.197s] creating /home/giraff-azul2/tfg-villen/tfg_ws/install/fer_pkg/share/ament_index
[1.197s] creating /home/giraff-azul2/tfg-villen/tfg_ws/install/fer_pkg/share/ament_index/resource_index
[1.197s] creating /home/giraff-azul2/tfg-villen/tfg_ws/install/fer_pkg/share/ament_index/resource_index/packages
[1.198s] copying resource/fer_pkg -> /home/giraff-azul2/tfg-villen/tfg_ws/install/fer_pkg/share/ament_index/resource_index/packages
[1.198s] copying package.xml -> /home/giraff-azul2/tfg-villen/tfg_ws/install/fer_pkg/share/fer_pkg
[1.198s] running install_egg_info
[1.200s] Copying ../../build/fer_pkg/fer_pkg.egg-info to /home/giraff-azul2/tfg-villen/tfg_ws/install/fer_pkg/lib/python3.10/site-packages/fer_pkg-0.0.0-py3.10.egg-info
[1.201s] running install_scripts
[1.227s] Installing ImagePublisher script to /home/giraff-azul2/tfg-villen/tfg_ws/install/fer_pkg/lib/fer_pkg
[1.227s] writing list of installed files to '/home/giraff-azul2/tfg-villen/tfg_ws/build/fer_pkg/install.log'
[1.264s] Invoked command in '/home/giraff-azul2/tfg-villen/tfg_ws/src/fer_pkg' returned '0': PS1=(tfg_venv) \[\e]0;\u@\h: \w\a\]${debian_chroot:+($debian_chroot)}\[\033[01;32m\]\u@\h\[\033[00m\]:\[\033[01;34m\]\w\[\033[00m\]\$ PYTHONPATH=/home/giraff-azul2/tfg-villen/tfg_ws/build/fer_pkg/prefix_override:/home/giraff-azul2/tfg-villen/tfg_ws/install/fer_pkg/lib/python3.10/site-packages:${PYTHONPATH} VIRTUAL_ENV_PROMPT=(tfg_venv) /usr/bin/python3 setup.py egg_info --egg-base ../../build/fer_pkg build --build-base /home/giraff-azul2/tfg-villen/tfg_ws/build/fer_pkg/build install --record /home/giraff-azul2/tfg-villen/tfg_ws/build/fer_pkg/install.log --single-version-externally-managed
