[1.270s] Invoking command in '/home/giraff-azul2/tfg-villen/tfg_ws/src/fer_pkg': PYTHONPATH=/home/giraff-azul2/tfg-villen/tfg_ws/build/fer_pkg/prefix_override:/home/giraff-azul2/tfg-villen/tfg_ws/install/fer_pkg/lib/python3.10/site-packages:/home/giraff-azul2/tfg-villen/tfg_ws/install/pers_msgs/lib/python3.10/site-packages:/home/giraff-azul2/tfg-villen/tfg_ws/install/fer_pkg/lib/python3.10/site-packages:/home/giraff-azul2/mapir_ws/install/urg_node_msgs/local/lib/python3.10/dist-packages:/home/giraff-azul2/mapir_ws/build/task_manager:/home/giraff-azul2/mapir_ws/install/task_manager/lib/python3.10/site-packages:/home/giraff-azul2/mapir_ws/build/battery_manager:/home/giraff-azul2/mapir_ws/install/battery_manager/lib/python3.10/site-packages:/home/giraff-azul2/mapir_ws/install/task_manager_interfaces/local/lib/python3.10/dist-packages:/home/giraff-azul2/mapir_ws/install/patrol/local/lib/python3.10/dist-packages:/home/giraff-azul2/mapir_ws/install/giraff_interfaces/local/lib/python3.10/dist-packages:/home/giraff-azul2/mapir_ws/install/braccio/local/lib/python3.10/dist-packages:/opt/ros/humble/lib/python3.10/site-packages:/opt/ros/humble/local/lib/python3.10/dist-packages:/home/giraff-azul2/tfg-villen/tfg_venv/lib/python3.10/site-packages VIRTUAL_ENV_PROMPT=(tfg_venv) /usr/bin/python3 setup.py egg_info --egg-base ../../build/fer_pkg build --build-base /home/giraff-azul2/tfg-villen/tfg_ws/build/fer_pkg/build install --record /home/giraff-azul2/tfg-villen/tfg_ws/build/fer_pkg/install.log --single-version-externally-managed
[1.727s] running egg_info
[1.727s] writing ../../build/fer_pkg/fer_pkg.egg-info/PKG-INFO
[1.728s] writing dependency_links to ../../build/fer_pkg/fer_pkg.egg-info/dependency_links.txt
[1.729s] writing entry points to ../../build/fer_pkg/fer_pkg.egg-info/entry_points.txt
[1.729s] writing requirements to ../../build/fer_pkg/fer_pkg.egg-info/requires.txt
[1.729s] writing top-level names to ../../build/fer_pkg/fer_pkg.egg-info/top_level.txt
[1.732s] reading manifest file '../../build/fer_pkg/fer_pkg.egg-info/SOURCES.txt'
[1.733s] writing manifest file '../../build/fer_pkg/fer_pkg.egg-info/SOURCES.txt'
[1.734s] running build
[1.734s] running build_py
[1.735s] copying fer_pkg/Emotion_detector_node.py -> /home/giraff-azul2/tfg-villen/tfg_ws/build/fer_pkg/build/lib/fer_pkg
[1.735s] running install
[1.736s] /home/giraff-azul2/tfg-villen/tfg_venv/lib/python3.10/site-packages/setuptools/command/install.py:34: SetuptoolsDeprecationWarning: setup.py install is deprecated. Use build and pip and other standards-based tools.
[1.736s]   warnings.warn(
[1.736s] running install_lib
[1.739s] copying /home/giraff-azul2/tfg-villen/tfg_ws/build/fer_pkg/build/lib/fer_pkg/Emotion_detector_node.py -> /home/giraff-azul2/tfg-villen/tfg_ws/install/fer_pkg/lib/python3.10/site-packages/fer_pkg
[1.742s] byte-compiling /home/giraff-azul2/tfg-villen/tfg_ws/install/fer_pkg/lib/python3.10/site-packages/fer_pkg/Emotion_detector_node.py to Emotion_detector_node.cpython-310.pyc
[1.744s] running install_data
[1.746s] running install_egg_info
[1.748s] removing '/home/giraff-azul2/tfg-villen/tfg_ws/install/fer_pkg/lib/python3.10/site-packages/fer_pkg-0.0.0-py3.10.egg-info' (and everything under it)
[1.749s] Copying ../../build/fer_pkg/fer_pkg.egg-info to /home/giraff-azul2/tfg-villen/tfg_ws/install/fer_pkg/lib/python3.10/site-packages/fer_pkg-0.0.0-py3.10.egg-info
[1.751s] running install_scripts
[1.791s] Installing Emotion_detector_node script to /home/giraff-azul2/tfg-villen/tfg_ws/install/fer_pkg/lib/fer_pkg
[1.791s] Installing Face_detector_node script to /home/giraff-azul2/tfg-villen/tfg_ws/install/fer_pkg/lib/fer_pkg
[1.791s] Installing TelegramNode script to /home/giraff-azul2/tfg-villen/tfg_ws/install/fer_pkg/lib/fer_pkg
[1.792s] Installing my_node script to /home/giraff-azul2/tfg-villen/tfg_ws/install/fer_pkg/lib/fer_pkg
[1.792s] writing list of installed files to '/home/giraff-azul2/tfg-villen/tfg_ws/build/fer_pkg/install.log'
[1.835s] Invoked command in '/home/giraff-azul2/tfg-villen/tfg_ws/src/fer_pkg' returned '0': PYTHONPATH=/home/giraff-azul2/tfg-villen/tfg_ws/build/fer_pkg/prefix_override:/home/giraff-azul2/tfg-villen/tfg_ws/install/fer_pkg/lib/python3.10/site-packages:/home/giraff-azul2/tfg-villen/tfg_ws/install/pers_msgs/lib/python3.10/site-packages:/home/giraff-azul2/tfg-villen/tfg_ws/install/fer_pkg/lib/python3.10/site-packages:/home/giraff-azul2/mapir_ws/install/urg_node_msgs/local/lib/python3.10/dist-packages:/home/giraff-azul2/mapir_ws/build/task_manager:/home/giraff-azul2/mapir_ws/install/task_manager/lib/python3.10/site-packages:/home/giraff-azul2/mapir_ws/build/battery_manager:/home/giraff-azul2/mapir_ws/install/battery_manager/lib/python3.10/site-packages:/home/giraff-azul2/mapir_ws/install/task_manager_interfaces/local/lib/python3.10/dist-packages:/home/giraff-azul2/mapir_ws/install/patrol/local/lib/python3.10/dist-packages:/home/giraff-azul2/mapir_ws/install/giraff_interfaces/local/lib/python3.10/dist-packages:/home/giraff-azul2/mapir_ws/install/braccio/local/lib/python3.10/dist-packages:/opt/ros/humble/lib/python3.10/site-packages:/opt/ros/humble/local/lib/python3.10/dist-packages:/home/giraff-azul2/tfg-villen/tfg_venv/lib/python3.10/site-packages VIRTUAL_ENV_PROMPT=(tfg_venv) /usr/bin/python3 setup.py egg_info --egg-base ../../build/fer_pkg build --build-base /home/giraff-azul2/tfg-villen/tfg_ws/build/fer_pkg/build install --record /home/giraff-azul2/tfg-villen/tfg_ws/build/fer_pkg/install.log --single-version-externally-managed
