[0.943s] Invoking command in '/home/giraff-azul2/tfg-villen/tfg_ws/src/fer_pkg': AMENT_PREFIX_PATH=/home/giraff-azul2/tfg-villen/tfg_ws/install/pers_msgs:${AMENT_PREFIX_PATH} CMAKE_PREFIX_PATH=/home/giraff-azul2/tfg-villen/tfg_ws/install/pers_msgs LD_LIBRARY_PATH=/home/giraff-azul2/tfg-villen/tfg_ws/install/pers_msgs/lib:${LD_LIBRARY_PATH} PS1=(tfg_venv) \[\e]0;\u@\h: \w\a\]${debian_chroot:+($debian_chroot)}\[\033[01;32m\]\u@\h\[\033[00m\]:\[\033[01;34m\]\w\[\033[00m\]\$ PYTHONPATH=/home/giraff-azul2/tfg-villen/tfg_ws/build/fer_pkg/prefix_override:/home/giraff-azul2/tfg-villen/tfg_ws/install/fer_pkg/lib/python3.10/site-packages:/home/giraff-azul2/tfg-villen/tfg_ws/install/pers_msgs/lib/python3.10/site-packages:${PYTHONPATH} VIRTUAL_ENV_PROMPT=(tfg_venv) /usr/bin/python3 setup.py egg_info --egg-base ../../build/fer_pkg build --build-base /home/giraff-azul2/tfg-villen/tfg_ws/build/fer_pkg/build install --record /home/giraff-azul2/tfg-villen/tfg_ws/build/fer_pkg/install.log --single-version-externally-managed
[1.358s] running egg_info
[1.359s] writing ../../build/fer_pkg/fer_pkg.egg-info/PKG-INFO
[1.360s] writing dependency_links to ../../build/fer_pkg/fer_pkg.egg-info/dependency_links.txt
[1.360s] writing entry points to ../../build/fer_pkg/fer_pkg.egg-info/entry_points.txt
[1.361s] writing requirements to ../../build/fer_pkg/fer_pkg.egg-info/requires.txt
[1.361s] writing top-level names to ../../build/fer_pkg/fer_pkg.egg-info/top_level.txt
[1.365s] reading manifest file '../../build/fer_pkg/fer_pkg.egg-info/SOURCES.txt'
[1.367s] writing manifest file '../../build/fer_pkg/fer_pkg.egg-info/SOURCES.txt'
[1.367s] running build
[1.368s] running build_py
[1.368s] copying fer_pkg/VerboseNode.py -> /home/giraff-azul2/tfg-villen/tfg_ws/build/fer_pkg/build/lib/fer_pkg
[1.368s] copying fer_pkg/ImageSubscriberNode.py -> /home/giraff-azul2/tfg-villen/tfg_ws/build/fer_pkg/build/lib/fer_pkg
[1.368s] copying fer_pkg/TelegramNode.py -> /home/giraff-azul2/tfg-villen/tfg_ws/build/fer_pkg/build/lib/fer_pkg
[1.369s] copying fer_pkg/ImagePublisherNode.py -> /home/giraff-azul2/tfg-villen/tfg_ws/build/fer_pkg/build/lib/fer_pkg
[1.370s] running install
[1.370s] /usr/lib/python3/dist-packages/setuptools/command/install.py:34: SetuptoolsDeprecationWarning: setup.py install is deprecated. Use build and pip and other standards-based tools.
[1.370s]   warnings.warn(
[1.371s] running install_lib
[1.373s] copying /home/giraff-azul2/tfg-villen/tfg_ws/build/fer_pkg/build/lib/fer_pkg/VerboseNode.py -> /home/giraff-azul2/tfg-villen/tfg_ws/install/fer_pkg/lib/python3.10/site-packages/fer_pkg
[1.373s] copying /home/giraff-azul2/tfg-villen/tfg_ws/build/fer_pkg/build/lib/fer_pkg/ImageSubscriberNode.py -> /home/giraff-azul2/tfg-villen/tfg_ws/install/fer_pkg/lib/python3.10/site-packages/fer_pkg
[1.373s] copying /home/giraff-azul2/tfg-villen/tfg_ws/build/fer_pkg/build/lib/fer_pkg/TelegramNode.py -> /home/giraff-azul2/tfg-villen/tfg_ws/install/fer_pkg/lib/python3.10/site-packages/fer_pkg
[1.373s] copying /home/giraff-azul2/tfg-villen/tfg_ws/build/fer_pkg/build/lib/fer_pkg/ImagePublisherNode.py -> /home/giraff-azul2/tfg-villen/tfg_ws/install/fer_pkg/lib/python3.10/site-packages/fer_pkg
[1.374s] byte-compiling /home/giraff-azul2/tfg-villen/tfg_ws/install/fer_pkg/lib/python3.10/site-packages/fer_pkg/VerboseNode.py to VerboseNode.cpython-310.pyc
[1.374s] byte-compiling /home/giraff-azul2/tfg-villen/tfg_ws/install/fer_pkg/lib/python3.10/site-packages/fer_pkg/ImageSubscriberNode.py to ImageSubscriberNode.cpython-310.pyc
[1.376s] byte-compiling /home/giraff-azul2/tfg-villen/tfg_ws/install/fer_pkg/lib/python3.10/site-packages/fer_pkg/TelegramNode.py to TelegramNode.cpython-310.pyc
[1.379s] byte-compiling /home/giraff-azul2/tfg-villen/tfg_ws/install/fer_pkg/lib/python3.10/site-packages/fer_pkg/ImagePublisherNode.py to ImagePublisherNode.cpython-310.pyc
[1.381s] running install_data
[1.383s] copying package.xml -> /home/giraff-azul2/tfg-villen/tfg_ws/install/fer_pkg/share/fer_pkg
[1.383s] running install_egg_info
[1.386s] removing '/home/giraff-azul2/tfg-villen/tfg_ws/install/fer_pkg/lib/python3.10/site-packages/fer_pkg-0.0.0-py3.10.egg-info' (and everything under it)
[1.386s] Copying ../../build/fer_pkg/fer_pkg.egg-info to /home/giraff-azul2/tfg-villen/tfg_ws/install/fer_pkg/lib/python3.10/site-packages/fer_pkg-0.0.0-py3.10.egg-info
[1.388s] running install_scripts
[1.437s] Installing ImagePublisherNode script to /home/giraff-azul2/tfg-villen/tfg_ws/install/fer_pkg/lib/fer_pkg
[1.437s] Installing ImageSubscriberNode script to /home/giraff-azul2/tfg-villen/tfg_ws/install/fer_pkg/lib/fer_pkg
[1.437s] Installing TelegramNode script to /home/giraff-azul2/tfg-villen/tfg_ws/install/fer_pkg/lib/fer_pkg
[1.438s] Installing VerboseNode script to /home/giraff-azul2/tfg-villen/tfg_ws/install/fer_pkg/lib/fer_pkg
[1.438s] Installing my_node script to /home/giraff-azul2/tfg-villen/tfg_ws/install/fer_pkg/lib/fer_pkg
[1.438s] writing list of installed files to '/home/giraff-azul2/tfg-villen/tfg_ws/build/fer_pkg/install.log'
[1.516s] Invoked command in '/home/giraff-azul2/tfg-villen/tfg_ws/src/fer_pkg' returned '0': AMENT_PREFIX_PATH=/home/giraff-azul2/tfg-villen/tfg_ws/install/pers_msgs:${AMENT_PREFIX_PATH} CMAKE_PREFIX_PATH=/home/giraff-azul2/tfg-villen/tfg_ws/install/pers_msgs LD_LIBRARY_PATH=/home/giraff-azul2/tfg-villen/tfg_ws/install/pers_msgs/lib:${LD_LIBRARY_PATH} PS1=(tfg_venv) \[\e]0;\u@\h: \w\a\]${debian_chroot:+($debian_chroot)}\[\033[01;32m\]\u@\h\[\033[00m\]:\[\033[01;34m\]\w\[\033[00m\]\$ PYTHONPATH=/home/giraff-azul2/tfg-villen/tfg_ws/build/fer_pkg/prefix_override:/home/giraff-azul2/tfg-villen/tfg_ws/install/fer_pkg/lib/python3.10/site-packages:/home/giraff-azul2/tfg-villen/tfg_ws/install/pers_msgs/lib/python3.10/site-packages:${PYTHONPATH} VIRTUAL_ENV_PROMPT=(tfg_venv) /usr/bin/python3 setup.py egg_info --egg-base ../../build/fer_pkg build --build-base /home/giraff-azul2/tfg-villen/tfg_ws/build/fer_pkg/build install --record /home/giraff-azul2/tfg-villen/tfg_ws/build/fer_pkg/install.log --single-version-externally-managed
