[0.017s] Invoking command in '/home/giraff-azul2/tfg-villen/tfg_ws/build/pers_msgs': CMAKE_PREFIX_PATH=/home/giraff-azul2/tfg-villen/tfg_ws/install/fer_pkg:/opt/ros/humble PS1=(tfg_venv) \[\e]0;\u@\h: \w\a\]${debian_chroot:+($debian_chroot)}\[\033[01;32m\]\u@\h\[\033[00m\]:\[\033[01;34m\]\w\[\033[00m\]\$ VIRTUAL_ENV_PROMPT=(tfg_venv) /usr/bin/cmake /home/giraff-azul2/tfg-villen/tfg_ws/src/pers_msgs -DCMAKE_INSTALL_PREFIX=/home/giraff-azul2/tfg-villen/tfg_ws/install/pers_msgs
[0.112s] -- The C compiler identification is GNU 11.3.0
[0.192s] -- The CXX compiler identification is GNU 11.3.0
[0.202s] -- Detecting C compiler ABI info
[0.298s] -- Detecting C compiler ABI info - done
[0.309s] -- Check for working C compiler: /usr/bin/cc - skipped
[0.310s] -- Detecting C compile features
[0.310s] -- Detecting C compile features - done
[0.315s] -- Detecting CXX compiler ABI info
[0.419s] -- Detecting CXX compiler ABI info - done
[0.431s] -- Check for working CXX compiler: /usr/bin/c++ - skipped
[0.431s] -- Detecting CXX compile features
[0.432s] -- Detecting CXX compile features - done
[0.436s] -- Found ament_cmake: 1.3.4 (/opt/ros/humble/share/ament_cmake/cmake)
[0.663s] -- Found Python3: /home/giraff-azul2/tfg-villen/tfg_venv/bin/python3.10 (found version "3.10.6") found components: Interpreter 
[0.806s] -- Found sensor_msgs: 4.2.3 (/opt/ros/humble/share/sensor_msgs/cmake)
[0.858s] -- Found rosidl_generator_c: 3.1.4 (/opt/ros/humble/share/rosidl_generator_c/cmake)
[0.867s] -- Found rosidl_adapter: 3.1.4 (/opt/ros/humble/share/rosidl_adapter/cmake)
[0.881s] -- Found rosidl_generator_cpp: 3.1.4 (/opt/ros/humble/share/rosidl_generator_cpp/cmake)
[0.906s] -- Using all available rosidl_typesupport_c: rosidl_typesupport_fastrtps_c;rosidl_typesupport_introspection_c
[0.943s] -- Using all available rosidl_typesupport_cpp: rosidl_typesupport_fastrtps_cpp;rosidl_typesupport_introspection_cpp
[1.302s] -- Found rosidl_default_generators: 1.2.0 (/opt/ros/humble/share/rosidl_default_generators/cmake)
[1.456s] [31mCMake Error at /opt/ros/humble/share/rosidl_adapter/cmake/rosidl_adapt_interfaces.cmake:59 (message):
[1.457s]   execute_process(/home/giraff-azul2/tfg-villen/tfg_venv/bin/python3.10 -m
[1.457s]   rosidl_adapter --package-name pers_msgs --arguments-file
[1.457s]   /home/giraff-azul2/tfg-villen/tfg_ws/build/pers_msgs/rosidl_adapter__arguments__pers_msgs.json
[1.457s]   --output-dir
[1.457s]   /home/giraff-azul2/tfg-villen/tfg_ws/build/pers_msgs/rosidl_adapter/pers_msgs
[1.457s]   --output-file
[1.458s]   /home/giraff-azul2/tfg-villen/tfg_ws/build/pers_msgs/rosidl_adapter/pers_msgs.idls)
[1.458s]   returned error code 1:
[1.458s] 
[1.458s]   Traceback (most recent call last):
[1.458s] 
[1.458s]     File "/usr/lib/python3.10/runpy.py", line 196, in _run_module_as_main
[1.459s]       return _run_code(code, main_globals, None,
[1.459s]     File "/usr/lib/python3.10/runpy.py", line 86, in _run_code
[1.459s]       exec(code, run_globals)
[1.459s]     File "/opt/ros/humble/local/lib/python3.10/dist-packages/rosidl_adapter/__main__.py", line 19, in <module>
[1.459s]       sys.exit(main())
[1.459s]     File "/opt/ros/humble/local/lib/python3.10/dist-packages/rosidl_adapter/main.py", line 53, in main
[1.459s]       abs_idl_file = convert_to_idl(
[1.460s]     File "/opt/ros/humble/local/lib/python3.10/dist-packages/rosidl_adapter/__init__.py", line 18, in convert_to_idl
[1.460s]       from rosidl_adapter.msg import convert_msg_to_idl
[1.460s]     File "/opt/ros/humble/local/lib/python3.10/dist-packages/rosidl_adapter/msg/__init__.py", line 16, in <module>
[1.460s]       from rosidl_adapter.resource import expand_template
[1.460s]     File "/opt/ros/humble/local/lib/python3.10/dist-packages/rosidl_adapter/resource/__init__.py", line 19, in <module>
[1.460s]       import em
[1.461s] 
[1.461s]   ModuleNotFoundError: No module named 'em'
[1.461s] 
[1.461s] Call Stack (most recent call first):
[1.461s]   /opt/ros/humble/share/rosidl_cmake/cmake/rosidl_generate_interfaces.cmake:130 (rosidl_adapt_interfaces)
[1.461s]   CMakeLists.txt:17 (rosidl_generate_interfaces)
[1.461s] 
[1.462s] [0m
[1.462s] -- Configuring incomplete, errors occurred!
[1.462s] See also "/home/giraff-azul2/tfg-villen/tfg_ws/build/pers_msgs/CMakeFiles/CMakeOutput.log".
[1.467s] Invoked command in '/home/giraff-azul2/tfg-villen/tfg_ws/build/pers_msgs' returned '1': CMAKE_PREFIX_PATH=/home/giraff-azul2/tfg-villen/tfg_ws/install/fer_pkg:/opt/ros/humble PS1=(tfg_venv) \[\e]0;\u@\h: \w\a\]${debian_chroot:+($debian_chroot)}\[\033[01;32m\]\u@\h\[\033[00m\]:\[\033[01;34m\]\w\[\033[00m\]\$ VIRTUAL_ENV_PROMPT=(tfg_venv) /usr/bin/cmake /home/giraff-azul2/tfg-villen/tfg_ws/src/pers_msgs -DCMAKE_INSTALL_PREFIX=/home/giraff-azul2/tfg-villen/tfg_ws/install/pers_msgs
