[  2%] Built target pers_msgs__cpp
[ 12%] Built target pers_msgs__rosidl_generator_c
[ 12%] Built target ament_cmake_python_symlink_pers_msgs
[ 25%] Built target pers_msgs__rosidl_typesupport_c
[ 43%] Built target pers_msgs__rosidl_typesupport_fastrtps_cpp
[ 53%] Built target pers_msgs__rosidl_typesupport_introspection_cpp
[ 35%] Built target pers_msgs__rosidl_typesupport_cpp
[ 64%] Built target pers_msgs__rosidl_typesupport_introspection_c
[ 74%] Built target pers_msgs__rosidl_typesupport_fastrtps_c
[ 74%] Built target pers_msgs
[ 76%] Built target pers_msgs__py
[ 84%] Built target pers_msgs__rosidl_generator_py
[ 89%] Built target pers_msgs__rosidl_typesupport_fastrtps_c__pyext
[ 94%] Built target pers_msgs__rosidl_typesupport_introspection_c__pyext
[100%] Built target pers_msgs__rosidl_typesupport_c__pyext
running egg_info
writing pers_msgs.egg-info/PKG-INFO
writing dependency_links to pers_msgs.egg-info/dependency_links.txt
writing top-level names to pers_msgs.egg-info/top_level.txt
reading manifest file 'pers_msgs.egg-info/SOURCES.txt'
writing manifest file 'pers_msgs.egg-info/SOURCES.txt'
[100%] Built target ament_cmake_python_build_pers_msgs_egg
