[0.020s] Invoking command in '/home/giraff-azul2/tfg-villen/tfg_ws/build/pers_msgs': CMAKE_PREFIX_PATH=/home/giraff-azul2/tfg-villen/tfg_ws/install/fer_pkg:/opt/ros/humble PS1=(tfg_venv) \[\e]0;\u@\h: \w\a\]${debian_chroot:+($debian_chroot)}\[\033[01;32m\]\u@\h\[\033[00m\]:\[\033[01;34m\]\w\[\033[00m\]\$ VIRTUAL_ENV_PROMPT=(tfg_venv) /usr/bin/cmake /home/giraff-azul2/tfg-villen/tfg_ws/src/pers_msgs -DCMAKE_INSTALL_PREFIX=/home/giraff-azul2/tfg-villen/tfg_ws/install/pers_msgs
[0.036s] -- Found ament_cmake: 1.3.4 (/opt/ros/humble/share/ament_cmake/cmake)
[0.245s] -- Override CMake install command with custom implementation using symlinks instead of copying resources
[0.266s] -- Found sensor_msgs: 4.2.3 (/opt/ros/humble/share/sensor_msgs/cmake)
[0.317s] -- Found rosidl_generator_c: 3.1.4 (/opt/ros/humble/share/rosidl_generator_c/cmake)
[0.322s] -- Found rosidl_adapter: 3.1.4 (/opt/ros/humble/share/rosidl_adapter/cmake)
[0.333s] -- Found rosidl_generator_cpp: 3.1.4 (/opt/ros/humble/share/rosidl_generator_cpp/cmake)
[0.351s] -- Using all available rosidl_typesupport_c: rosidl_typesupport_fastrtps_c;rosidl_typesupport_introspection_c
[0.376s] -- Using all available rosidl_typesupport_cpp: rosidl_typesupport_fastrtps_cpp;rosidl_typesupport_introspection_cpp
[0.700s] -- Found rosidl_default_generators: 1.2.0 (/opt/ros/humble/share/rosidl_default_generators/cmake)
[1.199s] -- Found ament_cmake_ros: 0.10.0 (/opt/ros/humble/share/ament_cmake_ros/cmake)
[1.925s] -- Using all available rosidl_typesupport_c: rosidl_typesupport_fastrtps_c;rosidl_typesupport_introspection_c
[2.226s] -- Using all available rosidl_typesupport_cpp: rosidl_typesupport_fastrtps_cpp;rosidl_typesupport_introspection_cpp
[2.262s] -- Found PythonInterp: /home/giraff-azul2/tfg-villen/tfg_venv/bin/python3 (found suitable version "3.10.6", minimum required is "3.6") 
[2.266s] -- Found python_cmake_module: 0.10.0 (/opt/ros/humble/share/python_cmake_module/cmake)
[2.300s] -- Found PythonLibs: /usr/lib/x86_64-linux-gnu/libpython3.10.so (found suitable version "3.10.6", minimum required is "3.5") 
[2.300s] -- Using PYTHON_EXECUTABLE: /home/giraff-azul2/tfg-villen/tfg_venv/bin/python3
[2.301s] -- Using PYTHON_INCLUDE_DIRS: /usr/include/python3.10
[2.301s] -- Using PYTHON_LIBRARIES: /usr/lib/x86_64-linux-gnu/libpython3.10.so
[2.330s] -- Found PythonExtra: .so  
[2.451s] -- Found ament_lint_auto: 0.12.6 (/opt/ros/humble/share/ament_lint_auto/cmake)
[2.489s] -- Added test 'lint_cmake' to check CMake code style
[2.491s] -- Added test 'xmllint' to check XML markup files
[2.496s] -- Configuring done
[2.553s] -- Generating done
[2.557s] -- Build files have been written to: /home/giraff-azul2/tfg-villen/tfg_ws/build/pers_msgs
[2.566s] Invoked command in '/home/giraff-azul2/tfg-villen/tfg_ws/build/pers_msgs' returned '0': CMAKE_PREFIX_PATH=/home/giraff-azul2/tfg-villen/tfg_ws/install/fer_pkg:/opt/ros/humble PS1=(tfg_venv) \[\e]0;\u@\h: \w\a\]${debian_chroot:+($debian_chroot)}\[\033[01;32m\]\u@\h\[\033[00m\]:\[\033[01;34m\]\w\[\033[00m\]\$ VIRTUAL_ENV_PROMPT=(tfg_venv) /usr/bin/cmake /home/giraff-azul2/tfg-villen/tfg_ws/src/pers_msgs -DCMAKE_INSTALL_PREFIX=/home/giraff-azul2/tfg-villen/tfg_ws/install/pers_msgs
[2.570s] Invoking command in '/home/giraff-azul2/tfg-villen/tfg_ws/build/pers_msgs': CMAKE_PREFIX_PATH=/home/giraff-azul2/tfg-villen/tfg_ws/install/fer_pkg:/opt/ros/humble PS1=(tfg_venv) \[\e]0;\u@\h: \w\a\]${debian_chroot:+($debian_chroot)}\[\033[01;32m\]\u@\h\[\033[00m\]:\[\033[01;34m\]\w\[\033[00m\]\$ VIRTUAL_ENV_PROMPT=(tfg_venv) /usr/bin/cmake --build /home/giraff-azul2/tfg-villen/tfg_ws/build/pers_msgs -- -j8 -l8
[2.615s] [  2%] [34m[1mGenerating C code for ROS interfaces[0m
[2.625s] [  5%] [34m[1mGenerating C++ code for ROS interfaces[0m
[2.634s] [  5%] Built target ament_cmake_python_symlink_pers_msgs
[2.686s] Traceback (most recent call last):
[2.686s]   File "/opt/ros/humble/share/rosidl_generator_c/cmake/../../../lib/rosidl_generator_c/rosidl_generator_c", line 8, in <module>
[2.686s]     from rosidl_generator_c import generate_c
[2.687s]   File "/opt/ros/humble/local/lib/python3.10/dist-packages/rosidl_generator_c/__init__.py", line 15, in <module>
[2.687s]     from rosidl_cmake import convert_camel_case_to_lower_case_underscore
[2.687s]   File "/opt/ros/humble/local/lib/python3.10/dist-packages/rosidl_cmake/__init__.py", line 24, in <module>
[2.687s]     from rosidl_parser.parser import parse_idl_file
[2.687s]   File "/opt/ros/humble/local/lib/python3.10/dist-packages/rosidl_parser/parser.py", line 20, in <module>
[2.687s]     from lark import Lark
[2.688s] ModuleNotFoundError: No module named 'lark'
[2.695s] gmake[2]: *** [CMakeFiles/pers_msgs__rosidl_generator_c.dir/build.make:177: rosidl_generator_c/pers_msgs/msg/caramsg.h] Error 1
[2.696s] gmake[1]: *** [CMakeFiles/Makefile2:212: CMakeFiles/pers_msgs__rosidl_generator_c.dir/all] Error 2
[2.696s] gmake[1]: *** Waiting for unfinished jobs....
[2.696s] Traceback (most recent call last):
[2.696s]   File "/opt/ros/humble/share/rosidl_generator_cpp/cmake/../../../lib/rosidl_generator_cpp/rosidl_generator_cpp", line 8, in <module>
[2.696s]     from rosidl_generator_cpp import generate_cpp
[2.696s]   File "/opt/ros/humble/local/lib/python3.10/dist-packages/rosidl_generator_cpp/__init__.py", line 17, in <module>
[2.696s]     from rosidl_cmake import generate_files
[2.696s]   File "/opt/ros/humble/local/lib/python3.10/dist-packages/rosidl_cmake/__init__.py", line 24, in <module>
[2.696s]     from rosidl_parser.parser import parse_idl_file
[2.697s]   File "/opt/ros/humble/local/lib/python3.10/dist-packages/rosidl_parser/parser.py", line 20, in <module>
[2.697s]     from lark import Lark
[2.697s] ModuleNotFoundError: No module named 'lark'
[2.703s] gmake[2]: *** [CMakeFiles/pers_msgs__cpp.dir/build.make:185: rosidl_generator_cpp/pers_msgs/msg/caramsg.hpp] Error 1
[2.704s] gmake[1]: *** [CMakeFiles/Makefile2:265: CMakeFiles/pers_msgs__cpp.dir/all] Error 2
[2.949s] running egg_info
[2.951s] creating pers_msgs.egg-info
[2.951s] writing pers_msgs.egg-info/PKG-INFO
[2.952s] writing dependency_links to pers_msgs.egg-info/dependency_links.txt
[2.952s] writing top-level names to pers_msgs.egg-info/top_level.txt
[2.952s] writing manifest file 'pers_msgs.egg-info/SOURCES.txt'
[2.956s] reading manifest file 'pers_msgs.egg-info/SOURCES.txt'
[2.957s] writing manifest file 'pers_msgs.egg-info/SOURCES.txt'
[2.988s] [  5%] Built target ament_cmake_python_build_pers_msgs_egg
[2.990s] gmake: *** [Makefile:146: all] Error 2
[2.993s] Invoked command in '/home/giraff-azul2/tfg-villen/tfg_ws/build/pers_msgs' returned '2': CMAKE_PREFIX_PATH=/home/giraff-azul2/tfg-villen/tfg_ws/install/fer_pkg:/opt/ros/humble PS1=(tfg_venv) \[\e]0;\u@\h: \w\a\]${debian_chroot:+($debian_chroot)}\[\033[01;32m\]\u@\h\[\033[00m\]:\[\033[01;34m\]\w\[\033[00m\]\$ VIRTUAL_ENV_PROMPT=(tfg_venv) /usr/bin/cmake --build /home/giraff-azul2/tfg-villen/tfg_ws/build/pers_msgs -- -j8 -l8
