[0.024s] Invoking command in '/home/giraff-azul2/tfg-villen/tfg_ws/build/pers_msgs': CMAKE_PREFIX_PATH=${CMAKE_PREFIX_PATH}:/home/giraff-azul2/tfg-villen/tfg_ws/install/fer_pkg:/opt/ros/humble PS1=(tfg_venv) \[\e]0;\u@\h: \w\a\]${debian_chroot:+($debian_chroot)}\[\033[01;32m\]\u@\h\[\033[00m\]:\[\033[01;34m\]\w\[\033[00m\]\$ VIRTUAL_ENV_PROMPT=(tfg_venv) /home/giraff-azul2/tfg-villen/tfg_venv/bin/cmake --build /home/giraff-azul2/tfg-villen/tfg_ws/build/pers_msgs -- -j8 -l8
[0.214s] [  2%] Built target pers_msgs__cpp
[0.221s] [  2%] Built target ament_cmake_python_symlink_pers_msgs
[0.225s] [ 12%] Built target pers_msgs__rosidl_generator_c
[0.264s] [ 43%] Built target pers_msgs__rosidl_typesupport_cpp
[0.264s] [ 43%] Built target pers_msgs__rosidl_typesupport_introspection_cpp
[0.264s] [ 43%] Built target pers_msgs__rosidl_typesupport_fastrtps_cpp
[0.270s] [ 53%] Built target pers_msgs__rosidl_typesupport_c
[0.272s] [ 64%] Built target pers_msgs__rosidl_typesupport_introspection_c
[0.274s] [ 74%] Built target pers_msgs__rosidl_typesupport_fastrtps_c
[0.297s] [ 74%] Built target pers_msgs
[0.322s] [ 76%] Built target pers_msgs__py
[0.355s] [ 84%] Built target pers_msgs__rosidl_generator_py
[0.382s] [100%] Built target pers_msgs__rosidl_typesupport_c__pyext
[0.383s] [100%] Built target pers_msgs__rosidl_typesupport_fastrtps_c__pyext
[0.383s] [100%] Built target pers_msgs__rosidl_typesupport_introspection_c__pyext
[0.563s] running egg_info
[0.564s] writing pers_msgs.egg-info/PKG-INFO
[0.565s] writing dependency_links to pers_msgs.egg-info/dependency_links.txt
[0.565s] writing top-level names to pers_msgs.egg-info/top_level.txt
[0.568s] reading manifest file 'pers_msgs.egg-info/SOURCES.txt'
[0.568s] writing manifest file 'pers_msgs.egg-info/SOURCES.txt'
[0.601s] [100%] Built target ament_cmake_python_build_pers_msgs_egg
[0.619s] Invoked command in '/home/giraff-azul2/tfg-villen/tfg_ws/build/pers_msgs' returned '0': CMAKE_PREFIX_PATH=${CMAKE_PREFIX_PATH}:/home/giraff-azul2/tfg-villen/tfg_ws/install/fer_pkg:/opt/ros/humble PS1=(tfg_venv) \[\e]0;\u@\h: \w\a\]${debian_chroot:+($debian_chroot)}\[\033[01;32m\]\u@\h\[\033[00m\]:\[\033[01;34m\]\w\[\033[00m\]\$ VIRTUAL_ENV_PROMPT=(tfg_venv) /home/giraff-azul2/tfg-villen/tfg_venv/bin/cmake --build /home/giraff-azul2/tfg-villen/tfg_ws/build/pers_msgs -- -j8 -l8
[0.782s] Invoking command in '/home/giraff-azul2/tfg-villen/tfg_ws/build/pers_msgs': CMAKE_PREFIX_PATH=${CMAKE_PREFIX_PATH}:/home/giraff-azul2/tfg-villen/tfg_ws/install/fer_pkg:/opt/ros/humble PS1=(tfg_venv) \[\e]0;\u@\h: \w\a\]${debian_chroot:+($debian_chroot)}\[\033[01;32m\]\u@\h\[\033[00m\]:\[\033[01;34m\]\w\[\033[00m\]\$ VIRTUAL_ENV_PROMPT=(tfg_venv) /home/giraff-azul2/tfg-villen/tfg_venv/bin/cmake --install /home/giraff-azul2/tfg-villen/tfg_ws/build/pers_msgs
[0.815s] -- Install configuration: ""
[0.816s] -- Execute custom install script
[0.817s] -- Up-to-date symlink: /home/giraff-azul2/tfg-villen/tfg_ws/install/pers_msgs/share/ament_index/resource_index/rosidl_interfaces/pers_msgs
[0.818s] -- Up-to-date symlink: /home/giraff-azul2/tfg-villen/tfg_ws/install/pers_msgs/include/pers_msgs/pers_msgs/msg/caramsg.h
[0.819s] -- Up-to-date symlink: /home/giraff-azul2/tfg-villen/tfg_ws/install/pers_msgs/include/pers_msgs/pers_msgs/msg/detail/caramsg__functions.h
[0.819s] -- Up-to-date symlink: /home/giraff-azul2/tfg-villen/tfg_ws/install/pers_msgs/include/pers_msgs/pers_msgs/msg/detail/caramsg__struct.h
[0.820s] -- Up-to-date symlink: /home/giraff-azul2/tfg-villen/tfg_ws/install/pers_msgs/include/pers_msgs/pers_msgs/msg/detail/caramsg__type_support.h
[0.820s] -- Up-to-date symlink: /home/giraff-azul2/tfg-villen/tfg_ws/install/pers_msgs/include/pers_msgs/pers_msgs/msg/detail/nuevo_usuariomsg__functions.h
[0.820s] -- Up-to-date symlink: /home/giraff-azul2/tfg-villen/tfg_ws/install/pers_msgs/include/pers_msgs/pers_msgs/msg/detail/nuevo_usuariomsg__struct.h
[0.821s] -- Up-to-date symlink: /home/giraff-azul2/tfg-villen/tfg_ws/install/pers_msgs/include/pers_msgs/pers_msgs/msg/detail/nuevo_usuariomsg__type_support.h
[0.821s] -- Up-to-date symlink: /home/giraff-azul2/tfg-villen/tfg_ws/install/pers_msgs/include/pers_msgs/pers_msgs/msg/nuevo_usuariomsg.h
[0.821s] -- Up-to-date symlink: /home/giraff-azul2/tfg-villen/tfg_ws/install/pers_msgs/include/pers_msgs/pers_msgs/msg/rosidl_generator_c__visibility_control.h
[0.822s] -- Up-to-date symlink: /home/giraff-azul2/tfg-villen/tfg_ws/install/pers_msgs/share/pers_msgs/environment/library_path.sh
[0.823s] -- Up-to-date symlink: /home/giraff-azul2/tfg-villen/tfg_ws/install/pers_msgs/share/pers_msgs/environment/library_path.dsv
[0.824s] -- Up-to-date symlink: /home/giraff-azul2/tfg-villen/tfg_ws/install/pers_msgs/include/pers_msgs/pers_msgs/msg/detail/caramsg__rosidl_typesupport_fastrtps_c.h
[0.824s] -- Up-to-date symlink: /home/giraff-azul2/tfg-villen/tfg_ws/install/pers_msgs/include/pers_msgs/pers_msgs/msg/detail/nuevo_usuariomsg__rosidl_typesupport_fastrtps_c.h
[0.824s] -- Up-to-date symlink: /home/giraff-azul2/tfg-villen/tfg_ws/install/pers_msgs/include/pers_msgs/pers_msgs/msg/rosidl_typesupport_fastrtps_c__visibility_control.h
[0.825s] -- Up-to-date symlink: /home/giraff-azul2/tfg-villen/tfg_ws/install/pers_msgs/include/pers_msgs/pers_msgs/msg/caramsg.hpp
[0.825s] -- Up-to-date symlink: /home/giraff-azul2/tfg-villen/tfg_ws/install/pers_msgs/include/pers_msgs/pers_msgs/msg/detail/caramsg__builder.hpp
[0.826s] -- Up-to-date symlink: /home/giraff-azul2/tfg-villen/tfg_ws/install/pers_msgs/include/pers_msgs/pers_msgs/msg/detail/caramsg__struct.hpp
[0.826s] -- Up-to-date symlink: /home/giraff-azul2/tfg-villen/tfg_ws/install/pers_msgs/include/pers_msgs/pers_msgs/msg/detail/caramsg__traits.hpp
[0.826s] -- Up-to-date symlink: /home/giraff-azul2/tfg-villen/tfg_ws/install/pers_msgs/include/pers_msgs/pers_msgs/msg/detail/nuevo_usuariomsg__builder.hpp
[0.827s] -- Up-to-date symlink: /home/giraff-azul2/tfg-villen/tfg_ws/install/pers_msgs/include/pers_msgs/pers_msgs/msg/detail/nuevo_usuariomsg__struct.hpp
[0.827s] -- Up-to-date symlink: /home/giraff-azul2/tfg-villen/tfg_ws/install/pers_msgs/include/pers_msgs/pers_msgs/msg/detail/nuevo_usuariomsg__traits.hpp
[0.827s] -- Up-to-date symlink: /home/giraff-azul2/tfg-villen/tfg_ws/install/pers_msgs/include/pers_msgs/pers_msgs/msg/nuevo_usuariomsg.hpp
[0.829s] -- Up-to-date symlink: /home/giraff-azul2/tfg-villen/tfg_ws/install/pers_msgs/include/pers_msgs/pers_msgs/msg/detail/caramsg__rosidl_typesupport_fastrtps_cpp.hpp
[0.829s] -- Up-to-date symlink: /home/giraff-azul2/tfg-villen/tfg_ws/install/pers_msgs/include/pers_msgs/pers_msgs/msg/detail/nuevo_usuariomsg__rosidl_typesupport_fastrtps_cpp.hpp
[0.829s] -- Up-to-date symlink: /home/giraff-azul2/tfg-villen/tfg_ws/install/pers_msgs/include/pers_msgs/pers_msgs/msg/rosidl_typesupport_fastrtps_cpp__visibility_control.h
[0.830s] -- Up-to-date symlink: /home/giraff-azul2/tfg-villen/tfg_ws/install/pers_msgs/include/pers_msgs/pers_msgs/msg/detail/caramsg__rosidl_typesupport_introspection_c.h
[0.831s] -- Up-to-date symlink: /home/giraff-azul2/tfg-villen/tfg_ws/install/pers_msgs/include/pers_msgs/pers_msgs/msg/detail/nuevo_usuariomsg__rosidl_typesupport_introspection_c.h
[0.831s] -- Up-to-date symlink: /home/giraff-azul2/tfg-villen/tfg_ws/install/pers_msgs/include/pers_msgs/pers_msgs/msg/rosidl_typesupport_introspection_c__visibility_control.h
[0.833s] -- Up-to-date symlink: /home/giraff-azul2/tfg-villen/tfg_ws/install/pers_msgs/include/pers_msgs/pers_msgs/msg/detail/caramsg__rosidl_typesupport_introspection_cpp.hpp
[0.833s] -- Up-to-date symlink: /home/giraff-azul2/tfg-villen/tfg_ws/install/pers_msgs/include/pers_msgs/pers_msgs/msg/detail/nuevo_usuariomsg__rosidl_typesupport_introspection_cpp.hpp
[0.834s] -- Up-to-date symlink: /home/giraff-azul2/tfg-villen/tfg_ws/install/pers_msgs/share/pers_msgs/environment/pythonpath.sh
[0.834s] -- Up-to-date symlink: /home/giraff-azul2/tfg-villen/tfg_ws/install/pers_msgs/share/pers_msgs/environment/pythonpath.dsv
[0.835s] -- Up-to-date symlink: /home/giraff-azul2/tfg-villen/tfg_ws/install/pers_msgs/lib/python3.10/site-packages/pers_msgs-0.0.0-py3.10.egg-info/PKG-INFO
[0.835s] -- Up-to-date symlink: /home/giraff-azul2/tfg-villen/tfg_ws/install/pers_msgs/lib/python3.10/site-packages/pers_msgs-0.0.0-py3.10.egg-info/SOURCES.txt
[0.836s] -- Up-to-date symlink: /home/giraff-azul2/tfg-villen/tfg_ws/install/pers_msgs/lib/python3.10/site-packages/pers_msgs-0.0.0-py3.10.egg-info/dependency_links.txt
[0.836s] -- Up-to-date symlink: /home/giraff-azul2/tfg-villen/tfg_ws/install/pers_msgs/lib/python3.10/site-packages/pers_msgs-0.0.0-py3.10.egg-info/top_level.txt
[0.838s] -- Up-to-date symlink: /home/giraff-azul2/tfg-villen/tfg_ws/install/pers_msgs/lib/python3.10/site-packages/pers_msgs/__init__.py
[0.838s] -- Up-to-date symlink: /home/giraff-azul2/tfg-villen/tfg_ws/install/pers_msgs/lib/python3.10/site-packages/pers_msgs/_pers_msgs_s.ep.rosidl_typesupport_c.c
[0.839s] -- Up-to-date symlink: /home/giraff-azul2/tfg-villen/tfg_ws/install/pers_msgs/lib/python3.10/site-packages/pers_msgs/_pers_msgs_s.ep.rosidl_typesupport_fastrtps_c.c
[0.839s] -- Up-to-date symlink: /home/giraff-azul2/tfg-villen/tfg_ws/install/pers_msgs/lib/python3.10/site-packages/pers_msgs/_pers_msgs_s.ep.rosidl_typesupport_introspection_c.c
[0.840s] -- Up-to-date symlink: /home/giraff-azul2/tfg-villen/tfg_ws/install/pers_msgs/lib/python3.10/site-packages/pers_msgs/libpers_msgs__rosidl_generator_py.so
[0.840s] -- Up-to-date symlink: /home/giraff-azul2/tfg-villen/tfg_ws/install/pers_msgs/lib/python3.10/site-packages/pers_msgs/msg/__init__.py
[0.841s] -- Up-to-date symlink: /home/giraff-azul2/tfg-villen/tfg_ws/install/pers_msgs/lib/python3.10/site-packages/pers_msgs/msg/_caramsg.py
[0.841s] -- Up-to-date symlink: /home/giraff-azul2/tfg-villen/tfg_ws/install/pers_msgs/lib/python3.10/site-packages/pers_msgs/msg/_caramsg_s.c
[0.841s] -- Up-to-date symlink: /home/giraff-azul2/tfg-villen/tfg_ws/install/pers_msgs/lib/python3.10/site-packages/pers_msgs/msg/_nuevo_usuariomsg.py
[0.842s] -- Up-to-date symlink: /home/giraff-azul2/tfg-villen/tfg_ws/install/pers_msgs/lib/python3.10/site-packages/pers_msgs/msg/_nuevo_usuariomsg_s.c
[0.842s] -- Up-to-date symlink: /home/giraff-azul2/tfg-villen/tfg_ws/install/pers_msgs/lib/python3.10/site-packages/pers_msgs/pers_msgs_s__rosidl_typesupport_c.cpython-310-x86_64-linux-gnu.so
[0.843s] -- Up-to-date symlink: /home/giraff-azul2/tfg-villen/tfg_ws/install/pers_msgs/lib/python3.10/site-packages/pers_msgs/pers_msgs_s__rosidl_typesupport_fastrtps_c.cpython-310-x86_64-linux-gnu.so
[0.843s] -- Up-to-date symlink: /home/giraff-azul2/tfg-villen/tfg_ws/install/pers_msgs/lib/python3.10/site-packages/pers_msgs/pers_msgs_s__rosidl_typesupport_introspection_c.cpython-310-x86_64-linux-gnu.so
[0.844s] -- Up-to-date symlink: /home/giraff-azul2/tfg-villen/tfg_ws/install/pers_msgs/lib/python3.10/site-packages/pers_msgs/pers_msgs_s__rosidl_typesupport_fastrtps_c.cpython-310-x86_64-linux-gnu.so
[0.844s] -- Up-to-date symlink: /home/giraff-azul2/tfg-villen/tfg_ws/install/pers_msgs/lib/python3.10/site-packages/pers_msgs/pers_msgs_s__rosidl_typesupport_introspection_c.cpython-310-x86_64-linux-gnu.so
[0.845s] -- Up-to-date symlink: /home/giraff-azul2/tfg-villen/tfg_ws/install/pers_msgs/lib/python3.10/site-packages/pers_msgs/pers_msgs_s__rosidl_typesupport_c.cpython-310-x86_64-linux-gnu.so
[0.845s] -- Up-to-date symlink: /home/giraff-azul2/tfg-villen/tfg_ws/install/pers_msgs/share/pers_msgs/msg/Caramsg.idl
[0.846s] -- Up-to-date symlink: /home/giraff-azul2/tfg-villen/tfg_ws/install/pers_msgs/share/pers_msgs/msg/NuevoUsuariomsg.idl
[0.846s] -- Up-to-date symlink: /home/giraff-azul2/tfg-villen/tfg_ws/install/pers_msgs/share/pers_msgs/msg/Caramsg.msg
[0.847s] -- Up-to-date symlink: /home/giraff-azul2/tfg-villen/tfg_ws/install/pers_msgs/share/pers_msgs/msg/NuevoUsuariomsg.msg
[0.847s] -- Up-to-date symlink: /home/giraff-azul2/tfg-villen/tfg_ws/install/pers_msgs/share/ament_index/resource_index/package_run_dependencies/pers_msgs
[0.848s] -- Up-to-date symlink: /home/giraff-azul2/tfg-villen/tfg_ws/install/pers_msgs/share/ament_index/resource_index/parent_prefix_path/pers_msgs
[0.848s] -- Up-to-date symlink: /home/giraff-azul2/tfg-villen/tfg_ws/install/pers_msgs/share/pers_msgs/environment/ament_prefix_path.sh
[0.848s] -- Up-to-date symlink: /home/giraff-azul2/tfg-villen/tfg_ws/install/pers_msgs/share/pers_msgs/environment/ament_prefix_path.dsv
[0.849s] -- Up-to-date symlink: /home/giraff-azul2/tfg-villen/tfg_ws/install/pers_msgs/share/pers_msgs/environment/path.sh
[0.849s] -- Up-to-date symlink: /home/giraff-azul2/tfg-villen/tfg_ws/install/pers_msgs/share/pers_msgs/environment/path.dsv
[0.850s] -- Up-to-date symlink: /home/giraff-azul2/tfg-villen/tfg_ws/install/pers_msgs/share/pers_msgs/local_setup.bash
[0.850s] -- Up-to-date symlink: /home/giraff-azul2/tfg-villen/tfg_ws/install/pers_msgs/share/pers_msgs/local_setup.sh
[0.851s] -- Up-to-date symlink: /home/giraff-azul2/tfg-villen/tfg_ws/install/pers_msgs/share/pers_msgs/local_setup.zsh
[0.851s] -- Up-to-date symlink: /home/giraff-azul2/tfg-villen/tfg_ws/install/pers_msgs/share/pers_msgs/local_setup.dsv
[0.851s] -- Symlinking: /home/giraff-azul2/tfg-villen/tfg_ws/install/pers_msgs/share/pers_msgs/package.dsv
[0.862s] -- Up-to-date symlink: /home/giraff-azul2/tfg-villen/tfg_ws/install/pers_msgs/share/ament_index/resource_index/packages/pers_msgs
[0.862s] -- Up-to-date symlink: /home/giraff-azul2/tfg-villen/tfg_ws/install/pers_msgs/share/pers_msgs/cmake/rosidl_cmake-extras.cmake
[0.862s] -- Up-to-date symlink: /home/giraff-azul2/tfg-villen/tfg_ws/install/pers_msgs/share/pers_msgs/cmake/ament_cmake_export_dependencies-extras.cmake
[0.863s] -- Up-to-date symlink: /home/giraff-azul2/tfg-villen/tfg_ws/install/pers_msgs/share/pers_msgs/cmake/ament_cmake_export_include_directories-extras.cmake
[0.863s] -- Up-to-date symlink: /home/giraff-azul2/tfg-villen/tfg_ws/install/pers_msgs/share/pers_msgs/cmake/ament_cmake_export_libraries-extras.cmake
[0.864s] -- Up-to-date symlink: /home/giraff-azul2/tfg-villen/tfg_ws/install/pers_msgs/share/pers_msgs/cmake/ament_cmake_export_targets-extras.cmake
[0.864s] -- Up-to-date symlink: /home/giraff-azul2/tfg-villen/tfg_ws/install/pers_msgs/share/pers_msgs/cmake/rosidl_cmake_export_typesupport_targets-extras.cmake
[0.864s] -- Up-to-date symlink: /home/giraff-azul2/tfg-villen/tfg_ws/install/pers_msgs/share/pers_msgs/cmake/rosidl_cmake_export_typesupport_libraries-extras.cmake
[0.865s] -- Up-to-date symlink: /home/giraff-azul2/tfg-villen/tfg_ws/install/pers_msgs/share/pers_msgs/cmake/pers_msgsConfig.cmake
[0.865s] -- Up-to-date symlink: /home/giraff-azul2/tfg-villen/tfg_ws/install/pers_msgs/share/pers_msgs/cmake/pers_msgsConfig-version.cmake
[0.866s] -- Up-to-date symlink: /home/giraff-azul2/tfg-villen/tfg_ws/install/pers_msgs/share/pers_msgs/package.xml
[0.867s] -- Up-to-date: /home/giraff-azul2/tfg-villen/tfg_ws/install/pers_msgs/lib/libpers_msgs__rosidl_generator_c.so
[0.868s] -- Up-to-date: /home/giraff-azul2/tfg-villen/tfg_ws/install/pers_msgs/lib/libpers_msgs__rosidl_typesupport_fastrtps_c.so
[0.869s] -- Up-to-date: /home/giraff-azul2/tfg-villen/tfg_ws/install/pers_msgs/lib/libpers_msgs__rosidl_typesupport_fastrtps_cpp.so
[0.870s] -- Up-to-date: /home/giraff-azul2/tfg-villen/tfg_ws/install/pers_msgs/lib/libpers_msgs__rosidl_typesupport_introspection_c.so
[0.871s] -- Up-to-date: /home/giraff-azul2/tfg-villen/tfg_ws/install/pers_msgs/lib/libpers_msgs__rosidl_typesupport_c.so
[0.872s] -- Up-to-date: /home/giraff-azul2/tfg-villen/tfg_ws/install/pers_msgs/lib/libpers_msgs__rosidl_typesupport_introspection_cpp.so
[0.873s] -- Up-to-date: /home/giraff-azul2/tfg-villen/tfg_ws/install/pers_msgs/lib/libpers_msgs__rosidl_typesupport_cpp.so
[0.914s] Listing '/home/giraff-azul2/tfg-villen/tfg_ws/install/pers_msgs/lib/python3.10/site-packages/pers_msgs'...
[0.914s] Listing '/home/giraff-azul2/tfg-villen/tfg_ws/install/pers_msgs/lib/python3.10/site-packages/pers_msgs/msg'...
[0.919s] -- Up-to-date: /home/giraff-azul2/tfg-villen/tfg_ws/install/pers_msgs/lib/libpers_msgs__rosidl_generator_py.so
[0.921s] -- Up-to-date: /home/giraff-azul2/tfg-villen/tfg_ws/install/pers_msgs/share/pers_msgs/cmake/export_pers_msgs__rosidl_generator_cExport.cmake
[0.921s] -- Up-to-date: /home/giraff-azul2/tfg-villen/tfg_ws/install/pers_msgs/share/pers_msgs/cmake/export_pers_msgs__rosidl_generator_cExport-noconfig.cmake
[0.922s] -- Up-to-date: /home/giraff-azul2/tfg-villen/tfg_ws/install/pers_msgs/share/pers_msgs/cmake/export_pers_msgs__rosidl_typesupport_fastrtps_cExport.cmake
[0.922s] -- Up-to-date: /home/giraff-azul2/tfg-villen/tfg_ws/install/pers_msgs/share/pers_msgs/cmake/export_pers_msgs__rosidl_typesupport_fastrtps_cExport-noconfig.cmake
[0.922s] -- Up-to-date: /home/giraff-azul2/tfg-villen/tfg_ws/install/pers_msgs/share/pers_msgs/cmake/export_pers_msgs__rosidl_generator_cppExport.cmake
[0.923s] -- Up-to-date: /home/giraff-azul2/tfg-villen/tfg_ws/install/pers_msgs/share/pers_msgs/cmake/export_pers_msgs__rosidl_typesupport_fastrtps_cppExport.cmake
[0.923s] -- Up-to-date: /home/giraff-azul2/tfg-villen/tfg_ws/install/pers_msgs/share/pers_msgs/cmake/export_pers_msgs__rosidl_typesupport_fastrtps_cppExport-noconfig.cmake
[0.923s] -- Up-to-date: /home/giraff-azul2/tfg-villen/tfg_ws/install/pers_msgs/share/pers_msgs/cmake/pers_msgs__rosidl_typesupport_introspection_cExport.cmake
[0.923s] -- Up-to-date: /home/giraff-azul2/tfg-villen/tfg_ws/install/pers_msgs/share/pers_msgs/cmake/pers_msgs__rosidl_typesupport_introspection_cExport-noconfig.cmake
[0.924s] -- Up-to-date: /home/giraff-azul2/tfg-villen/tfg_ws/install/pers_msgs/share/pers_msgs/cmake/pers_msgs__rosidl_typesupport_cExport.cmake
[0.924s] -- Up-to-date: /home/giraff-azul2/tfg-villen/tfg_ws/install/pers_msgs/share/pers_msgs/cmake/pers_msgs__rosidl_typesupport_cExport-noconfig.cmake
[0.925s] -- Up-to-date: /home/giraff-azul2/tfg-villen/tfg_ws/install/pers_msgs/share/pers_msgs/cmake/pers_msgs__rosidl_typesupport_introspection_cppExport.cmake
[0.925s] -- Up-to-date: /home/giraff-azul2/tfg-villen/tfg_ws/install/pers_msgs/share/pers_msgs/cmake/pers_msgs__rosidl_typesupport_introspection_cppExport-noconfig.cmake
[0.925s] -- Up-to-date: /home/giraff-azul2/tfg-villen/tfg_ws/install/pers_msgs/share/pers_msgs/cmake/pers_msgs__rosidl_typesupport_cppExport.cmake
[0.925s] -- Up-to-date: /home/giraff-azul2/tfg-villen/tfg_ws/install/pers_msgs/share/pers_msgs/cmake/pers_msgs__rosidl_typesupport_cppExport-noconfig.cmake
[0.926s] -- Up-to-date: /home/giraff-azul2/tfg-villen/tfg_ws/install/pers_msgs/share/pers_msgs/cmake/export_pers_msgs__rosidl_generator_pyExport.cmake
[0.926s] -- Up-to-date: /home/giraff-azul2/tfg-villen/tfg_ws/install/pers_msgs/share/pers_msgs/cmake/export_pers_msgs__rosidl_generator_pyExport-noconfig.cmake
[0.939s] Invoked command in '/home/giraff-azul2/tfg-villen/tfg_ws/build/pers_msgs' returned '0': CMAKE_PREFIX_PATH=${CMAKE_PREFIX_PATH}:/home/giraff-azul2/tfg-villen/tfg_ws/install/fer_pkg:/opt/ros/humble PS1=(tfg_venv) \[\e]0;\u@\h: \w\a\]${debian_chroot:+($debian_chroot)}\[\033[01;32m\]\u@\h\[\033[00m\]:\[\033[01;34m\]\w\[\033[00m\]\$ VIRTUAL_ENV_PROMPT=(tfg_venv) /home/giraff-azul2/tfg-villen/tfg_venv/bin/cmake --install /home/giraff-azul2/tfg-villen/tfg_ws/build/pers_msgs
