[0.511s] DEBUG:colcon:Command line arguments: ['/usr/bin/colcon', 'build']
[0.512s] DEBUG:colcon:Parsed command line arguments: Namespace(log_base=None, log_level=None, verb_name='build', build_base='build', install_base='install', merge_install=False, symlink_install=False, test_result_base=None, continue_on_error=False, executor='parallel', parallel_workers=8, event_handlers=None, ignore_user_meta=False, metas=['./colcon.meta'], base_paths=['.'], packages_ignore=None, packages_ignore_regex=None, paths=None, packages_up_to=None, packages_up_to_regex=None, packages_above=None, packages_above_and_dependencies=None, packages_above_depth=None, packages_select_by_dep=None, packages_skip_by_dep=None, packages_skip_up_to=None, packages_select_build_failed=False, packages_skip_build_finished=False, packages_select_test_failures=False, packages_skip_test_passed=False, packages_select=None, packages_skip=None, packages_select_regex=None, packages_skip_regex=None, packages_start=None, packages_end=None, allow_overriding=[], cmake_args=None, cmake_target=None, cmake_target_skip_unavailable=False, cmake_clean_cache=False, cmake_clean_first=False, cmake_force_configure=False, ament_cmake_args=None, catkin_cmake_args=None, catkin_skip_building_tests=False, verb_parser=<colcon_defaults.argument_parser.defaults.DefaultArgumentsDecorator object at 0x7f7b96520880>, verb_extension=<colcon_core.verb.build.BuildVerb object at 0x7f7b96f4ca30>, main=<bound method BuildVerb.main of <colcon_core.verb.build.BuildVerb object at 0x7f7b96f4ca30>>)
[0.545s] Level 1:colcon.colcon_core.package_discovery:discover_packages(colcon_meta) check parameters
[0.545s] Level 1:colcon.colcon_core.package_discovery:discover_packages(recursive) check parameters
[0.545s] Level 1:colcon.colcon_core.package_discovery:discover_packages(ignore) check parameters
[0.545s] Level 1:colcon.colcon_core.package_discovery:discover_packages(path) check parameters
[0.545s] Level 1:colcon.colcon_core.package_discovery:discover_packages(colcon_meta) discover
[0.545s] Level 1:colcon.colcon_core.package_discovery:discover_packages(recursive) discover
[0.545s] INFO:colcon.colcon_core.package_discovery:Crawling recursively for packages in '/home/giraff-azul2/tfg-villen/tfg_ws'
[0.545s] Level 1:colcon.colcon_core.package_identification:_identify(.) by extensions ['ignore', 'ignore_ament_install']
[0.545s] Level 1:colcon.colcon_core.package_identification:_identify(.) by extension 'ignore'
[0.546s] Level 1:colcon.colcon_core.package_identification:_identify(.) by extension 'ignore_ament_install'
[0.546s] Level 1:colcon.colcon_core.package_identification:_identify(.) by extensions ['colcon_pkg']
[0.546s] Level 1:colcon.colcon_core.package_identification:_identify(.) by extension 'colcon_pkg'
[0.546s] Level 1:colcon.colcon_core.package_identification:_identify(.) by extensions ['colcon_meta']
[0.546s] Level 1:colcon.colcon_core.package_identification:_identify(.) by extension 'colcon_meta'
[0.546s] Level 1:colcon.colcon_core.package_identification:_identify(.) by extensions ['ros']
[0.546s] Level 1:colcon.colcon_core.package_identification:_identify(.) by extension 'ros'
[0.575s] Level 1:colcon.colcon_core.package_identification:_identify(.) by extensions ['cmake', 'python']
[0.575s] Level 1:colcon.colcon_core.package_identification:_identify(.) by extension 'cmake'
[0.575s] Level 1:colcon.colcon_core.package_identification:_identify(.) by extension 'python'
[0.575s] Level 1:colcon.colcon_core.package_identification:_identify(.) by extensions ['python_setup_py']
[0.575s] Level 1:colcon.colcon_core.package_identification:_identify(.) by extension 'python_setup_py'
[0.575s] Level 1:colcon.colcon_core.package_identification:_identify(build) by extensions ['ignore', 'ignore_ament_install']
[0.575s] Level 1:colcon.colcon_core.package_identification:_identify(build) by extension 'ignore'
[0.575s] Level 1:colcon.colcon_core.package_identification:_identify(build) ignored
[0.576s] Level 1:colcon.colcon_core.package_identification:_identify(install) by extensions ['ignore', 'ignore_ament_install']
[0.576s] Level 1:colcon.colcon_core.package_identification:_identify(install) by extension 'ignore'
[0.576s] Level 1:colcon.colcon_core.package_identification:_identify(install) ignored
[0.576s] Level 1:colcon.colcon_core.package_identification:_identify(log) by extensions ['ignore', 'ignore_ament_install']
[0.576s] Level 1:colcon.colcon_core.package_identification:_identify(log) by extension 'ignore'
[0.576s] Level 1:colcon.colcon_core.package_identification:_identify(log) ignored
[0.576s] Level 1:colcon.colcon_core.package_identification:_identify(src) by extensions ['ignore', 'ignore_ament_install']
[0.576s] Level 1:colcon.colcon_core.package_identification:_identify(src) by extension 'ignore'
[0.577s] Level 1:colcon.colcon_core.package_identification:_identify(src) by extension 'ignore_ament_install'
[0.577s] Level 1:colcon.colcon_core.package_identification:_identify(src) by extensions ['colcon_pkg']
[0.577s] Level 1:colcon.colcon_core.package_identification:_identify(src) by extension 'colcon_pkg'
[0.577s] Level 1:colcon.colcon_core.package_identification:_identify(src) by extensions ['colcon_meta']
[0.577s] Level 1:colcon.colcon_core.package_identification:_identify(src) by extension 'colcon_meta'
[0.577s] Level 1:colcon.colcon_core.package_identification:_identify(src) by extensions ['ros']
[0.577s] Level 1:colcon.colcon_core.package_identification:_identify(src) by extension 'ros'
[0.577s] Level 1:colcon.colcon_core.package_identification:_identify(src) by extensions ['cmake', 'python']
[0.577s] Level 1:colcon.colcon_core.package_identification:_identify(src) by extension 'cmake'
[0.577s] Level 1:colcon.colcon_core.package_identification:_identify(src) by extension 'python'
[0.577s] Level 1:colcon.colcon_core.package_identification:_identify(src) by extensions ['python_setup_py']
[0.577s] Level 1:colcon.colcon_core.package_identification:_identify(src) by extension 'python_setup_py'
[0.577s] Level 1:colcon.colcon_core.package_identification:_identify(src/fer_pkg) by extensions ['ignore', 'ignore_ament_install']
[0.578s] Level 1:colcon.colcon_core.package_identification:_identify(src/fer_pkg) by extension 'ignore'
[0.578s] Level 1:colcon.colcon_core.package_identification:_identify(src/fer_pkg) by extension 'ignore_ament_install'
[0.578s] Level 1:colcon.colcon_core.package_identification:_identify(src/fer_pkg) by extensions ['colcon_pkg']
[0.578s] Level 1:colcon.colcon_core.package_identification:_identify(src/fer_pkg) by extension 'colcon_pkg'
[0.578s] Level 1:colcon.colcon_core.package_identification:_identify(src/fer_pkg) by extensions ['colcon_meta']
[0.578s] Level 1:colcon.colcon_core.package_identification:_identify(src/fer_pkg) by extension 'colcon_meta'
[0.578s] Level 1:colcon.colcon_core.package_identification:_identify(src/fer_pkg) by extensions ['ros']
[0.578s] Level 1:colcon.colcon_core.package_identification:_identify(src/fer_pkg) by extension 'ros'
[0.581s] DEBUG:colcon.colcon_core.package_identification:Package 'src/fer_pkg' with type 'ros.ament_python' and name 'fer_pkg'
[0.581s] Level 1:colcon.colcon_core.package_identification:_identify(src/pers_msgs) by extensions ['ignore', 'ignore_ament_install']
[0.581s] Level 1:colcon.colcon_core.package_identification:_identify(src/pers_msgs) by extension 'ignore'
[0.582s] Level 1:colcon.colcon_core.package_identification:_identify(src/pers_msgs) by extension 'ignore_ament_install'
[0.582s] Level 1:colcon.colcon_core.package_identification:_identify(src/pers_msgs) by extensions ['colcon_pkg']
[0.582s] Level 1:colcon.colcon_core.package_identification:_identify(src/pers_msgs) by extension 'colcon_pkg'
[0.582s] Level 1:colcon.colcon_core.package_identification:_identify(src/pers_msgs) by extensions ['colcon_meta']
[0.582s] Level 1:colcon.colcon_core.package_identification:_identify(src/pers_msgs) by extension 'colcon_meta'
[0.582s] Level 1:colcon.colcon_core.package_identification:_identify(src/pers_msgs) by extensions ['ros']
[0.582s] Level 1:colcon.colcon_core.package_identification:_identify(src/pers_msgs) by extension 'ros'
[0.583s] DEBUG:colcon.colcon_core.package_identification:Package 'src/pers_msgs' with type 'ros.ament_cmake' and name 'pers_msgs'
[0.583s] Level 1:colcon.colcon_core.package_discovery:discover_packages(recursive) using defaults
[0.583s] Level 1:colcon.colcon_core.package_discovery:discover_packages(ignore) discover
[0.583s] Level 1:colcon.colcon_core.package_discovery:discover_packages(ignore) using defaults
[0.583s] Level 1:colcon.colcon_core.package_discovery:discover_packages(path) discover
[0.583s] Level 1:colcon.colcon_core.package_discovery:discover_packages(path) using defaults
[0.614s] Level 1:colcon.colcon_core.package_discovery:discover_packages(prefix_path) check parameters
[0.614s] Level 1:colcon.colcon_core.package_discovery:discover_packages(prefix_path) discover
[0.618s] DEBUG:colcon.colcon_installed_package_information.package_discovery:Found 3 installed packages in /home/giraff-azul2/tfg-villen/tfg_ws/install
[0.620s] DEBUG:colcon.colcon_installed_package_information.package_discovery:Found 291 installed packages in /opt/ros/humble
[0.623s] Level 1:colcon.colcon_core.package_discovery:discover_packages(prefix_path) using defaults
[0.718s] Level 5:colcon.colcon_core.verb:set package 'pers_msgs' build argument 'cmake_args' from command line to 'None'
[0.718s] Level 5:colcon.colcon_core.verb:set package 'pers_msgs' build argument 'cmake_target' from command line to 'None'
[0.718s] Level 5:colcon.colcon_core.verb:set package 'pers_msgs' build argument 'cmake_target_skip_unavailable' from command line to 'False'
[0.718s] Level 5:colcon.colcon_core.verb:set package 'pers_msgs' build argument 'cmake_clean_cache' from command line to 'False'
[0.718s] Level 5:colcon.colcon_core.verb:set package 'pers_msgs' build argument 'cmake_clean_first' from command line to 'False'
[0.718s] Level 5:colcon.colcon_core.verb:set package 'pers_msgs' build argument 'cmake_force_configure' from command line to 'False'
[0.718s] Level 5:colcon.colcon_core.verb:set package 'pers_msgs' build argument 'ament_cmake_args' from command line to 'None'
[0.719s] Level 5:colcon.colcon_core.verb:set package 'pers_msgs' build argument 'catkin_cmake_args' from command line to 'None'
[0.719s] Level 5:colcon.colcon_core.verb:set package 'pers_msgs' build argument 'catkin_skip_building_tests' from command line to 'False'
[0.719s] DEBUG:colcon.colcon_core.verb:Building package 'pers_msgs' with the following arguments: {'ament_cmake_args': None, 'build_base': '/home/giraff-azul2/tfg-villen/tfg_ws/build/pers_msgs', 'catkin_cmake_args': None, 'catkin_skip_building_tests': False, 'cmake_args': None, 'cmake_clean_cache': False, 'cmake_clean_first': False, 'cmake_force_configure': False, 'cmake_target': None, 'cmake_target_skip_unavailable': False, 'install_base': '/home/giraff-azul2/tfg-villen/tfg_ws/install/pers_msgs', 'merge_install': False, 'path': '/home/giraff-azul2/tfg-villen/tfg_ws/src/pers_msgs', 'symlink_install': False, 'test_result_base': None}
[0.720s] Level 5:colcon.colcon_core.verb:set package 'fer_pkg' build argument 'cmake_args' from command line to 'None'
[0.720s] Level 5:colcon.colcon_core.verb:set package 'fer_pkg' build argument 'cmake_target' from command line to 'None'
[0.720s] Level 5:colcon.colcon_core.verb:set package 'fer_pkg' build argument 'cmake_target_skip_unavailable' from command line to 'False'
[0.720s] Level 5:colcon.colcon_core.verb:set package 'fer_pkg' build argument 'cmake_clean_cache' from command line to 'False'
[0.720s] Level 5:colcon.colcon_core.verb:set package 'fer_pkg' build argument 'cmake_clean_first' from command line to 'False'
[0.720s] Level 5:colcon.colcon_core.verb:set package 'fer_pkg' build argument 'cmake_force_configure' from command line to 'False'
[0.720s] Level 5:colcon.colcon_core.verb:set package 'fer_pkg' build argument 'ament_cmake_args' from command line to 'None'
[0.721s] Level 5:colcon.colcon_core.verb:set package 'fer_pkg' build argument 'catkin_cmake_args' from command line to 'None'
[0.721s] Level 5:colcon.colcon_core.verb:set package 'fer_pkg' build argument 'catkin_skip_building_tests' from command line to 'False'
[0.721s] DEBUG:colcon.colcon_core.verb:Building package 'fer_pkg' with the following arguments: {'ament_cmake_args': None, 'build_base': '/home/giraff-azul2/tfg-villen/tfg_ws/build/fer_pkg', 'catkin_cmake_args': None, 'catkin_skip_building_tests': False, 'cmake_args': None, 'cmake_clean_cache': False, 'cmake_clean_first': False, 'cmake_force_configure': False, 'cmake_target': None, 'cmake_target_skip_unavailable': False, 'install_base': '/home/giraff-azul2/tfg-villen/tfg_ws/install/fer_pkg', 'merge_install': False, 'path': '/home/giraff-azul2/tfg-villen/tfg_ws/src/fer_pkg', 'symlink_install': False, 'test_result_base': None}
[0.722s] INFO:colcon.colcon_core.executor:Executing jobs using 'parallel' executor
[0.727s] DEBUG:colcon.colcon_parallel_executor.executor.parallel:run_until_complete
[0.727s] INFO:colcon.colcon_ros.task.ament_cmake.build:Building ROS package in '/home/giraff-azul2/tfg-villen/tfg_ws/src/pers_msgs' with build type 'ament_cmake'
[0.727s] INFO:colcon.colcon_cmake.task.cmake.build:Building CMake package in '/home/giraff-azul2/tfg-villen/tfg_ws/src/pers_msgs'
[0.734s] INFO:colcon.colcon_core.plugin_system:Skipping extension 'colcon_core.shell.bat': Not used on non-Windows systems
[0.734s] INFO:colcon.colcon_core.shell:Skip shell extension 'powershell' for command environment: Not usable outside of PowerShell
[0.734s] DEBUG:colcon.colcon_core.shell:Skip shell extension 'dsv' for command environment
[0.747s] DEBUG:colcon.colcon_core.event_handler.log_command:Invoking command in '/home/giraff-azul2/tfg-villen/tfg_ws/build/pers_msgs': CMAKE_PREFIX_PATH=${CMAKE_PREFIX_PATH}:/home/giraff-azul2/tfg-villen/tfg_ws/install/fer_pkg:/opt/ros/humble PS1=(tfg_venv) \[\e]0;\u@\h: \w\a\]${debian_chroot:+($debian_chroot)}\[\033[01;32m\]\u@\h\[\033[00m\]:\[\033[01;34m\]\w\[\033[00m\]\$ VIRTUAL_ENV_PROMPT=(tfg_venv) /home/giraff-azul2/tfg-villen/tfg_venv/bin/cmake --build /home/giraff-azul2/tfg-villen/tfg_ws/build/pers_msgs -- -j8 -l8
[9.321s] DEBUG:colcon.colcon_core.event_handler.log_command:Invoked command in '/home/giraff-azul2/tfg-villen/tfg_ws/build/pers_msgs' returned '0': CMAKE_PREFIX_PATH=${CMAKE_PREFIX_PATH}:/home/giraff-azul2/tfg-villen/tfg_ws/install/fer_pkg:/opt/ros/humble PS1=(tfg_venv) \[\e]0;\u@\h: \w\a\]${debian_chroot:+($debian_chroot)}\[\033[01;32m\]\u@\h\[\033[00m\]:\[\033[01;34m\]\w\[\033[00m\]\$ VIRTUAL_ENV_PROMPT=(tfg_venv) /home/giraff-azul2/tfg-villen/tfg_venv/bin/cmake --build /home/giraff-azul2/tfg-villen/tfg_ws/build/pers_msgs -- -j8 -l8
[9.539s] DEBUG:colcon.colcon_core.event_handler.log_command:Invoking command in '/home/giraff-azul2/tfg-villen/tfg_ws/build/pers_msgs': CMAKE_PREFIX_PATH=${CMAKE_PREFIX_PATH}:/home/giraff-azul2/tfg-villen/tfg_ws/install/fer_pkg:/opt/ros/humble PS1=(tfg_venv) \[\e]0;\u@\h: \w\a\]${debian_chroot:+($debian_chroot)}\[\033[01;32m\]\u@\h\[\033[00m\]:\[\033[01;34m\]\w\[\033[00m\]\$ VIRTUAL_ENV_PROMPT=(tfg_venv) /home/giraff-azul2/tfg-villen/tfg_venv/bin/cmake --install /home/giraff-azul2/tfg-villen/tfg_ws/build/pers_msgs
[10.193s] Level 1:colcon.colcon_core.environment:create_environment_scripts_only(pers_msgs)
[10.196s] DEBUG:colcon.colcon_core.event_handler.log_command:Invoked command in '/home/giraff-azul2/tfg-villen/tfg_ws/build/pers_msgs' returned '0': CMAKE_PREFIX_PATH=${CMAKE_PREFIX_PATH}:/home/giraff-azul2/tfg-villen/tfg_ws/install/fer_pkg:/opt/ros/humble PS1=(tfg_venv) \[\e]0;\u@\h: \w\a\]${debian_chroot:+($debian_chroot)}\[\033[01;32m\]\u@\h\[\033[00m\]:\[\033[01;34m\]\w\[\033[00m\]\$ VIRTUAL_ENV_PROMPT=(tfg_venv) /home/giraff-azul2/tfg-villen/tfg_venv/bin/cmake --install /home/giraff-azul2/tfg-villen/tfg_ws/build/pers_msgs
[10.205s] Level 1:colcon.colcon_core.environment:checking '/home/giraff-azul2/tfg-villen/tfg_ws/install/pers_msgs' for CMake module files
[10.206s] Level 1:colcon.colcon_core.environment:checking '/home/giraff-azul2/tfg-villen/tfg_ws/install/pers_msgs' for CMake config files
[10.207s] Level 1:colcon.colcon_core.shell:create_environment_hook('pers_msgs', 'cmake_prefix_path')
[10.209s] INFO:colcon.colcon_core.shell:Creating environment hook '/home/giraff-azul2/tfg-villen/tfg_ws/install/pers_msgs/share/pers_msgs/hook/cmake_prefix_path.ps1'
[10.210s] INFO:colcon.colcon_core.shell:Creating environment descriptor '/home/giraff-azul2/tfg-villen/tfg_ws/install/pers_msgs/share/pers_msgs/hook/cmake_prefix_path.dsv'
[10.211s] INFO:colcon.colcon_core.shell:Creating environment hook '/home/giraff-azul2/tfg-villen/tfg_ws/install/pers_msgs/share/pers_msgs/hook/cmake_prefix_path.sh'
[10.212s] Level 1:colcon.colcon_core.environment:checking '/home/giraff-azul2/tfg-villen/tfg_ws/install/pers_msgs/lib'
[10.212s] Level 1:colcon.colcon_core.shell:create_environment_hook('pers_msgs', 'ld_library_path_lib')
[10.214s] INFO:colcon.colcon_core.shell:Creating environment hook '/home/giraff-azul2/tfg-villen/tfg_ws/install/pers_msgs/share/pers_msgs/hook/ld_library_path_lib.ps1'
[10.215s] INFO:colcon.colcon_core.shell:Creating environment descriptor '/home/giraff-azul2/tfg-villen/tfg_ws/install/pers_msgs/share/pers_msgs/hook/ld_library_path_lib.dsv'
[10.215s] INFO:colcon.colcon_core.shell:Creating environment hook '/home/giraff-azul2/tfg-villen/tfg_ws/install/pers_msgs/share/pers_msgs/hook/ld_library_path_lib.sh'
[10.216s] Level 1:colcon.colcon_core.environment:checking '/home/giraff-azul2/tfg-villen/tfg_ws/install/pers_msgs/bin'
[10.216s] Level 1:colcon.colcon_core.environment:checking '/home/giraff-azul2/tfg-villen/tfg_ws/install/pers_msgs/lib/pkgconfig/pers_msgs.pc'
[10.216s] Level 1:colcon.colcon_core.environment:checking '/home/giraff-azul2/tfg-villen/tfg_ws/install/pers_msgs/lib/python3.10/site-packages'
[10.217s] Level 1:colcon.colcon_core.shell:create_environment_hook('pers_msgs', 'pythonpath')
[10.219s] INFO:colcon.colcon_core.shell:Creating environment hook '/home/giraff-azul2/tfg-villen/tfg_ws/install/pers_msgs/share/pers_msgs/hook/pythonpath.ps1'
[10.219s] INFO:colcon.colcon_core.shell:Creating environment descriptor '/home/giraff-azul2/tfg-villen/tfg_ws/install/pers_msgs/share/pers_msgs/hook/pythonpath.dsv'
[10.220s] INFO:colcon.colcon_core.shell:Creating environment hook '/home/giraff-azul2/tfg-villen/tfg_ws/install/pers_msgs/share/pers_msgs/hook/pythonpath.sh'
[10.221s] Level 1:colcon.colcon_core.environment:checking '/home/giraff-azul2/tfg-villen/tfg_ws/install/pers_msgs/bin'
[10.224s] INFO:colcon.colcon_core.shell:Creating package script '/home/giraff-azul2/tfg-villen/tfg_ws/install/pers_msgs/share/pers_msgs/package.ps1'
[10.226s] INFO:colcon.colcon_core.shell:Creating package descriptor '/home/giraff-azul2/tfg-villen/tfg_ws/install/pers_msgs/share/pers_msgs/package.dsv'
[10.227s] INFO:colcon.colcon_core.shell:Creating package script '/home/giraff-azul2/tfg-villen/tfg_ws/install/pers_msgs/share/pers_msgs/package.sh'
[10.229s] INFO:colcon.colcon_core.shell:Creating package script '/home/giraff-azul2/tfg-villen/tfg_ws/install/pers_msgs/share/pers_msgs/package.bash'
[10.230s] INFO:colcon.colcon_core.shell:Creating package script '/home/giraff-azul2/tfg-villen/tfg_ws/install/pers_msgs/share/pers_msgs/package.zsh'
[10.231s] Level 1:colcon.colcon_core.environment:create_file_with_runtime_dependencies(/home/giraff-azul2/tfg-villen/tfg_ws/install/pers_msgs/share/colcon-core/packages/pers_msgs)
[10.378s] Level 1:colcon.colcon_core.environment:create_environment_scripts_only(pers_msgs)
[10.382s] Level 1:colcon.colcon_core.environment:checking '/home/giraff-azul2/tfg-villen/tfg_ws/install/pers_msgs' for CMake module files
[10.383s] Level 1:colcon.colcon_core.environment:checking '/home/giraff-azul2/tfg-villen/tfg_ws/install/pers_msgs' for CMake config files
[10.384s] Level 1:colcon.colcon_core.shell:create_environment_hook('pers_msgs', 'cmake_prefix_path')
[10.386s] INFO:colcon.colcon_core.shell:Creating environment hook '/home/giraff-azul2/tfg-villen/tfg_ws/install/pers_msgs/share/pers_msgs/hook/cmake_prefix_path.ps1'
[10.387s] INFO:colcon.colcon_core.shell:Creating environment descriptor '/home/giraff-azul2/tfg-villen/tfg_ws/install/pers_msgs/share/pers_msgs/hook/cmake_prefix_path.dsv'
[10.389s] INFO:colcon.colcon_core.shell:Creating environment hook '/home/giraff-azul2/tfg-villen/tfg_ws/install/pers_msgs/share/pers_msgs/hook/cmake_prefix_path.sh'
[10.391s] Level 1:colcon.colcon_core.environment:checking '/home/giraff-azul2/tfg-villen/tfg_ws/install/pers_msgs/lib'
[10.392s] Level 1:colcon.colcon_core.shell:create_environment_hook('pers_msgs', 'ld_library_path_lib')
[10.394s] INFO:colcon.colcon_core.shell:Creating environment hook '/home/giraff-azul2/tfg-villen/tfg_ws/install/pers_msgs/share/pers_msgs/hook/ld_library_path_lib.ps1'
[10.395s] INFO:colcon.colcon_core.shell:Creating environment descriptor '/home/giraff-azul2/tfg-villen/tfg_ws/install/pers_msgs/share/pers_msgs/hook/ld_library_path_lib.dsv'
[10.396s] INFO:colcon.colcon_core.shell:Creating environment hook '/home/giraff-azul2/tfg-villen/tfg_ws/install/pers_msgs/share/pers_msgs/hook/ld_library_path_lib.sh'
[10.397s] Level 1:colcon.colcon_core.environment:checking '/home/giraff-azul2/tfg-villen/tfg_ws/install/pers_msgs/bin'
[10.397s] Level 1:colcon.colcon_core.environment:checking '/home/giraff-azul2/tfg-villen/tfg_ws/install/pers_msgs/lib/pkgconfig/pers_msgs.pc'
[10.397s] Level 1:colcon.colcon_core.environment:checking '/home/giraff-azul2/tfg-villen/tfg_ws/install/pers_msgs/lib/python3.10/site-packages'
[10.397s] Level 1:colcon.colcon_core.shell:create_environment_hook('pers_msgs', 'pythonpath')
[10.399s] INFO:colcon.colcon_core.shell:Creating environment hook '/home/giraff-azul2/tfg-villen/tfg_ws/install/pers_msgs/share/pers_msgs/hook/pythonpath.ps1'
[10.400s] INFO:colcon.colcon_core.shell:Creating environment descriptor '/home/giraff-azul2/tfg-villen/tfg_ws/install/pers_msgs/share/pers_msgs/hook/pythonpath.dsv'
[10.401s] INFO:colcon.colcon_core.shell:Creating environment hook '/home/giraff-azul2/tfg-villen/tfg_ws/install/pers_msgs/share/pers_msgs/hook/pythonpath.sh'
[10.402s] Level 1:colcon.colcon_core.environment:checking '/home/giraff-azul2/tfg-villen/tfg_ws/install/pers_msgs/bin'
[10.406s] INFO:colcon.colcon_core.shell:Creating package script '/home/giraff-azul2/tfg-villen/tfg_ws/install/pers_msgs/share/pers_msgs/package.ps1'
[10.408s] INFO:colcon.colcon_core.shell:Creating package descriptor '/home/giraff-azul2/tfg-villen/tfg_ws/install/pers_msgs/share/pers_msgs/package.dsv'
[10.409s] INFO:colcon.colcon_core.shell:Creating package script '/home/giraff-azul2/tfg-villen/tfg_ws/install/pers_msgs/share/pers_msgs/package.sh'
[10.410s] INFO:colcon.colcon_core.shell:Creating package script '/home/giraff-azul2/tfg-villen/tfg_ws/install/pers_msgs/share/pers_msgs/package.bash'
[10.411s] INFO:colcon.colcon_core.shell:Creating package script '/home/giraff-azul2/tfg-villen/tfg_ws/install/pers_msgs/share/pers_msgs/package.zsh'
[10.412s] Level 1:colcon.colcon_core.environment:create_file_with_runtime_dependencies(/home/giraff-azul2/tfg-villen/tfg_ws/install/pers_msgs/share/colcon-core/packages/pers_msgs)
[10.412s] INFO:colcon.colcon_ros.task.ament_python.build:Building ROS package in '/home/giraff-azul2/tfg-villen/tfg_ws/src/fer_pkg' with build type 'ament_python'
[10.413s] Level 1:colcon.colcon_core.shell:create_environment_hook('fer_pkg', 'ament_prefix_path')
[10.415s] INFO:colcon.colcon_core.shell:Creating environment hook '/home/giraff-azul2/tfg-villen/tfg_ws/install/fer_pkg/share/fer_pkg/hook/ament_prefix_path.ps1'
[10.416s] INFO:colcon.colcon_core.shell:Creating environment descriptor '/home/giraff-azul2/tfg-villen/tfg_ws/install/fer_pkg/share/fer_pkg/hook/ament_prefix_path.dsv'
[10.416s] INFO:colcon.colcon_core.shell:Creating environment hook '/home/giraff-azul2/tfg-villen/tfg_ws/install/fer_pkg/share/fer_pkg/hook/ament_prefix_path.sh'
[10.420s] INFO:colcon.colcon_core.shell:Skip shell extension 'powershell' for command environment: Not usable outside of PowerShell
[10.420s] DEBUG:colcon.colcon_core.shell:Skip shell extension 'dsv' for command environment
[11.086s] INFO:colcon.colcon_core.task.python.build:Building Python package in '/home/giraff-azul2/tfg-villen/tfg_ws/src/fer_pkg'
[11.091s] INFO:colcon.colcon_core.shell:Skip shell extension 'powershell' for command environment: Not usable outside of PowerShell
[11.091s] DEBUG:colcon.colcon_core.shell:Skip shell extension 'dsv' for command environment
[11.924s] DEBUG:colcon.colcon_core.event_handler.log_command:Invoking command in '/home/giraff-azul2/tfg-villen/tfg_ws/src/fer_pkg': PS1=(tfg_venv) \[\e]0;\u@\h: \w\a\]${debian_chroot:+($debian_chroot)}\[\033[01;32m\]\u@\h\[\033[00m\]:\[\033[01;34m\]\w\[\033[00m\]\$ PYTHONPATH=/home/giraff-azul2/tfg-villen/tfg_ws/build/fer_pkg/prefix_override:/home/giraff-azul2/tfg-villen/tfg_ws/install/fer_pkg/lib/python3.10/site-packages:/home/giraff-azul2/tfg-villen/tfg_ws/install/pers_msgs/lib/python3.10/site-packages:/home/giraff-azul2/tfg-villen/tfg_ws/install/fer_pkg/lib/python3.10/site-packages:/opt/ros/humble/lib/python3.10/site-packages:/opt/ros/humble/local/lib/python3.10/dist-packages:/home/giraff-azul2/tfg-villen/tfg_venv/lib/python3.10/site-packages VIRTUAL_ENV_PROMPT=(tfg_venv) /usr/bin/python3 setup.py egg_info --egg-base ../../build/fer_pkg build --build-base /home/giraff-azul2/tfg-villen/tfg_ws/build/fer_pkg/build install --record /home/giraff-azul2/tfg-villen/tfg_ws/build/fer_pkg/install.log --single-version-externally-managed
[12.710s] Level 1:colcon.colcon_core.environment:checking '/home/giraff-azul2/tfg-villen/tfg_ws/install/fer_pkg' for CMake module files
[12.711s] DEBUG:colcon.colcon_core.event_handler.log_command:Invoked command in '/home/giraff-azul2/tfg-villen/tfg_ws/src/fer_pkg' returned '0': PS1=(tfg_venv) \[\e]0;\u@\h: \w\a\]${debian_chroot:+($debian_chroot)}\[\033[01;32m\]\u@\h\[\033[00m\]:\[\033[01;34m\]\w\[\033[00m\]\$ PYTHONPATH=/home/giraff-azul2/tfg-villen/tfg_ws/build/fer_pkg/prefix_override:/home/giraff-azul2/tfg-villen/tfg_ws/install/fer_pkg/lib/python3.10/site-packages:/home/giraff-azul2/tfg-villen/tfg_ws/install/pers_msgs/lib/python3.10/site-packages:/home/giraff-azul2/tfg-villen/tfg_ws/install/fer_pkg/lib/python3.10/site-packages:/opt/ros/humble/lib/python3.10/site-packages:/opt/ros/humble/local/lib/python3.10/dist-packages:/home/giraff-azul2/tfg-villen/tfg_venv/lib/python3.10/site-packages VIRTUAL_ENV_PROMPT=(tfg_venv) /usr/bin/python3 setup.py egg_info --egg-base ../../build/fer_pkg build --build-base /home/giraff-azul2/tfg-villen/tfg_ws/build/fer_pkg/build install --record /home/giraff-azul2/tfg-villen/tfg_ws/build/fer_pkg/install.log --single-version-externally-managed
[12.712s] Level 1:colcon.colcon_core.environment:checking '/home/giraff-azul2/tfg-villen/tfg_ws/install/fer_pkg' for CMake config files
[12.713s] Level 1:colcon.colcon_core.environment:checking '/home/giraff-azul2/tfg-villen/tfg_ws/install/fer_pkg/lib'
[12.713s] Level 1:colcon.colcon_core.environment:checking '/home/giraff-azul2/tfg-villen/tfg_ws/install/fer_pkg/bin'
[12.713s] Level 1:colcon.colcon_core.environment:checking '/home/giraff-azul2/tfg-villen/tfg_ws/install/fer_pkg/lib/pkgconfig/fer_pkg.pc'
[12.713s] Level 1:colcon.colcon_core.environment:checking '/home/giraff-azul2/tfg-villen/tfg_ws/install/fer_pkg/lib/python3.10/site-packages'
[12.713s] Level 1:colcon.colcon_core.shell:create_environment_hook('fer_pkg', 'pythonpath')
[12.717s] INFO:colcon.colcon_core.shell:Creating environment hook '/home/giraff-azul2/tfg-villen/tfg_ws/install/fer_pkg/share/fer_pkg/hook/pythonpath.ps1'
[12.718s] INFO:colcon.colcon_core.shell:Creating environment descriptor '/home/giraff-azul2/tfg-villen/tfg_ws/install/fer_pkg/share/fer_pkg/hook/pythonpath.dsv'
[12.719s] INFO:colcon.colcon_core.shell:Creating environment hook '/home/giraff-azul2/tfg-villen/tfg_ws/install/fer_pkg/share/fer_pkg/hook/pythonpath.sh'
[12.720s] Level 1:colcon.colcon_core.environment:checking '/home/giraff-azul2/tfg-villen/tfg_ws/install/fer_pkg/bin'
[12.720s] Level 1:colcon.colcon_core.environment:create_environment_scripts_only(fer_pkg)
[12.722s] INFO:colcon.colcon_core.shell:Creating package script '/home/giraff-azul2/tfg-villen/tfg_ws/install/fer_pkg/share/fer_pkg/package.ps1'
[12.723s] INFO:colcon.colcon_core.shell:Creating package descriptor '/home/giraff-azul2/tfg-villen/tfg_ws/install/fer_pkg/share/fer_pkg/package.dsv'
[12.724s] INFO:colcon.colcon_core.shell:Creating package script '/home/giraff-azul2/tfg-villen/tfg_ws/install/fer_pkg/share/fer_pkg/package.sh'
[12.725s] INFO:colcon.colcon_core.shell:Creating package script '/home/giraff-azul2/tfg-villen/tfg_ws/install/fer_pkg/share/fer_pkg/package.bash'
[12.725s] INFO:colcon.colcon_core.shell:Creating package script '/home/giraff-azul2/tfg-villen/tfg_ws/install/fer_pkg/share/fer_pkg/package.zsh'
[12.726s] Level 1:colcon.colcon_core.environment:create_file_with_runtime_dependencies(/home/giraff-azul2/tfg-villen/tfg_ws/install/fer_pkg/share/colcon-core/packages/fer_pkg)
[12.726s] DEBUG:colcon.colcon_parallel_executor.executor.parallel:closing loop
[12.727s] DEBUG:colcon.colcon_parallel_executor.executor.parallel:loop closed
[12.727s] DEBUG:colcon.colcon_parallel_executor.executor.parallel:run_until_complete finished with '0'
[12.727s] DEBUG:colcon.colcon_core.event_reactor:joining thread
[12.737s] INFO:colcon.colcon_core.plugin_system:Skipping extension 'colcon_notification.desktop_notification.terminal_notifier': Not used on non-Darwin systems
[12.737s] INFO:colcon.colcon_core.plugin_system:Skipping extension 'colcon_notification.desktop_notification.win32': Not used on non-Windows systems
[12.737s] INFO:colcon.colcon_notification.desktop_notification:Sending desktop notification using 'notify2'
[12.771s] DEBUG:colcon.colcon_core.event_reactor:joined thread
[12.778s] INFO:colcon.colcon_core.shell:Creating prefix script '/home/giraff-azul2/tfg-villen/tfg_ws/install/local_setup.ps1'
[12.783s] INFO:colcon.colcon_core.shell:Creating prefix util module '/home/giraff-azul2/tfg-villen/tfg_ws/install/_local_setup_util_ps1.py'
[12.786s] INFO:colcon.colcon_core.shell:Creating prefix chain script '/home/giraff-azul2/tfg-villen/tfg_ws/install/setup.ps1'
[12.790s] INFO:colcon.colcon_core.shell:Creating prefix script '/home/giraff-azul2/tfg-villen/tfg_ws/install/local_setup.sh'
[12.791s] INFO:colcon.colcon_core.shell:Creating prefix util module '/home/giraff-azul2/tfg-villen/tfg_ws/install/_local_setup_util_sh.py'
[12.795s] INFO:colcon.colcon_core.shell:Creating prefix chain script '/home/giraff-azul2/tfg-villen/tfg_ws/install/setup.sh'
[12.804s] INFO:colcon.colcon_core.shell:Creating prefix script '/home/giraff-azul2/tfg-villen/tfg_ws/install/local_setup.bash'
[12.806s] INFO:colcon.colcon_core.shell:Creating prefix chain script '/home/giraff-azul2/tfg-villen/tfg_ws/install/setup.bash'
[12.809s] INFO:colcon.colcon_core.shell:Creating prefix script '/home/giraff-azul2/tfg-villen/tfg_ws/install/local_setup.zsh'
[12.810s] INFO:colcon.colcon_core.shell:Creating prefix chain script '/home/giraff-azul2/tfg-villen/tfg_ws/install/setup.zsh'
