[1.832s] Invoking command in '/home/giraff-azul2/tfg-villen/tfg_ws/src/fer_pkg': PYTHONPATH=/home/giraff-azul2/tfg-villen/tfg_ws/build/fer_pkg/prefix_override:/home/giraff-azul2/tfg-villen/tfg_ws/install/fer_pkg/lib/python3.10/site-packages:/home/giraff-azul2/tfg-villen/tfg_ws/install/pers_msgs/lib/python3.10/site-packages:/home/giraff-azul2/tfg-villen/tfg_ws/install/fer_pkg/lib/python3.10/site-packages:/home/giraff-azul2/mapir_ws/install/urg_node_msgs/local/lib/python3.10/dist-packages:/home/giraff-azul2/mapir_ws/build/task_manager:/home/giraff-azul2/mapir_ws/install/task_manager/lib/python3.10/site-packages:/home/giraff-azul2/mapir_ws/build/battery_manager:/home/giraff-azul2/mapir_ws/install/battery_manager/lib/python3.10/site-packages:/home/giraff-azul2/mapir_ws/install/task_manager_interfaces/local/lib/python3.10/dist-packages:/home/giraff-azul2/mapir_ws/install/patrol/local/lib/python3.10/dist-packages:/home/giraff-azul2/mapir_ws/install/giraff_interfaces/local/lib/python3.10/dist-packages:/home/giraff-azul2/mapir_ws/install/braccio/local/lib/python3.10/dist-packages:/opt/ros/humble/lib/python3.10/site-packages:/opt/ros/humble/local/lib/python3.10/dist-packages:/home/giraff-azul2/tfg-villen/tfg_venv/lib/python3.10/site-packages VIRTUAL_ENV_PROMPT=(tfg_venv) /usr/bin/python3 setup.py egg_info --egg-base ../../build/fer_pkg build --build-base /home/giraff-azul2/tfg-villen/tfg_ws/build/fer_pkg/build install --record /home/giraff-azul2/tfg-villen/tfg_ws/build/fer_pkg/install.log --single-version-externally-managed
[2.448s] running egg_info
[2.451s] writing ../../build/fer_pkg/fer_pkg.egg-info/PKG-INFO
[2.452s] writing dependency_links to ../../build/fer_pkg/fer_pkg.egg-info/dependency_links.txt
[2.452s] writing entry points to ../../build/fer_pkg/fer_pkg.egg-info/entry_points.txt
[2.453s] writing requirements to ../../build/fer_pkg/fer_pkg.egg-info/requires.txt
[2.453s] writing top-level names to ../../build/fer_pkg/fer_pkg.egg-info/top_level.txt
[2.456s] reading manifest file '../../build/fer_pkg/fer_pkg.egg-info/SOURCES.txt'
[2.457s] writing manifest file '../../build/fer_pkg/fer_pkg.egg-info/SOURCES.txt'
[2.458s] running build
[2.458s] running build_py
[2.458s] copying fer_pkg/TelegramNode.py -> /home/giraff-azul2/tfg-villen/tfg_ws/build/fer_pkg/build/lib/fer_pkg
[2.458s] running install
[2.459s] /home/giraff-azul2/tfg-villen/tfg_venv/lib/python3.10/site-packages/setuptools/command/install.py:34: SetuptoolsDeprecationWarning: setup.py install is deprecated. Use build and pip and other standards-based tools.
[2.459s]   warnings.warn(
[2.459s] running install_lib
[2.462s] copying /home/giraff-azul2/tfg-villen/tfg_ws/build/fer_pkg/build/lib/fer_pkg/TelegramNode.py -> /home/giraff-azul2/tfg-villen/tfg_ws/install/fer_pkg/lib/python3.10/site-packages/fer_pkg
[2.464s] byte-compiling /home/giraff-azul2/tfg-villen/tfg_ws/install/fer_pkg/lib/python3.10/site-packages/fer_pkg/TelegramNode.py to TelegramNode.cpython-310.pyc
[2.467s] running install_data
[2.468s] running install_egg_info
[2.470s] removing '/home/giraff-azul2/tfg-villen/tfg_ws/install/fer_pkg/lib/python3.10/site-packages/fer_pkg-0.0.0-py3.10.egg-info' (and everything under it)
[2.471s] Copying ../../build/fer_pkg/fer_pkg.egg-info to /home/giraff-azul2/tfg-villen/tfg_ws/install/fer_pkg/lib/python3.10/site-packages/fer_pkg-0.0.0-py3.10.egg-info
[2.473s] running install_scripts
[2.527s] Installing Emotion_detector_node script to /home/giraff-azul2/tfg-villen/tfg_ws/install/fer_pkg/lib/fer_pkg
[2.528s] Installing Face_detector_node script to /home/giraff-azul2/tfg-villen/tfg_ws/install/fer_pkg/lib/fer_pkg
[2.529s] Installing TelegramNode script to /home/giraff-azul2/tfg-villen/tfg_ws/install/fer_pkg/lib/fer_pkg
[2.529s] Installing my_node script to /home/giraff-azul2/tfg-villen/tfg_ws/install/fer_pkg/lib/fer_pkg
[2.530s] writing list of installed files to '/home/giraff-azul2/tfg-villen/tfg_ws/build/fer_pkg/install.log'
[2.599s] Invoked command in '/home/giraff-azul2/tfg-villen/tfg_ws/src/fer_pkg' returned '0': PYTHONPATH=/home/giraff-azul2/tfg-villen/tfg_ws/build/fer_pkg/prefix_override:/home/giraff-azul2/tfg-villen/tfg_ws/install/fer_pkg/lib/python3.10/site-packages:/home/giraff-azul2/tfg-villen/tfg_ws/install/pers_msgs/lib/python3.10/site-packages:/home/giraff-azul2/tfg-villen/tfg_ws/install/fer_pkg/lib/python3.10/site-packages:/home/giraff-azul2/mapir_ws/install/urg_node_msgs/local/lib/python3.10/dist-packages:/home/giraff-azul2/mapir_ws/build/task_manager:/home/giraff-azul2/mapir_ws/install/task_manager/lib/python3.10/site-packages:/home/giraff-azul2/mapir_ws/build/battery_manager:/home/giraff-azul2/mapir_ws/install/battery_manager/lib/python3.10/site-packages:/home/giraff-azul2/mapir_ws/install/task_manager_interfaces/local/lib/python3.10/dist-packages:/home/giraff-azul2/mapir_ws/install/patrol/local/lib/python3.10/dist-packages:/home/giraff-azul2/mapir_ws/install/giraff_interfaces/local/lib/python3.10/dist-packages:/home/giraff-azul2/mapir_ws/install/braccio/local/lib/python3.10/dist-packages:/opt/ros/humble/lib/python3.10/site-packages:/opt/ros/humble/local/lib/python3.10/dist-packages:/home/giraff-azul2/tfg-villen/tfg_venv/lib/python3.10/site-packages VIRTUAL_ENV_PROMPT=(tfg_venv) /usr/bin/python3 setup.py egg_info --egg-base ../../build/fer_pkg build --build-base /home/giraff-azul2/tfg-villen/tfg_ws/build/fer_pkg/build install --record /home/giraff-azul2/tfg-villen/tfg_ws/build/fer_pkg/install.log --single-version-externally-managed
