[0.835s] Invoking command in '/home/giraff-azul2/tfg-villen/tfg_ws/src/fer_pkg': PS1=(tfg_venv) \[\e]0;\u@\h: \w\a\]${debian_chroot:+($debian_chroot)}\[\033[01;32m\]\u@\h\[\033[00m\]:\[\033[01;34m\]\w\[\033[00m\]\$ PYTHONPATH=/home/giraff-azul2/tfg-villen/tfg_ws/build/fer_pkg/prefix_override:/home/giraff-azul2/tfg-villen/tfg_ws/install/fer_pkg/lib/python3.10/site-packages:${PYTHONPATH} VIRTUAL_ENV_PROMPT=(tfg_venv) /usr/bin/python3 setup.py egg_info --egg-base ../../build/fer_pkg build --build-base /home/giraff-azul2/tfg-villen/tfg_ws/build/fer_pkg/build install --record /home/giraff-azul2/tfg-villen/tfg_ws/build/fer_pkg/install.log --single-version-externally-managed
[1.162s] running egg_info
[1.163s] writing ../../build/fer_pkg/fer_pkg.egg-info/PKG-INFO
[1.163s] writing dependency_links to ../../build/fer_pkg/fer_pkg.egg-info/dependency_links.txt
[1.163s] writing entry points to ../../build/fer_pkg/fer_pkg.egg-info/entry_points.txt
[1.163s] writing requirements to ../../build/fer_pkg/fer_pkg.egg-info/requires.txt
[1.164s] writing top-level names to ../../build/fer_pkg/fer_pkg.egg-info/top_level.txt
[1.166s] reading manifest file '../../build/fer_pkg/fer_pkg.egg-info/SOURCES.txt'
[1.167s] writing manifest file '../../build/fer_pkg/fer_pkg.egg-info/SOURCES.txt'
[1.167s] running build
[1.167s] running build_py
[1.168s] running install
[1.168s] /usr/lib/python3/dist-packages/setuptools/command/install.py:34: SetuptoolsDeprecationWarning: setup.py install is deprecated. Use build and pip and other standards-based tools.
[1.168s]   warnings.warn(
[1.168s] running install_lib
[1.170s] running install_data
[1.170s] running install_egg_info
[1.172s] removing '/home/giraff-azul2/tfg-villen/tfg_ws/install/fer_pkg/lib/python3.10/site-packages/fer_pkg-0.0.0-py3.10.egg-info' (and everything under it)
[1.172s] Copying ../../build/fer_pkg/fer_pkg.egg-info to /home/giraff-azul2/tfg-villen/tfg_ws/install/fer_pkg/lib/python3.10/site-packages/fer_pkg-0.0.0-py3.10.egg-info
[1.174s] running install_scripts
[1.205s] Installing ImagePublisherNode script to /home/giraff-azul2/tfg-villen/tfg_ws/install/fer_pkg/lib/fer_pkg
[1.205s] Installing ImageSubscriberNode script to /home/giraff-azul2/tfg-villen/tfg_ws/install/fer_pkg/lib/fer_pkg
[1.205s] Installing TelegramNode script to /home/giraff-azul2/tfg-villen/tfg_ws/install/fer_pkg/lib/fer_pkg
[1.205s] Installing VerboseNode script to /home/giraff-azul2/tfg-villen/tfg_ws/install/fer_pkg/lib/fer_pkg
[1.206s] Installing my_node script to /home/giraff-azul2/tfg-villen/tfg_ws/install/fer_pkg/lib/fer_pkg
[1.206s] writing list of installed files to '/home/giraff-azul2/tfg-villen/tfg_ws/build/fer_pkg/install.log'
[1.241s] Invoked command in '/home/giraff-azul2/tfg-villen/tfg_ws/src/fer_pkg' returned '0': PS1=(tfg_venv) \[\e]0;\u@\h: \w\a\]${debian_chroot:+($debian_chroot)}\[\033[01;32m\]\u@\h\[\033[00m\]:\[\033[01;34m\]\w\[\033[00m\]\$ PYTHONPATH=/home/giraff-azul2/tfg-villen/tfg_ws/build/fer_pkg/prefix_override:/home/giraff-azul2/tfg-villen/tfg_ws/install/fer_pkg/lib/python3.10/site-packages:${PYTHONPATH} VIRTUAL_ENV_PROMPT=(tfg_venv) /usr/bin/python3 setup.py egg_info --egg-base ../../build/fer_pkg build --build-base /home/giraff-azul2/tfg-villen/tfg_ws/build/fer_pkg/build install --record /home/giraff-azul2/tfg-villen/tfg_ws/build/fer_pkg/install.log --single-version-externally-managed
