running egg_info
writing ../../build/fer_pkg/fer_pkg.egg-info/PKG-INFO
writing dependency_links to ../../build/fer_pkg/fer_pkg.egg-info/dependency_links.txt
writing entry points to ../../build/fer_pkg/fer_pkg.egg-info/entry_points.txt
writing requirements to ../../build/fer_pkg/fer_pkg.egg-info/requires.txt
writing top-level names to ../../build/fer_pkg/fer_pkg.egg-info/top_level.txt
reading manifest file '../../build/fer_pkg/fer_pkg.egg-info/SOURCES.txt'
writing manifest file '../../build/fer_pkg/fer_pkg.egg-info/SOURCES.txt'
running build
running build_py
running install
/home/giraff-azul2/tfg-villen/tfg_venv/lib/python3.10/site-packages/setuptools/command/install.py:34: SetuptoolsDeprecationWarning: setup.py install is deprecated. Use build and pip and other standards-based tools.
  warnings.warn(
running install_lib
running install_data
creating /home/giraff-azul2/tfg-villen/tfg_ws/install/fer_pkg/share/fer_pkg/launch
running install_egg_info
removing '/home/giraff-azul2/tfg-villen/tfg_ws/install/fer_pkg/lib/python3.10/site-packages/fer_pkg-0.0.0-py3.10.egg-info' (and everything under it)
Copying ../../build/fer_pkg/fer_pkg.egg-info to /home/giraff-azul2/tfg-villen/tfg_ws/install/fer_pkg/lib/python3.10/site-packages/fer_pkg-0.0.0-py3.10.egg-info
running install_scripts
Installing Emotion_detector_node script to /home/giraff-azul2/tfg-villen/tfg_ws/install/fer_pkg/lib/fer_pkg
Installing Face_detector_node script to /home/giraff-azul2/tfg-villen/tfg_ws/install/fer_pkg/lib/fer_pkg
Installing TelegramNode script to /home/giraff-azul2/tfg-villen/tfg_ws/install/fer_pkg/lib/fer_pkg
Installing my_node script to /home/giraff-azul2/tfg-villen/tfg_ws/install/fer_pkg/lib/fer_pkg
writing list of installed files to '/home/giraff-azul2/tfg-villen/tfg_ws/build/fer_pkg/install.log'
