[0.020s] Invoking command in '/home/giraff-azul2/tfg-villen/tfg_ws/build/pers_msgs': CMAKE_PREFIX_PATH=/home/giraff-azul2/tfg-villen/tfg_ws/install/fer_pkg:/opt/ros/humble PS1=(tfg_venv) \[\e]0;\u@\h: \w\a\]${debian_chroot:+($debian_chroot)}\[\033[01;32m\]\u@\h\[\033[00m\]:\[\033[01;34m\]\w\[\033[00m\]\$ VIRTUAL_ENV_PROMPT=(tfg_venv) /usr/bin/cmake /home/giraff-azul2/tfg-villen/tfg_ws/src/pers_msgs -DCMAKE_INSTALL_PREFIX=/home/giraff-azul2/tfg-villen/tfg_ws/install/pers_msgs
[0.057s] -- Found ament_cmake: 1.3.4 (/opt/ros/humble/share/ament_cmake/cmake)
[0.268s] -- Found sensor_msgs: 4.2.3 (/opt/ros/humble/share/sensor_msgs/cmake)
[0.301s] -- Found rosidl_generator_c: 3.1.4 (/opt/ros/humble/share/rosidl_generator_c/cmake)
[0.305s] -- Found rosidl_adapter: 3.1.4 (/opt/ros/humble/share/rosidl_adapter/cmake)
[0.314s] -- Found rosidl_generator_cpp: 3.1.4 (/opt/ros/humble/share/rosidl_generator_cpp/cmake)
[0.333s] -- Using all available rosidl_typesupport_c: rosidl_typesupport_fastrtps_c;rosidl_typesupport_introspection_c
[0.359s] -- Using all available rosidl_typesupport_cpp: rosidl_typesupport_fastrtps_cpp;rosidl_typesupport_introspection_cpp
[0.688s] -- Found rosidl_default_generators: 1.2.0 (/opt/ros/humble/share/rosidl_default_generators/cmake)
[0.846s] [31mCMake Error at /opt/ros/humble/share/rosidl_adapter/cmake/rosidl_adapt_interfaces.cmake:59 (message):
[0.847s]   execute_process(/home/giraff-azul2/tfg-villen/tfg_venv/bin/python3.10 -m
[0.847s]   rosidl_adapter --package-name pers_msgs --arguments-file
[0.847s]   /home/giraff-azul2/tfg-villen/tfg_ws/build/pers_msgs/rosidl_adapter__arguments__pers_msgs.json
[0.847s]   --output-dir
[0.847s]   /home/giraff-azul2/tfg-villen/tfg_ws/build/pers_msgs/rosidl_adapter/pers_msgs
[0.847s]   --output-file
[0.848s]   /home/giraff-azul2/tfg-villen/tfg_ws/build/pers_msgs/rosidl_adapter/pers_msgs.idls)
[0.848s]   returned error code 1:
[0.848s] 
[0.848s]   Traceback (most recent call last):
[0.848s] 
[0.848s]     File "/usr/lib/python3.10/runpy.py", line 196, in _run_module_as_main
[0.849s]       return _run_code(code, main_globals, None,
[0.849s]     File "/usr/lib/python3.10/runpy.py", line 86, in _run_code
[0.849s]       exec(code, run_globals)
[0.849s]     File "/opt/ros/humble/local/lib/python3.10/dist-packages/rosidl_adapter/__main__.py", line 19, in <module>
[0.849s]       sys.exit(main())
[0.849s]     File "/opt/ros/humble/local/lib/python3.10/dist-packages/rosidl_adapter/main.py", line 53, in main
[0.850s]       abs_idl_file = convert_to_idl(
[0.850s]     File "/opt/ros/humble/local/lib/python3.10/dist-packages/rosidl_adapter/__init__.py", line 18, in convert_to_idl
[0.850s]       from rosidl_adapter.msg import convert_msg_to_idl
[0.850s]     File "/opt/ros/humble/local/lib/python3.10/dist-packages/rosidl_adapter/msg/__init__.py", line 16, in <module>
[0.850s]       from rosidl_adapter.resource import expand_template
[0.850s]     File "/opt/ros/humble/local/lib/python3.10/dist-packages/rosidl_adapter/resource/__init__.py", line 19, in <module>
[0.850s]       import em
[0.851s] 
[0.851s]   ModuleNotFoundError: No module named 'em'
[0.851s] 
[0.851s] Call Stack (most recent call first):
[0.851s]   /opt/ros/humble/share/rosidl_cmake/cmake/rosidl_generate_interfaces.cmake:130 (rosidl_adapt_interfaces)
[0.851s]   CMakeLists.txt:17 (rosidl_generate_interfaces)
[0.852s] 
[0.852s] [0m
[0.852s] -- Configuring incomplete, errors occurred!
[0.852s] See also "/home/giraff-azul2/tfg-villen/tfg_ws/build/pers_msgs/CMakeFiles/CMakeOutput.log".
[0.857s] Invoked command in '/home/giraff-azul2/tfg-villen/tfg_ws/build/pers_msgs' returned '1': CMAKE_PREFIX_PATH=/home/giraff-azul2/tfg-villen/tfg_ws/install/fer_pkg:/opt/ros/humble PS1=(tfg_venv) \[\e]0;\u@\h: \w\a\]${debian_chroot:+($debian_chroot)}\[\033[01;32m\]\u@\h\[\033[00m\]:\[\033[01;34m\]\w\[\033[00m\]\$ VIRTUAL_ENV_PROMPT=(tfg_venv) /usr/bin/cmake /home/giraff-azul2/tfg-villen/tfg_ws/src/pers_msgs -DCMAKE_INSTALL_PREFIX=/home/giraff-azul2/tfg-villen/tfg_ws/install/pers_msgs
