[0.023s] Invoking command in '/home/giraff-azul2/tfg-villen/tfg_ws/build/pers_msgs': CMAKE_PREFIX_PATH=/opt/ros/humble PS1=(tfg_venv) \[\e]0;\u@\h: \w\a\]${debian_chroot:+($debian_chroot)}\[\033[01;32m\]\u@\h\[\033[00m\]:\[\033[01;34m\]\w\[\033[00m\]\$ VIRTUAL_ENV_PROMPT=(tfg_venv) /usr/bin/cmake --build /home/giraff-azul2/tfg-villen/tfg_ws/build/pers_msgs -- -j8 -l8
[0.157s] [  2%] Built target pers_msgs__cpp
[0.159s] [ 12%] Built target pers_msgs__rosidl_generator_c
[0.168s] [ 12%] Built target ament_cmake_python_symlink_pers_msgs
[0.194s] [ 23%] Built target pers_msgs__rosidl_typesupport_c
[0.195s] [ 33%] Built target pers_msgs__rosidl_typesupport_introspection_c
[0.198s] [ 53%] Built target pers_msgs__rosidl_typesupport_introspection_cpp
[0.198s] [ 53%] Built target pers_msgs__rosidl_typesupport_cpp
[0.199s] [ 64%] Built target pers_msgs__rosidl_typesupport_fastrtps_cpp
[0.199s] [ 74%] Built target pers_msgs__rosidl_typesupport_fastrtps_c
[0.221s] [ 74%] Built target pers_msgs
[0.252s] [ 76%] Built target pers_msgs__py
[0.283s] [ 84%] Built target pers_msgs__rosidl_generator_py
[0.308s] [ 94%] Built target pers_msgs__rosidl_typesupport_introspection_c__pyext
[0.308s] [ 94%] Built target pers_msgs__rosidl_typesupport_fastrtps_c__pyext
[0.312s] [100%] Built target pers_msgs__rosidl_typesupport_c__pyext
[0.527s] running egg_info
[0.529s] writing pers_msgs.egg-info/PKG-INFO
[0.530s] writing dependency_links to pers_msgs.egg-info/dependency_links.txt
[0.530s] writing top-level names to pers_msgs.egg-info/top_level.txt
[0.535s] reading manifest file 'pers_msgs.egg-info/SOURCES.txt'
[0.537s] writing manifest file 'pers_msgs.egg-info/SOURCES.txt'
[0.574s] [100%] Built target ament_cmake_python_build_pers_msgs_egg
[0.588s] Invoked command in '/home/giraff-azul2/tfg-villen/tfg_ws/build/pers_msgs' returned '0': CMAKE_PREFIX_PATH=/opt/ros/humble PS1=(tfg_venv) \[\e]0;\u@\h: \w\a\]${debian_chroot:+($debian_chroot)}\[\033[01;32m\]\u@\h\[\033[00m\]:\[\033[01;34m\]\w\[\033[00m\]\$ VIRTUAL_ENV_PROMPT=(tfg_venv) /usr/bin/cmake --build /home/giraff-azul2/tfg-villen/tfg_ws/build/pers_msgs -- -j8 -l8
[0.683s] Invoking command in '/home/giraff-azul2/tfg-villen/tfg_ws/build/pers_msgs': CMAKE_PREFIX_PATH=/opt/ros/humble PS1=(tfg_venv) \[\e]0;\u@\h: \w\a\]${debian_chroot:+($debian_chroot)}\[\033[01;32m\]\u@\h\[\033[00m\]:\[\033[01;34m\]\w\[\033[00m\]\$ VIRTUAL_ENV_PROMPT=(tfg_venv) /usr/bin/cmake --install /home/giraff-azul2/tfg-villen/tfg_ws/build/pers_msgs
[0.694s] -- Install configuration: ""
[0.696s] -- Execute custom install script
[0.697s] -- Up-to-date symlink: /home/giraff-azul2/tfg-villen/tfg_ws/install/pers_msgs/share/ament_index/resource_index/rosidl_interfaces/pers_msgs
[0.699s] -- Up-to-date symlink: /home/giraff-azul2/tfg-villen/tfg_ws/install/pers_msgs/include/pers_msgs/pers_msgs/msg/caramsg.h
[0.699s] -- Up-to-date symlink: /home/giraff-azul2/tfg-villen/tfg_ws/install/pers_msgs/include/pers_msgs/pers_msgs/msg/detail/caramsg__functions.h
[0.699s] -- Up-to-date symlink: /home/giraff-azul2/tfg-villen/tfg_ws/install/pers_msgs/include/pers_msgs/pers_msgs/msg/detail/caramsg__struct.h
[0.699s] -- Up-to-date symlink: /home/giraff-azul2/tfg-villen/tfg_ws/install/pers_msgs/include/pers_msgs/pers_msgs/msg/detail/caramsg__type_support.h
[0.700s] -- Up-to-date symlink: /home/giraff-azul2/tfg-villen/tfg_ws/install/pers_msgs/include/pers_msgs/pers_msgs/msg/detail/nuevo_usuariomsg__functions.h
[0.700s] -- Up-to-date symlink: /home/giraff-azul2/tfg-villen/tfg_ws/install/pers_msgs/include/pers_msgs/pers_msgs/msg/detail/nuevo_usuariomsg__struct.h
[0.700s] -- Up-to-date symlink: /home/giraff-azul2/tfg-villen/tfg_ws/install/pers_msgs/include/pers_msgs/pers_msgs/msg/detail/nuevo_usuariomsg__type_support.h
[0.700s] -- Up-to-date symlink: /home/giraff-azul2/tfg-villen/tfg_ws/install/pers_msgs/include/pers_msgs/pers_msgs/msg/nuevo_usuariomsg.h
[0.700s] -- Up-to-date symlink: /home/giraff-azul2/tfg-villen/tfg_ws/install/pers_msgs/include/pers_msgs/pers_msgs/msg/rosidl_generator_c__visibility_control.h
[0.700s] -- Up-to-date symlink: /home/giraff-azul2/tfg-villen/tfg_ws/install/pers_msgs/share/pers_msgs/environment/library_path.sh
[0.700s] -- Up-to-date symlink: /home/giraff-azul2/tfg-villen/tfg_ws/install/pers_msgs/share/pers_msgs/environment/library_path.dsv
[0.701s] -- Up-to-date symlink: /home/giraff-azul2/tfg-villen/tfg_ws/install/pers_msgs/include/pers_msgs/pers_msgs/msg/detail/caramsg__rosidl_typesupport_fastrtps_c.h
[0.701s] -- Up-to-date symlink: /home/giraff-azul2/tfg-villen/tfg_ws/install/pers_msgs/include/pers_msgs/pers_msgs/msg/detail/nuevo_usuariomsg__rosidl_typesupport_fastrtps_c.h
[0.701s] -- Up-to-date symlink: /home/giraff-azul2/tfg-villen/tfg_ws/install/pers_msgs/include/pers_msgs/pers_msgs/msg/rosidl_typesupport_fastrtps_c__visibility_control.h
[0.702s] -- Up-to-date symlink: /home/giraff-azul2/tfg-villen/tfg_ws/install/pers_msgs/include/pers_msgs/pers_msgs/msg/caramsg.hpp
[0.702s] -- Up-to-date symlink: /home/giraff-azul2/tfg-villen/tfg_ws/install/pers_msgs/include/pers_msgs/pers_msgs/msg/detail/caramsg__builder.hpp
[0.702s] -- Up-to-date symlink: /home/giraff-azul2/tfg-villen/tfg_ws/install/pers_msgs/include/pers_msgs/pers_msgs/msg/detail/caramsg__struct.hpp
[0.702s] -- Up-to-date symlink: /home/giraff-azul2/tfg-villen/tfg_ws/install/pers_msgs/include/pers_msgs/pers_msgs/msg/detail/caramsg__traits.hpp
[0.702s] -- Up-to-date symlink: /home/giraff-azul2/tfg-villen/tfg_ws/install/pers_msgs/include/pers_msgs/pers_msgs/msg/detail/nuevo_usuariomsg__builder.hpp
[0.703s] -- Up-to-date symlink: /home/giraff-azul2/tfg-villen/tfg_ws/install/pers_msgs/include/pers_msgs/pers_msgs/msg/detail/nuevo_usuariomsg__struct.hpp
[0.703s] -- Up-to-date symlink: /home/giraff-azul2/tfg-villen/tfg_ws/install/pers_msgs/include/pers_msgs/pers_msgs/msg/detail/nuevo_usuariomsg__traits.hpp
[0.703s] -- Up-to-date symlink: /home/giraff-azul2/tfg-villen/tfg_ws/install/pers_msgs/include/pers_msgs/pers_msgs/msg/nuevo_usuariomsg.hpp
[0.704s] -- Up-to-date symlink: /home/giraff-azul2/tfg-villen/tfg_ws/install/pers_msgs/include/pers_msgs/pers_msgs/msg/detail/caramsg__rosidl_typesupport_fastrtps_cpp.hpp
[0.704s] -- Up-to-date symlink: /home/giraff-azul2/tfg-villen/tfg_ws/install/pers_msgs/include/pers_msgs/pers_msgs/msg/detail/nuevo_usuariomsg__rosidl_typesupport_fastrtps_cpp.hpp
[0.704s] -- Up-to-date symlink: /home/giraff-azul2/tfg-villen/tfg_ws/install/pers_msgs/include/pers_msgs/pers_msgs/msg/rosidl_typesupport_fastrtps_cpp__visibility_control.h
[0.705s] -- Up-to-date symlink: /home/giraff-azul2/tfg-villen/tfg_ws/install/pers_msgs/include/pers_msgs/pers_msgs/msg/detail/caramsg__rosidl_typesupport_introspection_c.h
[0.705s] -- Up-to-date symlink: /home/giraff-azul2/tfg-villen/tfg_ws/install/pers_msgs/include/pers_msgs/pers_msgs/msg/detail/nuevo_usuariomsg__rosidl_typesupport_introspection_c.h
[0.705s] -- Up-to-date symlink: /home/giraff-azul2/tfg-villen/tfg_ws/install/pers_msgs/include/pers_msgs/pers_msgs/msg/rosidl_typesupport_introspection_c__visibility_control.h
[0.705s] -- Up-to-date symlink: /home/giraff-azul2/tfg-villen/tfg_ws/install/pers_msgs/include/pers_msgs/pers_msgs/msg/detail/caramsg__rosidl_typesupport_introspection_cpp.hpp
[0.706s] -- Up-to-date symlink: /home/giraff-azul2/tfg-villen/tfg_ws/install/pers_msgs/include/pers_msgs/pers_msgs/msg/detail/nuevo_usuariomsg__rosidl_typesupport_introspection_cpp.hpp
[0.706s] -- Up-to-date symlink: /home/giraff-azul2/tfg-villen/tfg_ws/install/pers_msgs/share/pers_msgs/environment/pythonpath.sh
[0.706s] -- Up-to-date symlink: /home/giraff-azul2/tfg-villen/tfg_ws/install/pers_msgs/share/pers_msgs/environment/pythonpath.dsv
[0.707s] -- Up-to-date symlink: /home/giraff-azul2/tfg-villen/tfg_ws/install/pers_msgs/lib/python3.10/site-packages/pers_msgs-0.0.0-py3.10.egg-info/PKG-INFO
[0.707s] -- Up-to-date symlink: /home/giraff-azul2/tfg-villen/tfg_ws/install/pers_msgs/lib/python3.10/site-packages/pers_msgs-0.0.0-py3.10.egg-info/SOURCES.txt
[0.707s] -- Up-to-date symlink: /home/giraff-azul2/tfg-villen/tfg_ws/install/pers_msgs/lib/python3.10/site-packages/pers_msgs-0.0.0-py3.10.egg-info/dependency_links.txt
[0.707s] -- Up-to-date symlink: /home/giraff-azul2/tfg-villen/tfg_ws/install/pers_msgs/lib/python3.10/site-packages/pers_msgs-0.0.0-py3.10.egg-info/top_level.txt
[0.708s] -- Up-to-date symlink: /home/giraff-azul2/tfg-villen/tfg_ws/install/pers_msgs/lib/python3.10/site-packages/pers_msgs/__init__.py
[0.708s] -- Up-to-date symlink: /home/giraff-azul2/tfg-villen/tfg_ws/install/pers_msgs/lib/python3.10/site-packages/pers_msgs/_pers_msgs_s.ep.rosidl_typesupport_c.c
[0.708s] -- Up-to-date symlink: /home/giraff-azul2/tfg-villen/tfg_ws/install/pers_msgs/lib/python3.10/site-packages/pers_msgs/_pers_msgs_s.ep.rosidl_typesupport_fastrtps_c.c
[0.709s] -- Up-to-date symlink: /home/giraff-azul2/tfg-villen/tfg_ws/install/pers_msgs/lib/python3.10/site-packages/pers_msgs/_pers_msgs_s.ep.rosidl_typesupport_introspection_c.c
[0.709s] -- Up-to-date symlink: /home/giraff-azul2/tfg-villen/tfg_ws/install/pers_msgs/lib/python3.10/site-packages/pers_msgs/libpers_msgs__rosidl_generator_py.so
[0.709s] -- Up-to-date symlink: /home/giraff-azul2/tfg-villen/tfg_ws/install/pers_msgs/lib/python3.10/site-packages/pers_msgs/msg/__init__.py
[0.709s] -- Up-to-date symlink: /home/giraff-azul2/tfg-villen/tfg_ws/install/pers_msgs/lib/python3.10/site-packages/pers_msgs/msg/_caramsg.py
[0.709s] -- Up-to-date symlink: /home/giraff-azul2/tfg-villen/tfg_ws/install/pers_msgs/lib/python3.10/site-packages/pers_msgs/msg/_caramsg_s.c
[0.709s] -- Up-to-date symlink: /home/giraff-azul2/tfg-villen/tfg_ws/install/pers_msgs/lib/python3.10/site-packages/pers_msgs/msg/_nuevo_usuariomsg.py
[0.710s] -- Up-to-date symlink: /home/giraff-azul2/tfg-villen/tfg_ws/install/pers_msgs/lib/python3.10/site-packages/pers_msgs/msg/_nuevo_usuariomsg_s.c
[0.710s] -- Up-to-date symlink: /home/giraff-azul2/tfg-villen/tfg_ws/install/pers_msgs/lib/python3.10/site-packages/pers_msgs/pers_msgs_s__rosidl_typesupport_c.cpython-310-x86_64-linux-gnu.so
[0.710s] -- Up-to-date symlink: /home/giraff-azul2/tfg-villen/tfg_ws/install/pers_msgs/lib/python3.10/site-packages/pers_msgs/pers_msgs_s__rosidl_typesupport_fastrtps_c.cpython-310-x86_64-linux-gnu.so
[0.710s] -- Up-to-date symlink: /home/giraff-azul2/tfg-villen/tfg_ws/install/pers_msgs/lib/python3.10/site-packages/pers_msgs/pers_msgs_s__rosidl_typesupport_introspection_c.cpython-310-x86_64-linux-gnu.so
[0.711s] -- Up-to-date symlink: /home/giraff-azul2/tfg-villen/tfg_ws/install/pers_msgs/lib/python3.10/site-packages/pers_msgs/pers_msgs_s__rosidl_typesupport_fastrtps_c.cpython-310-x86_64-linux-gnu.so
[0.711s] -- Up-to-date symlink: /home/giraff-azul2/tfg-villen/tfg_ws/install/pers_msgs/lib/python3.10/site-packages/pers_msgs/pers_msgs_s__rosidl_typesupport_introspection_c.cpython-310-x86_64-linux-gnu.so
[0.712s] -- Up-to-date symlink: /home/giraff-azul2/tfg-villen/tfg_ws/install/pers_msgs/lib/python3.10/site-packages/pers_msgs/pers_msgs_s__rosidl_typesupport_c.cpython-310-x86_64-linux-gnu.so
[0.712s] -- Up-to-date symlink: /home/giraff-azul2/tfg-villen/tfg_ws/install/pers_msgs/share/pers_msgs/msg/Caramsg.idl
[0.713s] -- Up-to-date symlink: /home/giraff-azul2/tfg-villen/tfg_ws/install/pers_msgs/share/pers_msgs/msg/NuevoUsuariomsg.idl
[0.713s] -- Up-to-date symlink: /home/giraff-azul2/tfg-villen/tfg_ws/install/pers_msgs/share/pers_msgs/msg/Caramsg.msg
[0.713s] -- Up-to-date symlink: /home/giraff-azul2/tfg-villen/tfg_ws/install/pers_msgs/share/pers_msgs/msg/NuevoUsuariomsg.msg
[0.713s] -- Up-to-date symlink: /home/giraff-azul2/tfg-villen/tfg_ws/install/pers_msgs/share/ament_index/resource_index/package_run_dependencies/pers_msgs
[0.714s] -- Up-to-date symlink: /home/giraff-azul2/tfg-villen/tfg_ws/install/pers_msgs/share/ament_index/resource_index/parent_prefix_path/pers_msgs
[0.714s] -- Up-to-date symlink: /home/giraff-azul2/tfg-villen/tfg_ws/install/pers_msgs/share/pers_msgs/environment/ament_prefix_path.sh
[0.714s] -- Up-to-date symlink: /home/giraff-azul2/tfg-villen/tfg_ws/install/pers_msgs/share/pers_msgs/environment/ament_prefix_path.dsv
[0.714s] -- Up-to-date symlink: /home/giraff-azul2/tfg-villen/tfg_ws/install/pers_msgs/share/pers_msgs/environment/path.sh
[0.715s] -- Up-to-date symlink: /home/giraff-azul2/tfg-villen/tfg_ws/install/pers_msgs/share/pers_msgs/environment/path.dsv
[0.715s] -- Up-to-date symlink: /home/giraff-azul2/tfg-villen/tfg_ws/install/pers_msgs/share/pers_msgs/local_setup.bash
[0.715s] -- Up-to-date symlink: /home/giraff-azul2/tfg-villen/tfg_ws/install/pers_msgs/share/pers_msgs/local_setup.sh
[0.715s] -- Up-to-date symlink: /home/giraff-azul2/tfg-villen/tfg_ws/install/pers_msgs/share/pers_msgs/local_setup.zsh
[0.716s] -- Up-to-date symlink: /home/giraff-azul2/tfg-villen/tfg_ws/install/pers_msgs/share/pers_msgs/local_setup.dsv
[0.716s] -- Symlinking: /home/giraff-azul2/tfg-villen/tfg_ws/install/pers_msgs/share/pers_msgs/package.dsv
[0.728s] -- Up-to-date symlink: /home/giraff-azul2/tfg-villen/tfg_ws/install/pers_msgs/share/ament_index/resource_index/packages/pers_msgs
[0.729s] -- Up-to-date symlink: /home/giraff-azul2/tfg-villen/tfg_ws/install/pers_msgs/share/pers_msgs/cmake/rosidl_cmake-extras.cmake
[0.729s] -- Up-to-date symlink: /home/giraff-azul2/tfg-villen/tfg_ws/install/pers_msgs/share/pers_msgs/cmake/ament_cmake_export_dependencies-extras.cmake
[0.729s] -- Up-to-date symlink: /home/giraff-azul2/tfg-villen/tfg_ws/install/pers_msgs/share/pers_msgs/cmake/ament_cmake_export_include_directories-extras.cmake
[0.730s] -- Up-to-date symlink: /home/giraff-azul2/tfg-villen/tfg_ws/install/pers_msgs/share/pers_msgs/cmake/ament_cmake_export_libraries-extras.cmake
[0.730s] -- Up-to-date symlink: /home/giraff-azul2/tfg-villen/tfg_ws/install/pers_msgs/share/pers_msgs/cmake/ament_cmake_export_targets-extras.cmake
[0.730s] -- Up-to-date symlink: /home/giraff-azul2/tfg-villen/tfg_ws/install/pers_msgs/share/pers_msgs/cmake/rosidl_cmake_export_typesupport_targets-extras.cmake
[0.730s] -- Up-to-date symlink: /home/giraff-azul2/tfg-villen/tfg_ws/install/pers_msgs/share/pers_msgs/cmake/rosidl_cmake_export_typesupport_libraries-extras.cmake
[0.730s] -- Up-to-date symlink: /home/giraff-azul2/tfg-villen/tfg_ws/install/pers_msgs/share/pers_msgs/cmake/pers_msgsConfig.cmake
[0.731s] -- Up-to-date symlink: /home/giraff-azul2/tfg-villen/tfg_ws/install/pers_msgs/share/pers_msgs/cmake/pers_msgsConfig-version.cmake
[0.731s] -- Up-to-date symlink: /home/giraff-azul2/tfg-villen/tfg_ws/install/pers_msgs/share/pers_msgs/package.xml
[0.732s] -- Up-to-date: /home/giraff-azul2/tfg-villen/tfg_ws/install/pers_msgs/lib/libpers_msgs__rosidl_generator_c.so
[0.733s] -- Up-to-date: /home/giraff-azul2/tfg-villen/tfg_ws/install/pers_msgs/lib/libpers_msgs__rosidl_typesupport_fastrtps_c.so
[0.733s] -- Up-to-date: /home/giraff-azul2/tfg-villen/tfg_ws/install/pers_msgs/lib/libpers_msgs__rosidl_typesupport_fastrtps_cpp.so
[0.734s] -- Up-to-date: /home/giraff-azul2/tfg-villen/tfg_ws/install/pers_msgs/lib/libpers_msgs__rosidl_typesupport_introspection_c.so
[0.734s] -- Up-to-date: /home/giraff-azul2/tfg-villen/tfg_ws/install/pers_msgs/lib/libpers_msgs__rosidl_typesupport_c.so
[0.735s] -- Up-to-date: /home/giraff-azul2/tfg-villen/tfg_ws/install/pers_msgs/lib/libpers_msgs__rosidl_typesupport_introspection_cpp.so
[0.735s] -- Up-to-date: /home/giraff-azul2/tfg-villen/tfg_ws/install/pers_msgs/lib/libpers_msgs__rosidl_typesupport_cpp.so
[0.775s] Listing '/home/giraff-azul2/tfg-villen/tfg_ws/install/pers_msgs/lib/python3.10/site-packages/pers_msgs'...
[0.775s] Listing '/home/giraff-azul2/tfg-villen/tfg_ws/install/pers_msgs/lib/python3.10/site-packages/pers_msgs/msg'...
[0.780s] -- Up-to-date: /home/giraff-azul2/tfg-villen/tfg_ws/install/pers_msgs/lib/libpers_msgs__rosidl_generator_py.so
[0.781s] -- Up-to-date: /home/giraff-azul2/tfg-villen/tfg_ws/install/pers_msgs/share/pers_msgs/cmake/export_pers_msgs__rosidl_generator_cExport.cmake
[0.781s] -- Up-to-date: /home/giraff-azul2/tfg-villen/tfg_ws/install/pers_msgs/share/pers_msgs/cmake/export_pers_msgs__rosidl_generator_cExport-noconfig.cmake
[0.782s] -- Up-to-date: /home/giraff-azul2/tfg-villen/tfg_ws/install/pers_msgs/share/pers_msgs/cmake/export_pers_msgs__rosidl_typesupport_fastrtps_cExport.cmake
[0.782s] -- Up-to-date: /home/giraff-azul2/tfg-villen/tfg_ws/install/pers_msgs/share/pers_msgs/cmake/export_pers_msgs__rosidl_typesupport_fastrtps_cExport-noconfig.cmake
[0.782s] -- Up-to-date: /home/giraff-azul2/tfg-villen/tfg_ws/install/pers_msgs/share/pers_msgs/cmake/export_pers_msgs__rosidl_generator_cppExport.cmake
[0.783s] -- Up-to-date: /home/giraff-azul2/tfg-villen/tfg_ws/install/pers_msgs/share/pers_msgs/cmake/export_pers_msgs__rosidl_typesupport_fastrtps_cppExport.cmake
[0.783s] -- Up-to-date: /home/giraff-azul2/tfg-villen/tfg_ws/install/pers_msgs/share/pers_msgs/cmake/export_pers_msgs__rosidl_typesupport_fastrtps_cppExport-noconfig.cmake
[0.784s] -- Up-to-date: /home/giraff-azul2/tfg-villen/tfg_ws/install/pers_msgs/share/pers_msgs/cmake/pers_msgs__rosidl_typesupport_introspection_cExport.cmake
[0.784s] -- Up-to-date: /home/giraff-azul2/tfg-villen/tfg_ws/install/pers_msgs/share/pers_msgs/cmake/pers_msgs__rosidl_typesupport_introspection_cExport-noconfig.cmake
[0.784s] -- Up-to-date: /home/giraff-azul2/tfg-villen/tfg_ws/install/pers_msgs/share/pers_msgs/cmake/pers_msgs__rosidl_typesupport_cExport.cmake
[0.784s] -- Up-to-date: /home/giraff-azul2/tfg-villen/tfg_ws/install/pers_msgs/share/pers_msgs/cmake/pers_msgs__rosidl_typesupport_cExport-noconfig.cmake
[0.785s] -- Up-to-date: /home/giraff-azul2/tfg-villen/tfg_ws/install/pers_msgs/share/pers_msgs/cmake/pers_msgs__rosidl_typesupport_introspection_cppExport.cmake
[0.785s] -- Up-to-date: /home/giraff-azul2/tfg-villen/tfg_ws/install/pers_msgs/share/pers_msgs/cmake/pers_msgs__rosidl_typesupport_introspection_cppExport-noconfig.cmake
[0.786s] -- Up-to-date: /home/giraff-azul2/tfg-villen/tfg_ws/install/pers_msgs/share/pers_msgs/cmake/pers_msgs__rosidl_typesupport_cppExport.cmake
[0.786s] -- Up-to-date: /home/giraff-azul2/tfg-villen/tfg_ws/install/pers_msgs/share/pers_msgs/cmake/pers_msgs__rosidl_typesupport_cppExport-noconfig.cmake
[0.786s] -- Up-to-date: /home/giraff-azul2/tfg-villen/tfg_ws/install/pers_msgs/share/pers_msgs/cmake/export_pers_msgs__rosidl_generator_pyExport.cmake
[0.786s] -- Up-to-date: /home/giraff-azul2/tfg-villen/tfg_ws/install/pers_msgs/share/pers_msgs/cmake/export_pers_msgs__rosidl_generator_pyExport-noconfig.cmake
[0.789s] Invoked command in '/home/giraff-azul2/tfg-villen/tfg_ws/build/pers_msgs' returned '0': CMAKE_PREFIX_PATH=/opt/ros/humble PS1=(tfg_venv) \[\e]0;\u@\h: \w\a\]${debian_chroot:+($debian_chroot)}\[\033[01;32m\]\u@\h\[\033[00m\]:\[\033[01;34m\]\w\[\033[00m\]\$ VIRTUAL_ENV_PROMPT=(tfg_venv) /usr/bin/cmake --install /home/giraff-azul2/tfg-villen/tfg_ws/build/pers_msgs
