[0.025s] Invoking command in '/home/giraff-azul2/tfg-villen/tfg_ws/build/pers_msgs': CMAKE_PREFIX_PATH=${CMAKE_PREFIX_PATH}:/home/giraff-azul2/tfg-villen/tfg_ws/install/fer_pkg:/opt/ros/humble PS1=(tfg_venv) \[\e]0;\u@\h: \w\a\]${debian_chroot:+($debian_chroot)}\[\033[01;32m\]\u@\h\[\033[00m\]:\[\033[01;34m\]\w\[\033[00m\]\$ VIRTUAL_ENV_PROMPT=(tfg_venv) /home/giraff-azul2/tfg-villen/tfg_venv/bin/cmake --build /home/giraff-azul2/tfg-villen/tfg_ws/build/pers_msgs -- -j8 -l8
[0.126s] [  7%] Built target pers_msgs__cpp
[0.126s] [ 12%] Built target pers_msgs__rosidl_generator_c
[0.146s] [ 12%] Built target ament_cmake_python_symlink_pers_msgs
[0.175s] [ 23%] Built target pers_msgs__rosidl_typesupport_cpp
[0.177s] [ 33%] Built target pers_msgs__rosidl_typesupport_fastrtps_c
[0.180s] [ 43%] Built target pers_msgs__rosidl_typesupport_introspection_c
[0.181s] [ 53%] Built target pers_msgs__rosidl_typesupport_fastrtps_cpp
[0.181s] [ 64%] Built target pers_msgs__rosidl_typesupport_c
[0.186s] [ 74%] Built target pers_msgs__rosidl_typesupport_introspection_cpp
[0.209s] [ 74%] Built target pers_msgs
[0.237s] [ 76%] Built target pers_msgs__py
[0.269s] [ 84%] Built target pers_msgs__rosidl_generator_py
[0.294s] [100%] Built target pers_msgs__rosidl_typesupport_c__pyext
[0.294s] [100%] Built target pers_msgs__rosidl_typesupport_fastrtps_c__pyext
[0.294s] [100%] Built target pers_msgs__rosidl_typesupport_introspection_c__pyext
[0.499s] running egg_info
[0.500s] writing pers_msgs.egg-info/PKG-INFO
[0.500s] writing dependency_links to pers_msgs.egg-info/dependency_links.txt
[0.501s] writing top-level names to pers_msgs.egg-info/top_level.txt
[0.503s] reading manifest file 'pers_msgs.egg-info/SOURCES.txt'
[0.504s] writing manifest file 'pers_msgs.egg-info/SOURCES.txt'
[0.546s] [100%] Built target ament_cmake_python_build_pers_msgs_egg
[0.562s] Invoked command in '/home/giraff-azul2/tfg-villen/tfg_ws/build/pers_msgs' returned '0': CMAKE_PREFIX_PATH=${CMAKE_PREFIX_PATH}:/home/giraff-azul2/tfg-villen/tfg_ws/install/fer_pkg:/opt/ros/humble PS1=(tfg_venv) \[\e]0;\u@\h: \w\a\]${debian_chroot:+($debian_chroot)}\[\033[01;32m\]\u@\h\[\033[00m\]:\[\033[01;34m\]\w\[\033[00m\]\$ VIRTUAL_ENV_PROMPT=(tfg_venv) /home/giraff-azul2/tfg-villen/tfg_venv/bin/cmake --build /home/giraff-azul2/tfg-villen/tfg_ws/build/pers_msgs -- -j8 -l8
[0.713s] Invoking command in '/home/giraff-azul2/tfg-villen/tfg_ws/build/pers_msgs': CMAKE_PREFIX_PATH=${CMAKE_PREFIX_PATH}:/home/giraff-azul2/tfg-villen/tfg_ws/install/fer_pkg:/opt/ros/humble PS1=(tfg_venv) \[\e]0;\u@\h: \w\a\]${debian_chroot:+($debian_chroot)}\[\033[01;32m\]\u@\h\[\033[00m\]:\[\033[01;34m\]\w\[\033[00m\]\$ VIRTUAL_ENV_PROMPT=(tfg_venv) /home/giraff-azul2/tfg-villen/tfg_venv/bin/cmake --install /home/giraff-azul2/tfg-villen/tfg_ws/build/pers_msgs
[0.752s] -- Install configuration: ""
[0.753s] -- Execute custom install script
[0.753s] -- Up-to-date symlink: /home/giraff-azul2/tfg-villen/tfg_ws/install/pers_msgs/share/ament_index/resource_index/rosidl_interfaces/pers_msgs
[0.754s] -- Up-to-date symlink: /home/giraff-azul2/tfg-villen/tfg_ws/install/pers_msgs/include/pers_msgs/pers_msgs/msg/caramsg.h
[0.754s] -- Up-to-date symlink: /home/giraff-azul2/tfg-villen/tfg_ws/install/pers_msgs/include/pers_msgs/pers_msgs/msg/detail/caramsg__functions.h
[0.754s] -- Up-to-date symlink: /home/giraff-azul2/tfg-villen/tfg_ws/install/pers_msgs/include/pers_msgs/pers_msgs/msg/detail/caramsg__struct.h
[0.754s] -- Up-to-date symlink: /home/giraff-azul2/tfg-villen/tfg_ws/install/pers_msgs/include/pers_msgs/pers_msgs/msg/detail/caramsg__type_support.h
[0.755s] -- Up-to-date symlink: /home/giraff-azul2/tfg-villen/tfg_ws/install/pers_msgs/include/pers_msgs/pers_msgs/msg/detail/nuevo_usuariomsg__functions.h
[0.755s] -- Up-to-date symlink: /home/giraff-azul2/tfg-villen/tfg_ws/install/pers_msgs/include/pers_msgs/pers_msgs/msg/detail/nuevo_usuariomsg__struct.h
[0.755s] -- Up-to-date symlink: /home/giraff-azul2/tfg-villen/tfg_ws/install/pers_msgs/include/pers_msgs/pers_msgs/msg/detail/nuevo_usuariomsg__type_support.h
[0.755s] -- Up-to-date symlink: /home/giraff-azul2/tfg-villen/tfg_ws/install/pers_msgs/include/pers_msgs/pers_msgs/msg/nuevo_usuariomsg.h
[0.755s] -- Up-to-date symlink: /home/giraff-azul2/tfg-villen/tfg_ws/install/pers_msgs/include/pers_msgs/pers_msgs/msg/rosidl_generator_c__visibility_control.h
[0.756s] -- Up-to-date symlink: /home/giraff-azul2/tfg-villen/tfg_ws/install/pers_msgs/share/pers_msgs/environment/library_path.sh
[0.756s] -- Up-to-date symlink: /home/giraff-azul2/tfg-villen/tfg_ws/install/pers_msgs/share/pers_msgs/environment/library_path.dsv
[0.757s] -- Up-to-date symlink: /home/giraff-azul2/tfg-villen/tfg_ws/install/pers_msgs/include/pers_msgs/pers_msgs/msg/detail/caramsg__rosidl_typesupport_fastrtps_c.h
[0.757s] -- Up-to-date symlink: /home/giraff-azul2/tfg-villen/tfg_ws/install/pers_msgs/include/pers_msgs/pers_msgs/msg/detail/nuevo_usuariomsg__rosidl_typesupport_fastrtps_c.h
[0.757s] -- Up-to-date symlink: /home/giraff-azul2/tfg-villen/tfg_ws/install/pers_msgs/include/pers_msgs/pers_msgs/msg/rosidl_typesupport_fastrtps_c__visibility_control.h
[0.757s] -- Up-to-date symlink: /home/giraff-azul2/tfg-villen/tfg_ws/install/pers_msgs/include/pers_msgs/pers_msgs/msg/caramsg.hpp
[0.758s] -- Up-to-date symlink: /home/giraff-azul2/tfg-villen/tfg_ws/install/pers_msgs/include/pers_msgs/pers_msgs/msg/detail/caramsg__builder.hpp
[0.758s] -- Up-to-date symlink: /home/giraff-azul2/tfg-villen/tfg_ws/install/pers_msgs/include/pers_msgs/pers_msgs/msg/detail/caramsg__struct.hpp
[0.758s] -- Up-to-date symlink: /home/giraff-azul2/tfg-villen/tfg_ws/install/pers_msgs/include/pers_msgs/pers_msgs/msg/detail/caramsg__traits.hpp
[0.758s] -- Up-to-date symlink: /home/giraff-azul2/tfg-villen/tfg_ws/install/pers_msgs/include/pers_msgs/pers_msgs/msg/detail/nuevo_usuariomsg__builder.hpp
[0.758s] -- Up-to-date symlink: /home/giraff-azul2/tfg-villen/tfg_ws/install/pers_msgs/include/pers_msgs/pers_msgs/msg/detail/nuevo_usuariomsg__struct.hpp
[0.759s] -- Up-to-date symlink: /home/giraff-azul2/tfg-villen/tfg_ws/install/pers_msgs/include/pers_msgs/pers_msgs/msg/detail/nuevo_usuariomsg__traits.hpp
[0.759s] -- Up-to-date symlink: /home/giraff-azul2/tfg-villen/tfg_ws/install/pers_msgs/include/pers_msgs/pers_msgs/msg/nuevo_usuariomsg.hpp
[0.759s] -- Up-to-date symlink: /home/giraff-azul2/tfg-villen/tfg_ws/install/pers_msgs/include/pers_msgs/pers_msgs/msg/detail/caramsg__rosidl_typesupport_fastrtps_cpp.hpp
[0.760s] -- Up-to-date symlink: /home/giraff-azul2/tfg-villen/tfg_ws/install/pers_msgs/include/pers_msgs/pers_msgs/msg/detail/nuevo_usuariomsg__rosidl_typesupport_fastrtps_cpp.hpp
[0.760s] -- Up-to-date symlink: /home/giraff-azul2/tfg-villen/tfg_ws/install/pers_msgs/include/pers_msgs/pers_msgs/msg/rosidl_typesupport_fastrtps_cpp__visibility_control.h
[0.760s] -- Up-to-date symlink: /home/giraff-azul2/tfg-villen/tfg_ws/install/pers_msgs/include/pers_msgs/pers_msgs/msg/detail/caramsg__rosidl_typesupport_introspection_c.h
[0.761s] -- Up-to-date symlink: /home/giraff-azul2/tfg-villen/tfg_ws/install/pers_msgs/include/pers_msgs/pers_msgs/msg/detail/nuevo_usuariomsg__rosidl_typesupport_introspection_c.h
[0.761s] -- Up-to-date symlink: /home/giraff-azul2/tfg-villen/tfg_ws/install/pers_msgs/include/pers_msgs/pers_msgs/msg/rosidl_typesupport_introspection_c__visibility_control.h
[0.761s] -- Up-to-date symlink: /home/giraff-azul2/tfg-villen/tfg_ws/install/pers_msgs/include/pers_msgs/pers_msgs/msg/detail/caramsg__rosidl_typesupport_introspection_cpp.hpp
[0.761s] -- Up-to-date symlink: /home/giraff-azul2/tfg-villen/tfg_ws/install/pers_msgs/include/pers_msgs/pers_msgs/msg/detail/nuevo_usuariomsg__rosidl_typesupport_introspection_cpp.hpp
[0.762s] -- Up-to-date symlink: /home/giraff-azul2/tfg-villen/tfg_ws/install/pers_msgs/share/pers_msgs/environment/pythonpath.sh
[0.762s] -- Up-to-date symlink: /home/giraff-azul2/tfg-villen/tfg_ws/install/pers_msgs/share/pers_msgs/environment/pythonpath.dsv
[0.763s] -- Up-to-date symlink: /home/giraff-azul2/tfg-villen/tfg_ws/install/pers_msgs/lib/python3.10/site-packages/pers_msgs-0.0.0-py3.10.egg-info/PKG-INFO
[0.763s] -- Up-to-date symlink: /home/giraff-azul2/tfg-villen/tfg_ws/install/pers_msgs/lib/python3.10/site-packages/pers_msgs-0.0.0-py3.10.egg-info/SOURCES.txt
[0.763s] -- Up-to-date symlink: /home/giraff-azul2/tfg-villen/tfg_ws/install/pers_msgs/lib/python3.10/site-packages/pers_msgs-0.0.0-py3.10.egg-info/dependency_links.txt
[0.763s] -- Up-to-date symlink: /home/giraff-azul2/tfg-villen/tfg_ws/install/pers_msgs/lib/python3.10/site-packages/pers_msgs-0.0.0-py3.10.egg-info/top_level.txt
[0.764s] -- Up-to-date symlink: /home/giraff-azul2/tfg-villen/tfg_ws/install/pers_msgs/lib/python3.10/site-packages/pers_msgs/__init__.py
[0.764s] -- Up-to-date symlink: /home/giraff-azul2/tfg-villen/tfg_ws/install/pers_msgs/lib/python3.10/site-packages/pers_msgs/_pers_msgs_s.ep.rosidl_typesupport_c.c
[0.764s] -- Up-to-date symlink: /home/giraff-azul2/tfg-villen/tfg_ws/install/pers_msgs/lib/python3.10/site-packages/pers_msgs/_pers_msgs_s.ep.rosidl_typesupport_fastrtps_c.c
[0.765s] -- Up-to-date symlink: /home/giraff-azul2/tfg-villen/tfg_ws/install/pers_msgs/lib/python3.10/site-packages/pers_msgs/_pers_msgs_s.ep.rosidl_typesupport_introspection_c.c
[0.765s] -- Up-to-date symlink: /home/giraff-azul2/tfg-villen/tfg_ws/install/pers_msgs/lib/python3.10/site-packages/pers_msgs/libpers_msgs__rosidl_generator_py.so
[0.765s] -- Up-to-date symlink: /home/giraff-azul2/tfg-villen/tfg_ws/install/pers_msgs/lib/python3.10/site-packages/pers_msgs/msg/__init__.py
[0.765s] -- Up-to-date symlink: /home/giraff-azul2/tfg-villen/tfg_ws/install/pers_msgs/lib/python3.10/site-packages/pers_msgs/msg/_caramsg.py
[0.765s] -- Up-to-date symlink: /home/giraff-azul2/tfg-villen/tfg_ws/install/pers_msgs/lib/python3.10/site-packages/pers_msgs/msg/_caramsg_s.c
[0.766s] -- Up-to-date symlink: /home/giraff-azul2/tfg-villen/tfg_ws/install/pers_msgs/lib/python3.10/site-packages/pers_msgs/msg/_nuevo_usuariomsg.py
[0.766s] -- Up-to-date symlink: /home/giraff-azul2/tfg-villen/tfg_ws/install/pers_msgs/lib/python3.10/site-packages/pers_msgs/msg/_nuevo_usuariomsg_s.c
[0.766s] -- Up-to-date symlink: /home/giraff-azul2/tfg-villen/tfg_ws/install/pers_msgs/lib/python3.10/site-packages/pers_msgs/pers_msgs_s__rosidl_typesupport_c.cpython-310-x86_64-linux-gnu.so
[0.766s] -- Up-to-date symlink: /home/giraff-azul2/tfg-villen/tfg_ws/install/pers_msgs/lib/python3.10/site-packages/pers_msgs/pers_msgs_s__rosidl_typesupport_fastrtps_c.cpython-310-x86_64-linux-gnu.so
[0.766s] -- Up-to-date symlink: /home/giraff-azul2/tfg-villen/tfg_ws/install/pers_msgs/lib/python3.10/site-packages/pers_msgs/pers_msgs_s__rosidl_typesupport_introspection_c.cpython-310-x86_64-linux-gnu.so
[0.767s] -- Up-to-date symlink: /home/giraff-azul2/tfg-villen/tfg_ws/install/pers_msgs/lib/python3.10/site-packages/pers_msgs/pers_msgs_s__rosidl_typesupport_fastrtps_c.cpython-310-x86_64-linux-gnu.so
[0.767s] -- Up-to-date symlink: /home/giraff-azul2/tfg-villen/tfg_ws/install/pers_msgs/lib/python3.10/site-packages/pers_msgs/pers_msgs_s__rosidl_typesupport_introspection_c.cpython-310-x86_64-linux-gnu.so
[0.768s] -- Up-to-date symlink: /home/giraff-azul2/tfg-villen/tfg_ws/install/pers_msgs/lib/python3.10/site-packages/pers_msgs/pers_msgs_s__rosidl_typesupport_c.cpython-310-x86_64-linux-gnu.so
[0.768s] -- Up-to-date symlink: /home/giraff-azul2/tfg-villen/tfg_ws/install/pers_msgs/share/pers_msgs/msg/Caramsg.idl
[0.768s] -- Up-to-date symlink: /home/giraff-azul2/tfg-villen/tfg_ws/install/pers_msgs/share/pers_msgs/msg/NuevoUsuariomsg.idl
[0.769s] -- Up-to-date symlink: /home/giraff-azul2/tfg-villen/tfg_ws/install/pers_msgs/share/pers_msgs/msg/Caramsg.msg
[0.769s] -- Up-to-date symlink: /home/giraff-azul2/tfg-villen/tfg_ws/install/pers_msgs/share/pers_msgs/msg/NuevoUsuariomsg.msg
[0.769s] -- Up-to-date symlink: /home/giraff-azul2/tfg-villen/tfg_ws/install/pers_msgs/share/ament_index/resource_index/package_run_dependencies/pers_msgs
[0.769s] -- Up-to-date symlink: /home/giraff-azul2/tfg-villen/tfg_ws/install/pers_msgs/share/ament_index/resource_index/parent_prefix_path/pers_msgs
[0.770s] -- Up-to-date symlink: /home/giraff-azul2/tfg-villen/tfg_ws/install/pers_msgs/share/pers_msgs/environment/ament_prefix_path.sh
[0.770s] -- Up-to-date symlink: /home/giraff-azul2/tfg-villen/tfg_ws/install/pers_msgs/share/pers_msgs/environment/ament_prefix_path.dsv
[0.770s] -- Up-to-date symlink: /home/giraff-azul2/tfg-villen/tfg_ws/install/pers_msgs/share/pers_msgs/environment/path.sh
[0.770s] -- Up-to-date symlink: /home/giraff-azul2/tfg-villen/tfg_ws/install/pers_msgs/share/pers_msgs/environment/path.dsv
[0.771s] -- Up-to-date symlink: /home/giraff-azul2/tfg-villen/tfg_ws/install/pers_msgs/share/pers_msgs/local_setup.bash
[0.771s] -- Up-to-date symlink: /home/giraff-azul2/tfg-villen/tfg_ws/install/pers_msgs/share/pers_msgs/local_setup.sh
[0.771s] -- Up-to-date symlink: /home/giraff-azul2/tfg-villen/tfg_ws/install/pers_msgs/share/pers_msgs/local_setup.zsh
[0.771s] -- Up-to-date symlink: /home/giraff-azul2/tfg-villen/tfg_ws/install/pers_msgs/share/pers_msgs/local_setup.dsv
[0.772s] -- Symlinking: /home/giraff-azul2/tfg-villen/tfg_ws/install/pers_msgs/share/pers_msgs/package.dsv
[0.776s] Traceback (most recent call last):
[0.777s]   File "/home/giraff-azul2/tfg-villen/tfg_venv/bin/cmake", line 8, in <module>
[0.777s]     sys.exit(cmake())
[0.777s]   File "/home/giraff-azul2/tfg-villen/tfg_venv/lib/python3.10/site-packages/cmake/__init__.py", line 43, in cmake
[0.777s]     raise SystemExit(_program('cmake', sys.argv[1:]))
[0.777s]   File "/home/giraff-azul2/tfg-villen/tfg_venv/lib/python3.10/site-packages/cmake/__init__.py", line 39, in _program
[0.777s]     return subprocess.call([os.path.join(CMAKE_BIN_DIR, name)] + args, close_fds=False)
[0.777s]   File "/usr/lib/python3.10/subprocess.py", line 347, in call
[0.777s]     return p.wait(timeout=timeout)
[0.778s]   File "/usr/lib/python3.10/subprocess.py", line 1207, in wait
[0.778s]     return self._wait(timeout=timeout)
[0.778s]   File "/usr/lib/python3.10/subprocess.py", line 1941, in _wait
[0.778s]     (pid, sts) = self._try_wait(0)
[0.778s]   File "/usr/lib/python3.10/subprocess.py", line 1899, in _try_wait
[0.778s]     (pid, sts) = os.waitpid(self.pid, wait_flags)
[0.778s] KeyboardInterrupt
[0.783s] Invoked command in '/home/giraff-azul2/tfg-villen/tfg_ws/build/pers_msgs' returned '-2': CMAKE_PREFIX_PATH=${CMAKE_PREFIX_PATH}:/home/giraff-azul2/tfg-villen/tfg_ws/install/fer_pkg:/opt/ros/humble PS1=(tfg_venv) \[\e]0;\u@\h: \w\a\]${debian_chroot:+($debian_chroot)}\[\033[01;32m\]\u@\h\[\033[00m\]:\[\033[01;34m\]\w\[\033[00m\]\$ VIRTUAL_ENV_PROMPT=(tfg_venv) /home/giraff-azul2/tfg-villen/tfg_venv/bin/cmake --install /home/giraff-azul2/tfg-villen/tfg_ws/build/pers_msgs
