[2.565s] Invoking command in '/home/giraff-azul2/tfg-villen/tfg_ws/src/fer_pkg': AMENT_PREFIX_PATH=/home/giraff-azul2/tfg-villen/tfg_ws/install/pers_msgs:${AMENT_PREFIX_PATH} CMAKE_PREFIX_PATH=/home/giraff-azul2/tfg-villen/tfg_ws/install/pers_msgs:${CMAKE_PREFIX_PATH} LD_LIBRARY_PATH=/home/giraff-azul2/tfg-villen/tfg_ws/install/pers_msgs/lib:${LD_LIBRARY_PATH} PYTHONPATH=/home/giraff-azul2/tfg-villen/tfg_ws/build/fer_pkg/prefix_override:/home/giraff-azul2/tfg-villen/tfg_ws/install/fer_pkg/lib/python3.10/site-packages:/home/giraff-azul2/tfg-villen/tfg_ws/install/pers_msgs/lib/python3.10/site-packages:${PYTHONPATH} /usr/bin/python3 setup.py egg_info --egg-base ../../build/fer_pkg build --build-base /home/giraff-azul2/tfg-villen/tfg_ws/build/fer_pkg/build install --record /home/giraff-azul2/tfg-villen/tfg_ws/build/fer_pkg/install.log --single-version-externally-managed
[3.311s] running egg_info
[3.313s] writing ../../build/fer_pkg/fer_pkg.egg-info/PKG-INFO
[3.313s] writing dependency_links to ../../build/fer_pkg/fer_pkg.egg-info/dependency_links.txt
[3.314s] writing entry points to ../../build/fer_pkg/fer_pkg.egg-info/entry_points.txt
[3.315s] writing requirements to ../../build/fer_pkg/fer_pkg.egg-info/requires.txt
[3.315s] writing top-level names to ../../build/fer_pkg/fer_pkg.egg-info/top_level.txt
[3.319s] reading manifest file '../../build/fer_pkg/fer_pkg.egg-info/SOURCES.txt'
[3.322s] writing manifest file '../../build/fer_pkg/fer_pkg.egg-info/SOURCES.txt'
[3.323s] running build
[3.323s] running build_py
[3.323s] copying fer_pkg/Face_detector_node.py -> /home/giraff-azul2/tfg-villen/tfg_ws/build/fer_pkg/build/lib/fer_pkg
[3.324s] copying fer_pkg/Emotion_detector_node.py -> /home/giraff-azul2/tfg-villen/tfg_ws/build/fer_pkg/build/lib/fer_pkg
[3.325s] running install
[3.326s] /home/giraff-azul2/tfg-villen/tfg_venv/lib/python3.10/site-packages/setuptools/command/install.py:34: SetuptoolsDeprecationWarning: setup.py install is deprecated. Use build and pip and other standards-based tools.
[3.327s]   warnings.warn(
[3.328s] running install_lib
[3.331s] copying /home/giraff-azul2/tfg-villen/tfg_ws/build/fer_pkg/build/lib/fer_pkg/Face_detector_node.py -> /home/giraff-azul2/tfg-villen/tfg_ws/install/fer_pkg/lib/python3.10/site-packages/fer_pkg
[3.331s] copying /home/giraff-azul2/tfg-villen/tfg_ws/build/fer_pkg/build/lib/fer_pkg/Emotion_detector_node.py -> /home/giraff-azul2/tfg-villen/tfg_ws/install/fer_pkg/lib/python3.10/site-packages/fer_pkg
[3.333s] byte-compiling /home/giraff-azul2/tfg-villen/tfg_ws/install/fer_pkg/lib/python3.10/site-packages/fer_pkg/Face_detector_node.py to Face_detector_node.cpython-310.pyc
[3.336s] byte-compiling /home/giraff-azul2/tfg-villen/tfg_ws/install/fer_pkg/lib/python3.10/site-packages/fer_pkg/Emotion_detector_node.py to Emotion_detector_node.cpython-310.pyc
[3.338s] running install_data
[3.340s] running install_egg_info
[3.347s] removing '/home/giraff-azul2/tfg-villen/tfg_ws/install/fer_pkg/lib/python3.10/site-packages/fer_pkg-0.0.0-py3.10.egg-info' (and everything under it)
[3.348s] Copying ../../build/fer_pkg/fer_pkg.egg-info to /home/giraff-azul2/tfg-villen/tfg_ws/install/fer_pkg/lib/python3.10/site-packages/fer_pkg-0.0.0-py3.10.egg-info
[3.351s] running install_scripts
[3.404s] Installing Emotion_detector_node script to /home/giraff-azul2/tfg-villen/tfg_ws/install/fer_pkg/lib/fer_pkg
[3.404s] Installing Face_detector_node script to /home/giraff-azul2/tfg-villen/tfg_ws/install/fer_pkg/lib/fer_pkg
[3.404s] Installing TelegramNode script to /home/giraff-azul2/tfg-villen/tfg_ws/install/fer_pkg/lib/fer_pkg
[3.405s] Installing my_node script to /home/giraff-azul2/tfg-villen/tfg_ws/install/fer_pkg/lib/fer_pkg
[3.408s] writing list of installed files to '/home/giraff-azul2/tfg-villen/tfg_ws/build/fer_pkg/install.log'
[3.532s] Invoked command in '/home/giraff-azul2/tfg-villen/tfg_ws/src/fer_pkg' returned '0': AMENT_PREFIX_PATH=/home/giraff-azul2/tfg-villen/tfg_ws/install/pers_msgs:${AMENT_PREFIX_PATH} CMAKE_PREFIX_PATH=/home/giraff-azul2/tfg-villen/tfg_ws/install/pers_msgs:${CMAKE_PREFIX_PATH} LD_LIBRARY_PATH=/home/giraff-azul2/tfg-villen/tfg_ws/install/pers_msgs/lib:${LD_LIBRARY_PATH} PYTHONPATH=/home/giraff-azul2/tfg-villen/tfg_ws/build/fer_pkg/prefix_override:/home/giraff-azul2/tfg-villen/tfg_ws/install/fer_pkg/lib/python3.10/site-packages:/home/giraff-azul2/tfg-villen/tfg_ws/install/pers_msgs/lib/python3.10/site-packages:${PYTHONPATH} /usr/bin/python3 setup.py egg_info --egg-base ../../build/fer_pkg build --build-base /home/giraff-azul2/tfg-villen/tfg_ws/build/fer_pkg/build install --record /home/giraff-azul2/tfg-villen/tfg_ws/build/fer_pkg/install.log --single-version-externally-managed
