[1.109s] Invoking command in '/home/giraff-azul2/tfg-villen/tfg_ws/src/fer_pkg': AMENT_PREFIX_PATH=/home/giraff-azul2/tfg-villen/tfg_ws/install/pers_msgs:${AMENT_PREFIX_PATH} CMAKE_PREFIX_PATH=/home/giraff-azul2/tfg-villen/tfg_ws/install/pers_msgs:${CMAKE_PREFIX_PATH} LD_LIBRARY_PATH=/home/giraff-azul2/tfg-villen/tfg_ws/install/pers_msgs/lib:${LD_LIBRARY_PATH} PYTHONPATH=/home/giraff-azul2/tfg-villen/tfg_ws/build/fer_pkg/prefix_override:/home/giraff-azul2/tfg-villen/tfg_ws/install/fer_pkg/lib/python3.10/site-packages:/home/giraff-azul2/tfg-villen/tfg_ws/install/pers_msgs/lib/python3.10/site-packages:${PYTHONPATH} /usr/bin/python3 setup.py egg_info --egg-base ../../build/fer_pkg build --build-base /home/giraff-azul2/tfg-villen/tfg_ws/build/fer_pkg/build install --record /home/giraff-azul2/tfg-villen/tfg_ws/build/fer_pkg/install.log --single-version-externally-managed
[1.522s] running egg_info
[1.523s] writing ../../build/fer_pkg/fer_pkg.egg-info/PKG-INFO
[1.523s] writing dependency_links to ../../build/fer_pkg/fer_pkg.egg-info/dependency_links.txt
[1.523s] writing entry points to ../../build/fer_pkg/fer_pkg.egg-info/entry_points.txt
[1.524s] writing requirements to ../../build/fer_pkg/fer_pkg.egg-info/requires.txt
[1.524s] writing top-level names to ../../build/fer_pkg/fer_pkg.egg-info/top_level.txt
[1.526s] reading manifest file '../../build/fer_pkg/fer_pkg.egg-info/SOURCES.txt'
[1.528s] writing manifest file '../../build/fer_pkg/fer_pkg.egg-info/SOURCES.txt'
[1.528s] running build
[1.528s] running build_py
[1.528s] copying fer_pkg/Face_detector_node.py -> /home/giraff-azul2/tfg-villen/tfg_ws/build/fer_pkg/build/lib/fer_pkg
[1.528s] copying fer_pkg/Emotion_detector_node.py -> /home/giraff-azul2/tfg-villen/tfg_ws/build/fer_pkg/build/lib/fer_pkg
[1.529s] running install
[1.529s] /home/giraff-azul2/tfg-villen/tfg_venv/lib/python3.10/site-packages/setuptools/command/install.py:34: SetuptoolsDeprecationWarning: setup.py install is deprecated. Use build and pip and other standards-based tools.
[1.529s]   warnings.warn(
[1.529s] running install_lib
[1.531s] copying /home/giraff-azul2/tfg-villen/tfg_ws/build/fer_pkg/build/lib/fer_pkg/Face_detector_node.py -> /home/giraff-azul2/tfg-villen/tfg_ws/install/fer_pkg/lib/python3.10/site-packages/fer_pkg
[1.531s] copying /home/giraff-azul2/tfg-villen/tfg_ws/build/fer_pkg/build/lib/fer_pkg/Emotion_detector_node.py -> /home/giraff-azul2/tfg-villen/tfg_ws/install/fer_pkg/lib/python3.10/site-packages/fer_pkg
[1.532s] byte-compiling /home/giraff-azul2/tfg-villen/tfg_ws/install/fer_pkg/lib/python3.10/site-packages/fer_pkg/Face_detector_node.py to Face_detector_node.cpython-310.pyc
[1.535s] byte-compiling /home/giraff-azul2/tfg-villen/tfg_ws/install/fer_pkg/lib/python3.10/site-packages/fer_pkg/Emotion_detector_node.py to Emotion_detector_node.cpython-310.pyc
[1.537s] running install_data
[1.538s] running install_egg_info
[1.540s] removing '/home/giraff-azul2/tfg-villen/tfg_ws/install/fer_pkg/lib/python3.10/site-packages/fer_pkg-0.0.0-py3.10.egg-info' (and everything under it)
[1.540s] Copying ../../build/fer_pkg/fer_pkg.egg-info to /home/giraff-azul2/tfg-villen/tfg_ws/install/fer_pkg/lib/python3.10/site-packages/fer_pkg-0.0.0-py3.10.egg-info
[1.542s] running install_scripts
[1.570s] Installing Emotion_detector_node script to /home/giraff-azul2/tfg-villen/tfg_ws/install/fer_pkg/lib/fer_pkg
[1.571s] Installing Face_detector_node script to /home/giraff-azul2/tfg-villen/tfg_ws/install/fer_pkg/lib/fer_pkg
[1.571s] Installing TelegramNode script to /home/giraff-azul2/tfg-villen/tfg_ws/install/fer_pkg/lib/fer_pkg
[1.571s] Installing my_node script to /home/giraff-azul2/tfg-villen/tfg_ws/install/fer_pkg/lib/fer_pkg
[1.572s] writing list of installed files to '/home/giraff-azul2/tfg-villen/tfg_ws/build/fer_pkg/install.log'
[1.613s] Invoked command in '/home/giraff-azul2/tfg-villen/tfg_ws/src/fer_pkg' returned '0': AMENT_PREFIX_PATH=/home/giraff-azul2/tfg-villen/tfg_ws/install/pers_msgs:${AMENT_PREFIX_PATH} CMAKE_PREFIX_PATH=/home/giraff-azul2/tfg-villen/tfg_ws/install/pers_msgs:${CMAKE_PREFIX_PATH} LD_LIBRARY_PATH=/home/giraff-azul2/tfg-villen/tfg_ws/install/pers_msgs/lib:${LD_LIBRARY_PATH} PYTHONPATH=/home/giraff-azul2/tfg-villen/tfg_ws/build/fer_pkg/prefix_override:/home/giraff-azul2/tfg-villen/tfg_ws/install/fer_pkg/lib/python3.10/site-packages:/home/giraff-azul2/tfg-villen/tfg_ws/install/pers_msgs/lib/python3.10/site-packages:${PYTHONPATH} /usr/bin/python3 setup.py egg_info --egg-base ../../build/fer_pkg build --build-base /home/giraff-azul2/tfg-villen/tfg_ws/build/fer_pkg/build install --record /home/giraff-azul2/tfg-villen/tfg_ws/build/fer_pkg/install.log --single-version-externally-managed
