[0.020s] Invoking command in '/home/giraff-azul2/tfg-villen/tfg_ws/build/pers_msgs': CMAKE_PREFIX_PATH=/opt/ros/humble /usr/bin/cmake --build /home/giraff-azul2/tfg-villen/tfg_ws/build/pers_msgs -- -j8 -l8
[0.085s] [  2%] Built target pers_msgs__cpp
[0.086s] [ 12%] Built target pers_msgs__rosidl_generator_c
[0.095s] [ 12%] Built target ament_cmake_python_symlink_pers_msgs
[0.117s] [ 33%] Built target pers_msgs__rosidl_typesupport_introspection_cpp
[0.117s] [ 33%] Built target pers_msgs__rosidl_typesupport_fastrtps_cpp
[0.123s] [ 43%] Built target pers_msgs__rosidl_typesupport_cpp
[0.143s] [ 66%] Built target pers_msgs__rosidl_typesupport_fastrtps_c
[0.143s] [ 66%] Built target pers_msgs__rosidl_typesupport_introspection_c
[0.143s] [ 74%] Built target pers_msgs__rosidl_typesupport_c
[0.166s] [ 74%] Built target pers_msgs
[0.189s] [ 76%] Built target pers_msgs__py
[0.213s] [ 84%] Built target pers_msgs__rosidl_generator_py
[0.242s] [ 94%] Built target pers_msgs__rosidl_typesupport_fastrtps_c__pyext
[0.243s] [ 94%] Built target pers_msgs__rosidl_typesupport_c__pyext
[0.243s] [100%] Built target pers_msgs__rosidl_typesupport_introspection_c__pyext
[0.440s] running egg_info
[0.442s] writing pers_msgs.egg-info/PKG-INFO
[0.442s] writing dependency_links to pers_msgs.egg-info/dependency_links.txt
[0.443s] writing top-level names to pers_msgs.egg-info/top_level.txt
[0.445s] reading manifest file 'pers_msgs.egg-info/SOURCES.txt'
[0.446s] writing manifest file 'pers_msgs.egg-info/SOURCES.txt'
[0.480s] [100%] Built target ament_cmake_python_build_pers_msgs_egg
[0.495s] Invoked command in '/home/giraff-azul2/tfg-villen/tfg_ws/build/pers_msgs' returned '0': CMAKE_PREFIX_PATH=/opt/ros/humble /usr/bin/cmake --build /home/giraff-azul2/tfg-villen/tfg_ws/build/pers_msgs -- -j8 -l8
[0.587s] Invoking command in '/home/giraff-azul2/tfg-villen/tfg_ws/build/pers_msgs': CMAKE_PREFIX_PATH=/opt/ros/humble /usr/bin/cmake --install /home/giraff-azul2/tfg-villen/tfg_ws/build/pers_msgs
[0.596s] -- Install configuration: ""
[0.598s] -- Execute custom install script
[0.598s] -- Up-to-date symlink: /home/giraff-azul2/tfg-villen/tfg_ws/install/pers_msgs/share/ament_index/resource_index/rosidl_interfaces/pers_msgs
[0.599s] -- Up-to-date symlink: /home/giraff-azul2/tfg-villen/tfg_ws/install/pers_msgs/include/pers_msgs/pers_msgs/msg/caramsg.h
[0.600s] -- Up-to-date symlink: /home/giraff-azul2/tfg-villen/tfg_ws/install/pers_msgs/include/pers_msgs/pers_msgs/msg/detail/caramsg__functions.h
[0.600s] -- Up-to-date symlink: /home/giraff-azul2/tfg-villen/tfg_ws/install/pers_msgs/include/pers_msgs/pers_msgs/msg/detail/caramsg__struct.h
[0.600s] -- Up-to-date symlink: /home/giraff-azul2/tfg-villen/tfg_ws/install/pers_msgs/include/pers_msgs/pers_msgs/msg/detail/caramsg__type_support.h
[0.600s] -- Up-to-date symlink: /home/giraff-azul2/tfg-villen/tfg_ws/install/pers_msgs/include/pers_msgs/pers_msgs/msg/detail/nuevo_usuariomsg__functions.h
[0.600s] -- Up-to-date symlink: /home/giraff-azul2/tfg-villen/tfg_ws/install/pers_msgs/include/pers_msgs/pers_msgs/msg/detail/nuevo_usuariomsg__struct.h
[0.600s] -- Up-to-date symlink: /home/giraff-azul2/tfg-villen/tfg_ws/install/pers_msgs/include/pers_msgs/pers_msgs/msg/detail/nuevo_usuariomsg__type_support.h
[0.600s] -- Up-to-date symlink: /home/giraff-azul2/tfg-villen/tfg_ws/install/pers_msgs/include/pers_msgs/pers_msgs/msg/nuevo_usuariomsg.h
[0.601s] -- Up-to-date symlink: /home/giraff-azul2/tfg-villen/tfg_ws/install/pers_msgs/include/pers_msgs/pers_msgs/msg/rosidl_generator_c__visibility_control.h
[0.601s] -- Up-to-date symlink: /home/giraff-azul2/tfg-villen/tfg_ws/install/pers_msgs/share/pers_msgs/environment/library_path.sh
[0.601s] -- Up-to-date symlink: /home/giraff-azul2/tfg-villen/tfg_ws/install/pers_msgs/share/pers_msgs/environment/library_path.dsv
[0.602s] -- Up-to-date symlink: /home/giraff-azul2/tfg-villen/tfg_ws/install/pers_msgs/include/pers_msgs/pers_msgs/msg/detail/caramsg__rosidl_typesupport_fastrtps_c.h
[0.602s] -- Up-to-date symlink: /home/giraff-azul2/tfg-villen/tfg_ws/install/pers_msgs/include/pers_msgs/pers_msgs/msg/detail/nuevo_usuariomsg__rosidl_typesupport_fastrtps_c.h
[0.602s] -- Up-to-date symlink: /home/giraff-azul2/tfg-villen/tfg_ws/install/pers_msgs/include/pers_msgs/pers_msgs/msg/rosidl_typesupport_fastrtps_c__visibility_control.h
[0.603s] -- Up-to-date symlink: /home/giraff-azul2/tfg-villen/tfg_ws/install/pers_msgs/include/pers_msgs/pers_msgs/msg/caramsg.hpp
[0.603s] -- Up-to-date symlink: /home/giraff-azul2/tfg-villen/tfg_ws/install/pers_msgs/include/pers_msgs/pers_msgs/msg/detail/caramsg__builder.hpp
[0.603s] -- Up-to-date symlink: /home/giraff-azul2/tfg-villen/tfg_ws/install/pers_msgs/include/pers_msgs/pers_msgs/msg/detail/caramsg__struct.hpp
[0.603s] -- Up-to-date symlink: /home/giraff-azul2/tfg-villen/tfg_ws/install/pers_msgs/include/pers_msgs/pers_msgs/msg/detail/caramsg__traits.hpp
[0.603s] -- Up-to-date symlink: /home/giraff-azul2/tfg-villen/tfg_ws/install/pers_msgs/include/pers_msgs/pers_msgs/msg/detail/nuevo_usuariomsg__builder.hpp
[0.603s] -- Up-to-date symlink: /home/giraff-azul2/tfg-villen/tfg_ws/install/pers_msgs/include/pers_msgs/pers_msgs/msg/detail/nuevo_usuariomsg__struct.hpp
[0.604s] -- Up-to-date symlink: /home/giraff-azul2/tfg-villen/tfg_ws/install/pers_msgs/include/pers_msgs/pers_msgs/msg/detail/nuevo_usuariomsg__traits.hpp
[0.604s] -- Up-to-date symlink: /home/giraff-azul2/tfg-villen/tfg_ws/install/pers_msgs/include/pers_msgs/pers_msgs/msg/nuevo_usuariomsg.hpp
[0.604s] -- Up-to-date symlink: /home/giraff-azul2/tfg-villen/tfg_ws/install/pers_msgs/include/pers_msgs/pers_msgs/msg/detail/caramsg__rosidl_typesupport_fastrtps_cpp.hpp
[0.604s] -- Up-to-date symlink: /home/giraff-azul2/tfg-villen/tfg_ws/install/pers_msgs/include/pers_msgs/pers_msgs/msg/detail/nuevo_usuariomsg__rosidl_typesupport_fastrtps_cpp.hpp
[0.605s] -- Up-to-date symlink: /home/giraff-azul2/tfg-villen/tfg_ws/install/pers_msgs/include/pers_msgs/pers_msgs/msg/rosidl_typesupport_fastrtps_cpp__visibility_control.h
[0.605s] -- Up-to-date symlink: /home/giraff-azul2/tfg-villen/tfg_ws/install/pers_msgs/include/pers_msgs/pers_msgs/msg/detail/caramsg__rosidl_typesupport_introspection_c.h
[0.605s] -- Up-to-date symlink: /home/giraff-azul2/tfg-villen/tfg_ws/install/pers_msgs/include/pers_msgs/pers_msgs/msg/detail/nuevo_usuariomsg__rosidl_typesupport_introspection_c.h
[0.606s] -- Up-to-date symlink: /home/giraff-azul2/tfg-villen/tfg_ws/install/pers_msgs/include/pers_msgs/pers_msgs/msg/rosidl_typesupport_introspection_c__visibility_control.h
[0.606s] -- Up-to-date symlink: /home/giraff-azul2/tfg-villen/tfg_ws/install/pers_msgs/include/pers_msgs/pers_msgs/msg/detail/caramsg__rosidl_typesupport_introspection_cpp.hpp
[0.606s] -- Up-to-date symlink: /home/giraff-azul2/tfg-villen/tfg_ws/install/pers_msgs/include/pers_msgs/pers_msgs/msg/detail/nuevo_usuariomsg__rosidl_typesupport_introspection_cpp.hpp
[0.606s] -- Up-to-date symlink: /home/giraff-azul2/tfg-villen/tfg_ws/install/pers_msgs/share/pers_msgs/environment/pythonpath.sh
[0.607s] -- Up-to-date symlink: /home/giraff-azul2/tfg-villen/tfg_ws/install/pers_msgs/share/pers_msgs/environment/pythonpath.dsv
[0.607s] -- Up-to-date symlink: /home/giraff-azul2/tfg-villen/tfg_ws/install/pers_msgs/lib/python3.10/site-packages/pers_msgs-0.0.0-py3.10.egg-info/PKG-INFO
[0.608s] -- Up-to-date symlink: /home/giraff-azul2/tfg-villen/tfg_ws/install/pers_msgs/lib/python3.10/site-packages/pers_msgs-0.0.0-py3.10.egg-info/SOURCES.txt
[0.608s] -- Up-to-date symlink: /home/giraff-azul2/tfg-villen/tfg_ws/install/pers_msgs/lib/python3.10/site-packages/pers_msgs-0.0.0-py3.10.egg-info/dependency_links.txt
[0.608s] -- Up-to-date symlink: /home/giraff-azul2/tfg-villen/tfg_ws/install/pers_msgs/lib/python3.10/site-packages/pers_msgs-0.0.0-py3.10.egg-info/top_level.txt
[0.609s] -- Up-to-date symlink: /home/giraff-azul2/tfg-villen/tfg_ws/install/pers_msgs/lib/python3.10/site-packages/pers_msgs/__init__.py
[0.609s] -- Up-to-date symlink: /home/giraff-azul2/tfg-villen/tfg_ws/install/pers_msgs/lib/python3.10/site-packages/pers_msgs/_pers_msgs_s.ep.rosidl_typesupport_c.c
[0.609s] -- Up-to-date symlink: /home/giraff-azul2/tfg-villen/tfg_ws/install/pers_msgs/lib/python3.10/site-packages/pers_msgs/_pers_msgs_s.ep.rosidl_typesupport_fastrtps_c.c
[0.610s] -- Up-to-date symlink: /home/giraff-azul2/tfg-villen/tfg_ws/install/pers_msgs/lib/python3.10/site-packages/pers_msgs/_pers_msgs_s.ep.rosidl_typesupport_introspection_c.c
[0.610s] -- Up-to-date symlink: /home/giraff-azul2/tfg-villen/tfg_ws/install/pers_msgs/lib/python3.10/site-packages/pers_msgs/libpers_msgs__rosidl_generator_py.so
[0.610s] -- Up-to-date symlink: /home/giraff-azul2/tfg-villen/tfg_ws/install/pers_msgs/lib/python3.10/site-packages/pers_msgs/msg/__init__.py
[0.611s] -- Up-to-date symlink: /home/giraff-azul2/tfg-villen/tfg_ws/install/pers_msgs/lib/python3.10/site-packages/pers_msgs/msg/_caramsg.py
[0.611s] -- Up-to-date symlink: /home/giraff-azul2/tfg-villen/tfg_ws/install/pers_msgs/lib/python3.10/site-packages/pers_msgs/msg/_caramsg_s.c
[0.611s] -- Up-to-date symlink: /home/giraff-azul2/tfg-villen/tfg_ws/install/pers_msgs/lib/python3.10/site-packages/pers_msgs/msg/_nuevo_usuariomsg.py
[0.611s] -- Up-to-date symlink: /home/giraff-azul2/tfg-villen/tfg_ws/install/pers_msgs/lib/python3.10/site-packages/pers_msgs/msg/_nuevo_usuariomsg_s.c
[0.611s] -- Up-to-date symlink: /home/giraff-azul2/tfg-villen/tfg_ws/install/pers_msgs/lib/python3.10/site-packages/pers_msgs/pers_msgs_s__rosidl_typesupport_c.cpython-310-x86_64-linux-gnu.so
[0.611s] -- Up-to-date symlink: /home/giraff-azul2/tfg-villen/tfg_ws/install/pers_msgs/lib/python3.10/site-packages/pers_msgs/pers_msgs_s__rosidl_typesupport_fastrtps_c.cpython-310-x86_64-linux-gnu.so
[0.611s] -- Up-to-date symlink: /home/giraff-azul2/tfg-villen/tfg_ws/install/pers_msgs/lib/python3.10/site-packages/pers_msgs/pers_msgs_s__rosidl_typesupport_introspection_c.cpython-310-x86_64-linux-gnu.so
[0.612s] -- Up-to-date symlink: /home/giraff-azul2/tfg-villen/tfg_ws/install/pers_msgs/lib/python3.10/site-packages/pers_msgs/pers_msgs_s__rosidl_typesupport_fastrtps_c.cpython-310-x86_64-linux-gnu.so
[0.612s] -- Up-to-date symlink: /home/giraff-azul2/tfg-villen/tfg_ws/install/pers_msgs/lib/python3.10/site-packages/pers_msgs/pers_msgs_s__rosidl_typesupport_introspection_c.cpython-310-x86_64-linux-gnu.so
[0.613s] -- Up-to-date symlink: /home/giraff-azul2/tfg-villen/tfg_ws/install/pers_msgs/lib/python3.10/site-packages/pers_msgs/pers_msgs_s__rosidl_typesupport_c.cpython-310-x86_64-linux-gnu.so
[0.613s] -- Up-to-date symlink: /home/giraff-azul2/tfg-villen/tfg_ws/install/pers_msgs/share/pers_msgs/msg/Caramsg.idl
[0.613s] -- Up-to-date symlink: /home/giraff-azul2/tfg-villen/tfg_ws/install/pers_msgs/share/pers_msgs/msg/NuevoUsuariomsg.idl
[0.613s] -- Up-to-date symlink: /home/giraff-azul2/tfg-villen/tfg_ws/install/pers_msgs/share/pers_msgs/msg/Caramsg.msg
[0.613s] -- Up-to-date symlink: /home/giraff-azul2/tfg-villen/tfg_ws/install/pers_msgs/share/pers_msgs/msg/NuevoUsuariomsg.msg
[0.614s] -- Up-to-date symlink: /home/giraff-azul2/tfg-villen/tfg_ws/install/pers_msgs/share/ament_index/resource_index/package_run_dependencies/pers_msgs
[0.614s] -- Up-to-date symlink: /home/giraff-azul2/tfg-villen/tfg_ws/install/pers_msgs/share/ament_index/resource_index/parent_prefix_path/pers_msgs
[0.614s] -- Up-to-date symlink: /home/giraff-azul2/tfg-villen/tfg_ws/install/pers_msgs/share/pers_msgs/environment/ament_prefix_path.sh
[0.614s] -- Up-to-date symlink: /home/giraff-azul2/tfg-villen/tfg_ws/install/pers_msgs/share/pers_msgs/environment/ament_prefix_path.dsv
[0.615s] -- Up-to-date symlink: /home/giraff-azul2/tfg-villen/tfg_ws/install/pers_msgs/share/pers_msgs/environment/path.sh
[0.615s] -- Up-to-date symlink: /home/giraff-azul2/tfg-villen/tfg_ws/install/pers_msgs/share/pers_msgs/environment/path.dsv
[0.615s] -- Up-to-date symlink: /home/giraff-azul2/tfg-villen/tfg_ws/install/pers_msgs/share/pers_msgs/local_setup.bash
[0.615s] -- Up-to-date symlink: /home/giraff-azul2/tfg-villen/tfg_ws/install/pers_msgs/share/pers_msgs/local_setup.sh
[0.616s] -- Up-to-date symlink: /home/giraff-azul2/tfg-villen/tfg_ws/install/pers_msgs/share/pers_msgs/local_setup.zsh
[0.616s] -- Up-to-date symlink: /home/giraff-azul2/tfg-villen/tfg_ws/install/pers_msgs/share/pers_msgs/local_setup.dsv
[0.616s] -- Symlinking: /home/giraff-azul2/tfg-villen/tfg_ws/install/pers_msgs/share/pers_msgs/package.dsv
[0.625s] -- Up-to-date symlink: /home/giraff-azul2/tfg-villen/tfg_ws/install/pers_msgs/share/ament_index/resource_index/packages/pers_msgs
[0.626s] -- Up-to-date symlink: /home/giraff-azul2/tfg-villen/tfg_ws/install/pers_msgs/share/pers_msgs/cmake/rosidl_cmake-extras.cmake
[0.626s] -- Up-to-date symlink: /home/giraff-azul2/tfg-villen/tfg_ws/install/pers_msgs/share/pers_msgs/cmake/ament_cmake_export_dependencies-extras.cmake
[0.626s] -- Up-to-date symlink: /home/giraff-azul2/tfg-villen/tfg_ws/install/pers_msgs/share/pers_msgs/cmake/ament_cmake_export_include_directories-extras.cmake
[0.626s] -- Up-to-date symlink: /home/giraff-azul2/tfg-villen/tfg_ws/install/pers_msgs/share/pers_msgs/cmake/ament_cmake_export_libraries-extras.cmake
[0.626s] -- Up-to-date symlink: /home/giraff-azul2/tfg-villen/tfg_ws/install/pers_msgs/share/pers_msgs/cmake/ament_cmake_export_targets-extras.cmake
[0.627s] -- Up-to-date symlink: /home/giraff-azul2/tfg-villen/tfg_ws/install/pers_msgs/share/pers_msgs/cmake/rosidl_cmake_export_typesupport_targets-extras.cmake
[0.627s] -- Up-to-date symlink: /home/giraff-azul2/tfg-villen/tfg_ws/install/pers_msgs/share/pers_msgs/cmake/rosidl_cmake_export_typesupport_libraries-extras.cmake
[0.627s] -- Up-to-date symlink: /home/giraff-azul2/tfg-villen/tfg_ws/install/pers_msgs/share/pers_msgs/cmake/pers_msgsConfig.cmake
[0.628s] -- Up-to-date symlink: /home/giraff-azul2/tfg-villen/tfg_ws/install/pers_msgs/share/pers_msgs/cmake/pers_msgsConfig-version.cmake
[0.628s] -- Up-to-date symlink: /home/giraff-azul2/tfg-villen/tfg_ws/install/pers_msgs/share/pers_msgs/package.xml
[0.630s] -- Up-to-date: /home/giraff-azul2/tfg-villen/tfg_ws/install/pers_msgs/lib/libpers_msgs__rosidl_generator_c.so
[0.630s] -- Up-to-date: /home/giraff-azul2/tfg-villen/tfg_ws/install/pers_msgs/lib/libpers_msgs__rosidl_typesupport_fastrtps_c.so
[0.631s] -- Up-to-date: /home/giraff-azul2/tfg-villen/tfg_ws/install/pers_msgs/lib/libpers_msgs__rosidl_typesupport_fastrtps_cpp.so
[0.632s] -- Up-to-date: /home/giraff-azul2/tfg-villen/tfg_ws/install/pers_msgs/lib/libpers_msgs__rosidl_typesupport_introspection_c.so
[0.632s] -- Up-to-date: /home/giraff-azul2/tfg-villen/tfg_ws/install/pers_msgs/lib/libpers_msgs__rosidl_typesupport_c.so
[0.632s] -- Up-to-date: /home/giraff-azul2/tfg-villen/tfg_ws/install/pers_msgs/lib/libpers_msgs__rosidl_typesupport_introspection_cpp.so
[0.633s] -- Up-to-date: /home/giraff-azul2/tfg-villen/tfg_ws/install/pers_msgs/lib/libpers_msgs__rosidl_typesupport_cpp.so
[0.673s] Listing '/home/giraff-azul2/tfg-villen/tfg_ws/install/pers_msgs/lib/python3.10/site-packages/pers_msgs'...
[0.673s] Listing '/home/giraff-azul2/tfg-villen/tfg_ws/install/pers_msgs/lib/python3.10/site-packages/pers_msgs/msg'...
[0.678s] -- Up-to-date: /home/giraff-azul2/tfg-villen/tfg_ws/install/pers_msgs/lib/libpers_msgs__rosidl_generator_py.so
[0.678s] -- Up-to-date: /home/giraff-azul2/tfg-villen/tfg_ws/install/pers_msgs/share/pers_msgs/cmake/export_pers_msgs__rosidl_generator_cExport.cmake
[0.679s] -- Up-to-date: /home/giraff-azul2/tfg-villen/tfg_ws/install/pers_msgs/share/pers_msgs/cmake/export_pers_msgs__rosidl_generator_cExport-noconfig.cmake
[0.679s] -- Up-to-date: /home/giraff-azul2/tfg-villen/tfg_ws/install/pers_msgs/share/pers_msgs/cmake/export_pers_msgs__rosidl_typesupport_fastrtps_cExport.cmake
[0.679s] -- Up-to-date: /home/giraff-azul2/tfg-villen/tfg_ws/install/pers_msgs/share/pers_msgs/cmake/export_pers_msgs__rosidl_typesupport_fastrtps_cExport-noconfig.cmake
[0.679s] -- Up-to-date: /home/giraff-azul2/tfg-villen/tfg_ws/install/pers_msgs/share/pers_msgs/cmake/export_pers_msgs__rosidl_generator_cppExport.cmake
[0.679s] -- Up-to-date: /home/giraff-azul2/tfg-villen/tfg_ws/install/pers_msgs/share/pers_msgs/cmake/export_pers_msgs__rosidl_typesupport_fastrtps_cppExport.cmake
[0.679s] -- Up-to-date: /home/giraff-azul2/tfg-villen/tfg_ws/install/pers_msgs/share/pers_msgs/cmake/export_pers_msgs__rosidl_typesupport_fastrtps_cppExport-noconfig.cmake
[0.680s] -- Up-to-date: /home/giraff-azul2/tfg-villen/tfg_ws/install/pers_msgs/share/pers_msgs/cmake/pers_msgs__rosidl_typesupport_introspection_cExport.cmake
[0.680s] -- Up-to-date: /home/giraff-azul2/tfg-villen/tfg_ws/install/pers_msgs/share/pers_msgs/cmake/pers_msgs__rosidl_typesupport_introspection_cExport-noconfig.cmake
[0.680s] -- Up-to-date: /home/giraff-azul2/tfg-villen/tfg_ws/install/pers_msgs/share/pers_msgs/cmake/pers_msgs__rosidl_typesupport_cExport.cmake
[0.680s] -- Up-to-date: /home/giraff-azul2/tfg-villen/tfg_ws/install/pers_msgs/share/pers_msgs/cmake/pers_msgs__rosidl_typesupport_cExport-noconfig.cmake
[0.680s] -- Up-to-date: /home/giraff-azul2/tfg-villen/tfg_ws/install/pers_msgs/share/pers_msgs/cmake/pers_msgs__rosidl_typesupport_introspection_cppExport.cmake
[0.680s] -- Up-to-date: /home/giraff-azul2/tfg-villen/tfg_ws/install/pers_msgs/share/pers_msgs/cmake/pers_msgs__rosidl_typesupport_introspection_cppExport-noconfig.cmake
[0.680s] -- Up-to-date: /home/giraff-azul2/tfg-villen/tfg_ws/install/pers_msgs/share/pers_msgs/cmake/pers_msgs__rosidl_typesupport_cppExport.cmake
[0.680s] -- Up-to-date: /home/giraff-azul2/tfg-villen/tfg_ws/install/pers_msgs/share/pers_msgs/cmake/pers_msgs__rosidl_typesupport_cppExport-noconfig.cmake
[0.680s] -- Up-to-date: /home/giraff-azul2/tfg-villen/tfg_ws/install/pers_msgs/share/pers_msgs/cmake/export_pers_msgs__rosidl_generator_pyExport.cmake
[0.681s] -- Up-to-date: /home/giraff-azul2/tfg-villen/tfg_ws/install/pers_msgs/share/pers_msgs/cmake/export_pers_msgs__rosidl_generator_pyExport-noconfig.cmake
[0.684s] Invoked command in '/home/giraff-azul2/tfg-villen/tfg_ws/build/pers_msgs' returned '0': CMAKE_PREFIX_PATH=/opt/ros/humble /usr/bin/cmake --install /home/giraff-azul2/tfg-villen/tfg_ws/build/pers_msgs
