[0.027s] Invoking command in '/home/giraff-azul2/tfg-villen/tfg_ws/build/usb_camera_driver': CMAKE_PREFIX_PATH=${CMAKE_PREFIX_PATH}:/home/giraff-azul2/tfg-villen/tfg_ws/install/fer_pkg:/opt/ros/humble PS1=(tfg_venv) \[\e]0;\u@\h: \w\a\]${debian_chroot:+($debian_chroot)}\[\033[01;32m\]\u@\h\[\033[00m\]:\[\033[01;34m\]\w\[\033[00m\]\$ VIRTUAL_ENV_PROMPT=(tfg_venv) /home/giraff-azul2/tfg-villen/tfg_venv/bin/cmake /home/giraff-azul2/tfg-villen/tfg_ws/src/ros2_usb_camera -DCMAKE_INSTALL_PREFIX=/home/giraff-azul2/tfg-villen/tfg_ws/install/usb_camera_driver
[0.330s] -- The C compiler identification is GNU 11.3.0
[0.504s] -- The CXX compiler identification is GNU 11.3.0
[0.531s] -- Detecting C compiler ABI info
[0.608s] -- Detecting C compiler ABI info - done
[0.627s] -- Check for working C compiler: /usr/bin/cc - skipped
[0.627s] -- Detecting C compile features
[0.628s] -- Detecting C compile features - done
[0.634s] -- Detecting CXX compiler ABI info
[0.732s] -- Detecting CXX compiler ABI info - done
[0.751s] -- Check for working CXX compiler: /usr/bin/c++ - skipped
[0.752s] -- Detecting CXX compile features
[0.752s] -- Detecting CXX compile features - done
[0.759s] -- Found ament_cmake: 1.3.4 (/opt/ros/humble/share/ament_cmake/cmake)
[1.484s] -- Found Python3: /home/giraff-azul2/tfg-villen/tfg_venv/bin/python3.10 (found version "3.10.6") found components: Interpreter 
[1.625s] -- Found rclcpp: 16.0.4 (/opt/ros/humble/share/rclcpp/cmake)
[1.711s] -- Found rosidl_generator_c: 3.1.4 (/opt/ros/humble/share/rosidl_generator_c/cmake)
[1.721s] -- Found rosidl_adapter: 3.1.4 (/opt/ros/humble/share/rosidl_adapter/cmake)
[1.748s] -- Found rosidl_generator_cpp: 3.1.4 (/opt/ros/humble/share/rosidl_generator_cpp/cmake)
[1.791s] -- Using all available rosidl_typesupport_c: rosidl_typesupport_fastrtps_c;rosidl_typesupport_introspection_c
[1.835s] -- Using all available rosidl_typesupport_cpp: rosidl_typesupport_fastrtps_cpp;rosidl_typesupport_introspection_cpp
[1.980s] -- Found rmw_implementation_cmake: 6.1.1 (/opt/ros/humble/share/rmw_implementation_cmake/cmake)
[1.986s] -- Found rmw_fastrtps_cpp: 6.2.2 (/opt/ros/humble/share/rmw_fastrtps_cpp/cmake)
[2.141s] -- Found OpenSSL: /usr/lib/x86_64-linux-gnu/libcrypto.so (found version "3.0.2")  
[2.180s] -- Found FastRTPS: /opt/ros/humble/include  
[2.254s] -- Using RMW implementation 'rmw_fastrtps_cpp' as default
[2.276s] -- Performing Test CMAKE_HAVE_LIBC_PTHREAD
[2.363s] -- Performing Test CMAKE_HAVE_LIBC_PTHREAD - Success
[2.365s] -- Found Threads: TRUE  
[2.696s] -- Found rclcpp_components: 16.0.4 (/opt/ros/humble/share/rclcpp_components/cmake)
[2.842s] -- Found sensor_msgs: 4.2.3 (/opt/ros/humble/share/sensor_msgs/cmake)
[3.110s] [31mCMake Error at CMakeLists.txt:21 (find_package):
[3.110s]   By not providing "Findcamera_info_manager.cmake" in CMAKE_MODULE_PATH this
[3.110s]   project has asked CMake to find a package configuration file provided by
[3.110s]   "camera_info_manager", but CMake did not find one.
[3.110s] 
[3.110s]   Could not find a package configuration file provided by
[3.111s]   "camera_info_manager" with any of the following names:
[3.111s] 
[3.111s]     camera_info_managerConfig.cmake
[3.111s]     camera_info_manager-config.cmake
[3.111s] 
[3.111s]   Add the installation prefix of "camera_info_manager" to CMAKE_PREFIX_PATH
[3.111s]   or set "camera_info_manager_DIR" to a directory containing one of the above
[3.111s]   files.  If "camera_info_manager" provides a separate development package or
[3.111s]   SDK, be sure it has been installed.
[3.112s] 
[3.112s] [0m
[3.112s] -- Configuring incomplete, errors occurred!
[3.135s] Invoked command in '/home/giraff-azul2/tfg-villen/tfg_ws/build/usb_camera_driver' returned '1': CMAKE_PREFIX_PATH=${CMAKE_PREFIX_PATH}:/home/giraff-azul2/tfg-villen/tfg_ws/install/fer_pkg:/opt/ros/humble PS1=(tfg_venv) \[\e]0;\u@\h: \w\a\]${debian_chroot:+($debian_chroot)}\[\033[01;32m\]\u@\h\[\033[00m\]:\[\033[01;34m\]\w\[\033[00m\]\$ VIRTUAL_ENV_PROMPT=(tfg_venv) /home/giraff-azul2/tfg-villen/tfg_venv/bin/cmake /home/giraff-azul2/tfg-villen/tfg_ws/src/ros2_usb_camera -DCMAKE_INSTALL_PREFIX=/home/giraff-azul2/tfg-villen/tfg_ws/install/usb_camera_driver
