[0.017s] Invoking command in '/home/giraff-azul2/tfg-villen/tfg_ws/build/pers_msgs': CMAKE_PREFIX_PATH=/home/giraff-azul2/tfg-villen/tfg_ws/install/fer_pkg:/opt/ros/humble PS1=(tfg_venv) \[\e]0;\u@\h: \w\a\]${debian_chroot:+($debian_chroot)}\[\033[01;32m\]\u@\h\[\033[00m\]:\[\033[01;34m\]\w\[\033[00m\]\$ VIRTUAL_ENV_PROMPT=(tfg_venv) /usr/bin/cmake /home/giraff-azul2/tfg-villen/tfg_ws/src/pers_msgs -DAMENT_CMAKE_SYMLINK_INSTALL=1 -DCMAKE_INSTALL_PREFIX=/home/giraff-azul2/tfg-villen/tfg_ws/install/pers_msgs
[0.043s] -- Found ament_cmake: 1.3.4 (/opt/ros/humble/share/ament_cmake/cmake)
[0.244s] -- Override CMake install command with custom implementation using symlinks instead of copying resources
[0.258s] -- Found sensor_msgs: 4.2.3 (/opt/ros/humble/share/sensor_msgs/cmake)
[0.290s] -- Found rosidl_generator_c: 3.1.4 (/opt/ros/humble/share/rosidl_generator_c/cmake)
[0.294s] -- Found rosidl_adapter: 3.1.4 (/opt/ros/humble/share/rosidl_adapter/cmake)
[0.303s] -- Found rosidl_generator_cpp: 3.1.4 (/opt/ros/humble/share/rosidl_generator_cpp/cmake)
[0.320s] -- Using all available rosidl_typesupport_c: rosidl_typesupport_fastrtps_c;rosidl_typesupport_introspection_c
[0.349s] -- Using all available rosidl_typesupport_cpp: rosidl_typesupport_fastrtps_cpp;rosidl_typesupport_introspection_cpp
[0.676s] -- Found rosidl_default_generators: 1.2.0 (/opt/ros/humble/share/rosidl_default_generators/cmake)
[0.909s] Traceback (most recent call last):
[0.909s]   File "/opt/ros/humble/share/ament_cmake_core/cmake/core/package_xml_2_cmake.py", line 22, in <module>
[0.909s]     from catkin_pkg.package import parse_package_string
[0.909s] ModuleNotFoundError: No module named 'catkin_pkg'
[0.912s] [31mCMake Error at /opt/ros/humble/share/ament_cmake_core/cmake/core/ament_package_xml.cmake:95 (message):
[0.913s]   execute_process(/home/giraff-azul2/tfg-villen/tfg_venv/bin/python3.10
[0.913s]   /opt/ros/humble/share/ament_cmake_core/cmake/core/package_xml_2_cmake.py
[0.913s]   /home/giraff-azul2/tfg-villen/tfg_ws/src/pers_msgs/package.xml
[0.913s]   /home/giraff-azul2/tfg-villen/tfg_ws/build/pers_msgs/ament_cmake_core/package.cmake)
[0.913s]   returned error code 1
[0.914s] Call Stack (most recent call first):
[0.914s]   /opt/ros/humble/share/ament_cmake_core/cmake/core/ament_package_xml.cmake:49 (_ament_package_xml)
[0.914s]   /opt/ros/humble/share/rosidl_cmake/cmake/rosidl_generate_interfaces.cmake:226 (ament_package_xml)
[0.914s]   CMakeLists.txt:17 (rosidl_generate_interfaces)
[0.914s] 
[0.914s] [0m
[0.914s] -- Configuring incomplete, errors occurred!
[0.914s] See also "/home/giraff-azul2/tfg-villen/tfg_ws/build/pers_msgs/CMakeFiles/CMakeOutput.log".
[0.920s] Invoked command in '/home/giraff-azul2/tfg-villen/tfg_ws/build/pers_msgs' returned '1': CMAKE_PREFIX_PATH=/home/giraff-azul2/tfg-villen/tfg_ws/install/fer_pkg:/opt/ros/humble PS1=(tfg_venv) \[\e]0;\u@\h: \w\a\]${debian_chroot:+($debian_chroot)}\[\033[01;32m\]\u@\h\[\033[00m\]:\[\033[01;34m\]\w\[\033[00m\]\$ VIRTUAL_ENV_PROMPT=(tfg_venv) /usr/bin/cmake /home/giraff-azul2/tfg-villen/tfg_ws/src/pers_msgs -DAMENT_CMAKE_SYMLINK_INSTALL=1 -DCMAKE_INSTALL_PREFIX=/home/giraff-azul2/tfg-villen/tfg_ws/install/pers_msgs
