[0.029s] Invoking command in '/home/giraff-azul2/tfg-villen/tfg_ws/build/pers_msgs': CMAKE_PREFIX_PATH=${CMAKE_PREFIX_PATH}:/home/giraff-azul2/mapir_ws/install/task_manager:/home/giraff-azul2/mapir_ws/install/battery_manager:/opt/ros/humble /usr/bin/cmake --build /home/giraff-azul2/tfg-villen/tfg_ws/build/pers_msgs -- -j8 -l8
[0.171s] [  2%] Built target pers_msgs__cpp
[0.182s] [  5%] Built target ament_cmake_python_symlink_pers_msgs
[0.182s] [ 12%] Built target pers_msgs__rosidl_generator_c
[0.221s] [ 23%] Built target pers_msgs__rosidl_typesupport_cpp
[0.222s] [ 33%] Built target pers_msgs__rosidl_typesupport_introspection_cpp
[0.223s] [ 43%] Built target pers_msgs__rosidl_typesupport_fastrtps_cpp
[0.225s] [ 53%] Built target pers_msgs__rosidl_typesupport_c
[0.228s] [ 64%] Built target pers_msgs__rosidl_typesupport_introspection_c
[0.232s] [ 74%] Built target pers_msgs__rosidl_typesupport_fastrtps_c
[0.260s] [ 74%] Built target pers_msgs
[0.286s] [ 76%] Built target pers_msgs__py
[0.318s] [ 84%] Built target pers_msgs__rosidl_generator_py
[0.351s] [ 94%] Built target pers_msgs__rosidl_typesupport_c__pyext
[0.351s] [ 94%] Built target pers_msgs__rosidl_typesupport_fastrtps_c__pyext
[0.355s] [100%] Built target pers_msgs__rosidl_typesupport_introspection_c__pyext
[0.556s] running egg_info
[0.558s] writing pers_msgs.egg-info/PKG-INFO
[0.558s] writing dependency_links to pers_msgs.egg-info/dependency_links.txt
[0.559s] writing top-level names to pers_msgs.egg-info/top_level.txt
[0.565s] reading manifest file 'pers_msgs.egg-info/SOURCES.txt'
[0.566s] writing manifest file 'pers_msgs.egg-info/SOURCES.txt'
[0.601s] [100%] Built target ament_cmake_python_build_pers_msgs_egg
[0.619s] Invoked command in '/home/giraff-azul2/tfg-villen/tfg_ws/build/pers_msgs' returned '0': CMAKE_PREFIX_PATH=${CMAKE_PREFIX_PATH}:/home/giraff-azul2/mapir_ws/install/task_manager:/home/giraff-azul2/mapir_ws/install/battery_manager:/opt/ros/humble /usr/bin/cmake --build /home/giraff-azul2/tfg-villen/tfg_ws/build/pers_msgs -- -j8 -l8
[0.738s] Invoking command in '/home/giraff-azul2/tfg-villen/tfg_ws/build/pers_msgs': CMAKE_PREFIX_PATH=${CMAKE_PREFIX_PATH}:/home/giraff-azul2/mapir_ws/install/task_manager:/home/giraff-azul2/mapir_ws/install/battery_manager:/opt/ros/humble /usr/bin/cmake --install /home/giraff-azul2/tfg-villen/tfg_ws/build/pers_msgs
[0.753s] -- Install configuration: ""
[0.755s] -- Execute custom install script
[0.756s] -- Up-to-date symlink: /home/giraff-azul2/tfg-villen/tfg_ws/install/pers_msgs/share/ament_index/resource_index/rosidl_interfaces/pers_msgs
[0.758s] -- Up-to-date symlink: /home/giraff-azul2/tfg-villen/tfg_ws/install/pers_msgs/include/pers_msgs/pers_msgs/msg/caramsg.h
[0.758s] -- Up-to-date symlink: /home/giraff-azul2/tfg-villen/tfg_ws/install/pers_msgs/include/pers_msgs/pers_msgs/msg/detail/caramsg__functions.h
[0.759s] -- Up-to-date symlink: /home/giraff-azul2/tfg-villen/tfg_ws/install/pers_msgs/include/pers_msgs/pers_msgs/msg/detail/caramsg__struct.h
[0.759s] -- Up-to-date symlink: /home/giraff-azul2/tfg-villen/tfg_ws/install/pers_msgs/include/pers_msgs/pers_msgs/msg/detail/caramsg__type_support.h
[0.760s] -- Up-to-date symlink: /home/giraff-azul2/tfg-villen/tfg_ws/install/pers_msgs/include/pers_msgs/pers_msgs/msg/detail/facemsg__functions.h
[0.761s] -- Up-to-date symlink: /home/giraff-azul2/tfg-villen/tfg_ws/install/pers_msgs/include/pers_msgs/pers_msgs/msg/detail/facemsg__struct.h
[0.761s] -- Up-to-date symlink: /home/giraff-azul2/tfg-villen/tfg_ws/install/pers_msgs/include/pers_msgs/pers_msgs/msg/detail/facemsg__type_support.h
[0.762s] -- Up-to-date symlink: /home/giraff-azul2/tfg-villen/tfg_ws/install/pers_msgs/include/pers_msgs/pers_msgs/msg/detail/new_usermsg__functions.h
[0.762s] -- Up-to-date symlink: /home/giraff-azul2/tfg-villen/tfg_ws/install/pers_msgs/include/pers_msgs/pers_msgs/msg/detail/new_usermsg__struct.h
[0.763s] -- Up-to-date symlink: /home/giraff-azul2/tfg-villen/tfg_ws/install/pers_msgs/include/pers_msgs/pers_msgs/msg/detail/new_usermsg__type_support.h
[0.763s] -- Up-to-date symlink: /home/giraff-azul2/tfg-villen/tfg_ws/install/pers_msgs/include/pers_msgs/pers_msgs/msg/detail/nuevo_usuariomsg__functions.h
[0.763s] -- Up-to-date symlink: /home/giraff-azul2/tfg-villen/tfg_ws/install/pers_msgs/include/pers_msgs/pers_msgs/msg/detail/nuevo_usuariomsg__struct.h
[0.764s] -- Up-to-date symlink: /home/giraff-azul2/tfg-villen/tfg_ws/install/pers_msgs/include/pers_msgs/pers_msgs/msg/detail/nuevo_usuariomsg__type_support.h
[0.764s] -- Up-to-date symlink: /home/giraff-azul2/tfg-villen/tfg_ws/install/pers_msgs/include/pers_msgs/pers_msgs/msg/facemsg.h
[0.764s] -- Up-to-date symlink: /home/giraff-azul2/tfg-villen/tfg_ws/install/pers_msgs/include/pers_msgs/pers_msgs/msg/new_usermsg.h
[0.765s] -- Up-to-date symlink: /home/giraff-azul2/tfg-villen/tfg_ws/install/pers_msgs/include/pers_msgs/pers_msgs/msg/nuevo_usuariomsg.h
[0.765s] -- Up-to-date symlink: /home/giraff-azul2/tfg-villen/tfg_ws/install/pers_msgs/include/pers_msgs/pers_msgs/msg/rosidl_generator_c__visibility_control.h
[0.766s] -- Up-to-date symlink: /home/giraff-azul2/tfg-villen/tfg_ws/install/pers_msgs/share/pers_msgs/environment/library_path.sh
[0.766s] -- Up-to-date symlink: /home/giraff-azul2/tfg-villen/tfg_ws/install/pers_msgs/share/pers_msgs/environment/library_path.dsv
[0.767s] -- Up-to-date symlink: /home/giraff-azul2/tfg-villen/tfg_ws/install/pers_msgs/include/pers_msgs/pers_msgs/msg/detail/caramsg__rosidl_typesupport_fastrtps_c.h
[0.768s] -- Up-to-date symlink: /home/giraff-azul2/tfg-villen/tfg_ws/install/pers_msgs/include/pers_msgs/pers_msgs/msg/detail/facemsg__rosidl_typesupport_fastrtps_c.h
[0.768s] -- Up-to-date symlink: /home/giraff-azul2/tfg-villen/tfg_ws/install/pers_msgs/include/pers_msgs/pers_msgs/msg/detail/new_usermsg__rosidl_typesupport_fastrtps_c.h
[0.769s] -- Up-to-date symlink: /home/giraff-azul2/tfg-villen/tfg_ws/install/pers_msgs/include/pers_msgs/pers_msgs/msg/detail/nuevo_usuariomsg__rosidl_typesupport_fastrtps_c.h
[0.769s] -- Up-to-date symlink: /home/giraff-azul2/tfg-villen/tfg_ws/install/pers_msgs/include/pers_msgs/pers_msgs/msg/rosidl_typesupport_fastrtps_c__visibility_control.h
[0.770s] -- Up-to-date symlink: /home/giraff-azul2/tfg-villen/tfg_ws/install/pers_msgs/include/pers_msgs/pers_msgs/msg/caramsg.hpp
[0.770s] -- Up-to-date symlink: /home/giraff-azul2/tfg-villen/tfg_ws/install/pers_msgs/include/pers_msgs/pers_msgs/msg/detail/caramsg__builder.hpp
[0.771s] -- Up-to-date symlink: /home/giraff-azul2/tfg-villen/tfg_ws/install/pers_msgs/include/pers_msgs/pers_msgs/msg/detail/caramsg__struct.hpp
[0.771s] -- Up-to-date symlink: /home/giraff-azul2/tfg-villen/tfg_ws/install/pers_msgs/include/pers_msgs/pers_msgs/msg/detail/caramsg__traits.hpp
[0.771s] -- Up-to-date symlink: /home/giraff-azul2/tfg-villen/tfg_ws/install/pers_msgs/include/pers_msgs/pers_msgs/msg/detail/facemsg__builder.hpp
[0.772s] -- Up-to-date symlink: /home/giraff-azul2/tfg-villen/tfg_ws/install/pers_msgs/include/pers_msgs/pers_msgs/msg/detail/facemsg__struct.hpp
[0.772s] -- Up-to-date symlink: /home/giraff-azul2/tfg-villen/tfg_ws/install/pers_msgs/include/pers_msgs/pers_msgs/msg/detail/facemsg__traits.hpp
[0.773s] -- Up-to-date symlink: /home/giraff-azul2/tfg-villen/tfg_ws/install/pers_msgs/include/pers_msgs/pers_msgs/msg/detail/new_usermsg__builder.hpp
[0.773s] -- Up-to-date symlink: /home/giraff-azul2/tfg-villen/tfg_ws/install/pers_msgs/include/pers_msgs/pers_msgs/msg/detail/new_usermsg__struct.hpp
[0.773s] -- Up-to-date symlink: /home/giraff-azul2/tfg-villen/tfg_ws/install/pers_msgs/include/pers_msgs/pers_msgs/msg/detail/new_usermsg__traits.hpp
[0.774s] -- Up-to-date symlink: /home/giraff-azul2/tfg-villen/tfg_ws/install/pers_msgs/include/pers_msgs/pers_msgs/msg/detail/nuevo_usuariomsg__builder.hpp
[0.774s] -- Up-to-date symlink: /home/giraff-azul2/tfg-villen/tfg_ws/install/pers_msgs/include/pers_msgs/pers_msgs/msg/detail/nuevo_usuariomsg__struct.hpp
[0.775s] -- Up-to-date symlink: /home/giraff-azul2/tfg-villen/tfg_ws/install/pers_msgs/include/pers_msgs/pers_msgs/msg/detail/nuevo_usuariomsg__traits.hpp
[0.775s] -- Up-to-date symlink: /home/giraff-azul2/tfg-villen/tfg_ws/install/pers_msgs/include/pers_msgs/pers_msgs/msg/facemsg.hpp
[0.775s] -- Up-to-date symlink: /home/giraff-azul2/tfg-villen/tfg_ws/install/pers_msgs/include/pers_msgs/pers_msgs/msg/new_usermsg.hpp
[0.776s] -- Up-to-date symlink: /home/giraff-azul2/tfg-villen/tfg_ws/install/pers_msgs/include/pers_msgs/pers_msgs/msg/nuevo_usuariomsg.hpp
[0.777s] -- Up-to-date symlink: /home/giraff-azul2/tfg-villen/tfg_ws/install/pers_msgs/include/pers_msgs/pers_msgs/msg/detail/caramsg__rosidl_typesupport_fastrtps_cpp.hpp
[0.777s] -- Up-to-date symlink: /home/giraff-azul2/tfg-villen/tfg_ws/install/pers_msgs/include/pers_msgs/pers_msgs/msg/detail/facemsg__rosidl_typesupport_fastrtps_cpp.hpp
[0.778s] -- Up-to-date symlink: /home/giraff-azul2/tfg-villen/tfg_ws/install/pers_msgs/include/pers_msgs/pers_msgs/msg/detail/new_usermsg__rosidl_typesupport_fastrtps_cpp.hpp
[0.778s] -- Up-to-date symlink: /home/giraff-azul2/tfg-villen/tfg_ws/install/pers_msgs/include/pers_msgs/pers_msgs/msg/detail/nuevo_usuariomsg__rosidl_typesupport_fastrtps_cpp.hpp
[0.778s] -- Up-to-date symlink: /home/giraff-azul2/tfg-villen/tfg_ws/install/pers_msgs/include/pers_msgs/pers_msgs/msg/rosidl_typesupport_fastrtps_cpp__visibility_control.h
[0.779s] -- Up-to-date symlink: /home/giraff-azul2/tfg-villen/tfg_ws/install/pers_msgs/include/pers_msgs/pers_msgs/msg/detail/caramsg__rosidl_typesupport_introspection_c.h
[0.780s] -- Up-to-date symlink: /home/giraff-azul2/tfg-villen/tfg_ws/install/pers_msgs/include/pers_msgs/pers_msgs/msg/detail/facemsg__rosidl_typesupport_introspection_c.h
[0.780s] -- Up-to-date symlink: /home/giraff-azul2/tfg-villen/tfg_ws/install/pers_msgs/include/pers_msgs/pers_msgs/msg/detail/new_usermsg__rosidl_typesupport_introspection_c.h
[0.781s] -- Up-to-date symlink: /home/giraff-azul2/tfg-villen/tfg_ws/install/pers_msgs/include/pers_msgs/pers_msgs/msg/detail/nuevo_usuariomsg__rosidl_typesupport_introspection_c.h
[0.781s] -- Up-to-date symlink: /home/giraff-azul2/tfg-villen/tfg_ws/install/pers_msgs/include/pers_msgs/pers_msgs/msg/rosidl_typesupport_introspection_c__visibility_control.h
[0.782s] -- Up-to-date symlink: /home/giraff-azul2/tfg-villen/tfg_ws/install/pers_msgs/include/pers_msgs/pers_msgs/msg/detail/caramsg__rosidl_typesupport_introspection_cpp.hpp
[0.782s] -- Up-to-date symlink: /home/giraff-azul2/tfg-villen/tfg_ws/install/pers_msgs/include/pers_msgs/pers_msgs/msg/detail/facemsg__rosidl_typesupport_introspection_cpp.hpp
[0.783s] -- Up-to-date symlink: /home/giraff-azul2/tfg-villen/tfg_ws/install/pers_msgs/include/pers_msgs/pers_msgs/msg/detail/new_usermsg__rosidl_typesupport_introspection_cpp.hpp
[0.783s] -- Up-to-date symlink: /home/giraff-azul2/tfg-villen/tfg_ws/install/pers_msgs/include/pers_msgs/pers_msgs/msg/detail/nuevo_usuariomsg__rosidl_typesupport_introspection_cpp.hpp
[0.784s] -- Up-to-date symlink: /home/giraff-azul2/tfg-villen/tfg_ws/install/pers_msgs/share/pers_msgs/environment/pythonpath.sh
[0.784s] -- Up-to-date symlink: /home/giraff-azul2/tfg-villen/tfg_ws/install/pers_msgs/share/pers_msgs/environment/pythonpath.dsv
[0.785s] -- Up-to-date symlink: /home/giraff-azul2/tfg-villen/tfg_ws/install/pers_msgs/lib/python3.10/site-packages/pers_msgs-0.0.0-py3.10.egg-info/PKG-INFO
[0.785s] -- Up-to-date symlink: /home/giraff-azul2/tfg-villen/tfg_ws/install/pers_msgs/lib/python3.10/site-packages/pers_msgs-0.0.0-py3.10.egg-info/SOURCES.txt
[0.785s] -- Up-to-date symlink: /home/giraff-azul2/tfg-villen/tfg_ws/install/pers_msgs/lib/python3.10/site-packages/pers_msgs-0.0.0-py3.10.egg-info/dependency_links.txt
[0.786s] -- Up-to-date symlink: /home/giraff-azul2/tfg-villen/tfg_ws/install/pers_msgs/lib/python3.10/site-packages/pers_msgs-0.0.0-py3.10.egg-info/top_level.txt
[0.787s] -- Up-to-date symlink: /home/giraff-azul2/tfg-villen/tfg_ws/install/pers_msgs/lib/python3.10/site-packages/pers_msgs/__init__.py
[0.787s] -- Up-to-date symlink: /home/giraff-azul2/tfg-villen/tfg_ws/install/pers_msgs/lib/python3.10/site-packages/pers_msgs/_pers_msgs_s.ep.rosidl_typesupport_c.c
[0.788s] -- Up-to-date symlink: /home/giraff-azul2/tfg-villen/tfg_ws/install/pers_msgs/lib/python3.10/site-packages/pers_msgs/_pers_msgs_s.ep.rosidl_typesupport_fastrtps_c.c
[0.788s] -- Up-to-date symlink: /home/giraff-azul2/tfg-villen/tfg_ws/install/pers_msgs/lib/python3.10/site-packages/pers_msgs/_pers_msgs_s.ep.rosidl_typesupport_introspection_c.c
[0.788s] -- Up-to-date symlink: /home/giraff-azul2/tfg-villen/tfg_ws/install/pers_msgs/lib/python3.10/site-packages/pers_msgs/libpers_msgs__rosidl_generator_py.so
[0.788s] -- Up-to-date symlink: /home/giraff-azul2/tfg-villen/tfg_ws/install/pers_msgs/lib/python3.10/site-packages/pers_msgs/msg/__init__.py
[0.789s] -- Up-to-date symlink: /home/giraff-azul2/tfg-villen/tfg_ws/install/pers_msgs/lib/python3.10/site-packages/pers_msgs/msg/_caramsg.py
[0.789s] -- Up-to-date symlink: /home/giraff-azul2/tfg-villen/tfg_ws/install/pers_msgs/lib/python3.10/site-packages/pers_msgs/msg/_caramsg_s.c
[0.789s] -- Up-to-date symlink: /home/giraff-azul2/tfg-villen/tfg_ws/install/pers_msgs/lib/python3.10/site-packages/pers_msgs/msg/_facemsg.py
[0.790s] -- Up-to-date symlink: /home/giraff-azul2/tfg-villen/tfg_ws/install/pers_msgs/lib/python3.10/site-packages/pers_msgs/msg/_facemsg_s.c
[0.790s] -- Up-to-date symlink: /home/giraff-azul2/tfg-villen/tfg_ws/install/pers_msgs/lib/python3.10/site-packages/pers_msgs/msg/_new_usermsg.py
[0.790s] -- Up-to-date symlink: /home/giraff-azul2/tfg-villen/tfg_ws/install/pers_msgs/lib/python3.10/site-packages/pers_msgs/msg/_new_usermsg_s.c
[0.791s] -- Up-to-date symlink: /home/giraff-azul2/tfg-villen/tfg_ws/install/pers_msgs/lib/python3.10/site-packages/pers_msgs/msg/_nuevo_usuariomsg.py
[0.791s] -- Up-to-date symlink: /home/giraff-azul2/tfg-villen/tfg_ws/install/pers_msgs/lib/python3.10/site-packages/pers_msgs/msg/_nuevo_usuariomsg_s.c
[0.791s] -- Up-to-date symlink: /home/giraff-azul2/tfg-villen/tfg_ws/install/pers_msgs/lib/python3.10/site-packages/pers_msgs/pers_msgs_s__rosidl_typesupport_c.cpython-310-x86_64-linux-gnu.so
[0.792s] -- Up-to-date symlink: /home/giraff-azul2/tfg-villen/tfg_ws/install/pers_msgs/lib/python3.10/site-packages/pers_msgs/pers_msgs_s__rosidl_typesupport_fastrtps_c.cpython-310-x86_64-linux-gnu.so
[0.792s] -- Up-to-date symlink: /home/giraff-azul2/tfg-villen/tfg_ws/install/pers_msgs/lib/python3.10/site-packages/pers_msgs/pers_msgs_s__rosidl_typesupport_introspection_c.cpython-310-x86_64-linux-gnu.so
[0.793s] -- Up-to-date symlink: /home/giraff-azul2/tfg-villen/tfg_ws/install/pers_msgs/lib/python3.10/site-packages/pers_msgs/pers_msgs_s__rosidl_typesupport_fastrtps_c.cpython-310-x86_64-linux-gnu.so
[0.793s] -- Up-to-date symlink: /home/giraff-azul2/tfg-villen/tfg_ws/install/pers_msgs/lib/python3.10/site-packages/pers_msgs/pers_msgs_s__rosidl_typesupport_introspection_c.cpython-310-x86_64-linux-gnu.so
[0.794s] -- Up-to-date symlink: /home/giraff-azul2/tfg-villen/tfg_ws/install/pers_msgs/lib/python3.10/site-packages/pers_msgs/pers_msgs_s__rosidl_typesupport_c.cpython-310-x86_64-linux-gnu.so
[0.795s] -- Up-to-date symlink: /home/giraff-azul2/tfg-villen/tfg_ws/install/pers_msgs/share/pers_msgs/msg/Facemsg.idl
[0.795s] -- Up-to-date symlink: /home/giraff-azul2/tfg-villen/tfg_ws/install/pers_msgs/share/pers_msgs/msg/NewUsermsg.idl
[0.796s] -- Up-to-date symlink: /home/giraff-azul2/tfg-villen/tfg_ws/install/pers_msgs/share/pers_msgs/msg/Facemsg.msg
[0.797s] -- Up-to-date symlink: /home/giraff-azul2/tfg-villen/tfg_ws/install/pers_msgs/share/pers_msgs/msg/NewUsermsg.msg
[0.797s] -- Up-to-date symlink: /home/giraff-azul2/tfg-villen/tfg_ws/install/pers_msgs/share/ament_index/resource_index/package_run_dependencies/pers_msgs
[0.798s] -- Up-to-date symlink: /home/giraff-azul2/tfg-villen/tfg_ws/install/pers_msgs/share/ament_index/resource_index/parent_prefix_path/pers_msgs
[0.798s] -- Up-to-date symlink: /home/giraff-azul2/tfg-villen/tfg_ws/install/pers_msgs/share/pers_msgs/environment/ament_prefix_path.sh
[0.799s] -- Up-to-date symlink: /home/giraff-azul2/tfg-villen/tfg_ws/install/pers_msgs/share/pers_msgs/environment/ament_prefix_path.dsv
[0.799s] -- Up-to-date symlink: /home/giraff-azul2/tfg-villen/tfg_ws/install/pers_msgs/share/pers_msgs/environment/path.sh
[0.800s] -- Up-to-date symlink: /home/giraff-azul2/tfg-villen/tfg_ws/install/pers_msgs/share/pers_msgs/environment/path.dsv
[0.800s] -- Up-to-date symlink: /home/giraff-azul2/tfg-villen/tfg_ws/install/pers_msgs/share/pers_msgs/local_setup.bash
[0.801s] -- Up-to-date symlink: /home/giraff-azul2/tfg-villen/tfg_ws/install/pers_msgs/share/pers_msgs/local_setup.sh
[0.801s] -- Up-to-date symlink: /home/giraff-azul2/tfg-villen/tfg_ws/install/pers_msgs/share/pers_msgs/local_setup.zsh
[0.802s] -- Up-to-date symlink: /home/giraff-azul2/tfg-villen/tfg_ws/install/pers_msgs/share/pers_msgs/local_setup.dsv
[0.802s] -- Symlinking: /home/giraff-azul2/tfg-villen/tfg_ws/install/pers_msgs/share/pers_msgs/package.dsv
[0.815s] -- Up-to-date symlink: /home/giraff-azul2/tfg-villen/tfg_ws/install/pers_msgs/share/ament_index/resource_index/packages/pers_msgs
[0.815s] -- Up-to-date symlink: /home/giraff-azul2/tfg-villen/tfg_ws/install/pers_msgs/share/pers_msgs/cmake/rosidl_cmake-extras.cmake
[0.816s] -- Up-to-date symlink: /home/giraff-azul2/tfg-villen/tfg_ws/install/pers_msgs/share/pers_msgs/cmake/ament_cmake_export_dependencies-extras.cmake
[0.816s] -- Up-to-date symlink: /home/giraff-azul2/tfg-villen/tfg_ws/install/pers_msgs/share/pers_msgs/cmake/ament_cmake_export_include_directories-extras.cmake
[0.817s] -- Up-to-date symlink: /home/giraff-azul2/tfg-villen/tfg_ws/install/pers_msgs/share/pers_msgs/cmake/ament_cmake_export_libraries-extras.cmake
[0.817s] -- Up-to-date symlink: /home/giraff-azul2/tfg-villen/tfg_ws/install/pers_msgs/share/pers_msgs/cmake/ament_cmake_export_targets-extras.cmake
[0.818s] -- Up-to-date symlink: /home/giraff-azul2/tfg-villen/tfg_ws/install/pers_msgs/share/pers_msgs/cmake/rosidl_cmake_export_typesupport_targets-extras.cmake
[0.818s] -- Up-to-date symlink: /home/giraff-azul2/tfg-villen/tfg_ws/install/pers_msgs/share/pers_msgs/cmake/rosidl_cmake_export_typesupport_libraries-extras.cmake
[0.819s] -- Up-to-date symlink: /home/giraff-azul2/tfg-villen/tfg_ws/install/pers_msgs/share/pers_msgs/cmake/pers_msgsConfig.cmake
[0.819s] -- Up-to-date symlink: /home/giraff-azul2/tfg-villen/tfg_ws/install/pers_msgs/share/pers_msgs/cmake/pers_msgsConfig-version.cmake
[0.820s] -- Up-to-date symlink: /home/giraff-azul2/tfg-villen/tfg_ws/install/pers_msgs/share/pers_msgs/package.xml
[0.820s] -- Up-to-date: /home/giraff-azul2/tfg-villen/tfg_ws/install/pers_msgs/lib/libpers_msgs__rosidl_generator_c.so
[0.821s] -- Up-to-date: /home/giraff-azul2/tfg-villen/tfg_ws/install/pers_msgs/lib/libpers_msgs__rosidl_typesupport_fastrtps_c.so
[0.822s] -- Up-to-date: /home/giraff-azul2/tfg-villen/tfg_ws/install/pers_msgs/lib/libpers_msgs__rosidl_typesupport_fastrtps_cpp.so
[0.822s] -- Up-to-date: /home/giraff-azul2/tfg-villen/tfg_ws/install/pers_msgs/lib/libpers_msgs__rosidl_typesupport_introspection_c.so
[0.823s] -- Up-to-date: /home/giraff-azul2/tfg-villen/tfg_ws/install/pers_msgs/lib/libpers_msgs__rosidl_typesupport_c.so
[0.824s] -- Up-to-date: /home/giraff-azul2/tfg-villen/tfg_ws/install/pers_msgs/lib/libpers_msgs__rosidl_typesupport_introspection_cpp.so
[0.825s] -- Up-to-date: /home/giraff-azul2/tfg-villen/tfg_ws/install/pers_msgs/lib/libpers_msgs__rosidl_typesupport_cpp.so
[0.876s] Listing '/home/giraff-azul2/tfg-villen/tfg_ws/install/pers_msgs/lib/python3.10/site-packages/pers_msgs'...
[0.876s] Listing '/home/giraff-azul2/tfg-villen/tfg_ws/install/pers_msgs/lib/python3.10/site-packages/pers_msgs/msg'...
[0.882s] -- Up-to-date: /home/giraff-azul2/tfg-villen/tfg_ws/install/pers_msgs/lib/libpers_msgs__rosidl_generator_py.so
[0.884s] -- Up-to-date: /home/giraff-azul2/tfg-villen/tfg_ws/install/pers_msgs/share/pers_msgs/cmake/export_pers_msgs__rosidl_generator_cExport.cmake
[0.884s] -- Up-to-date: /home/giraff-azul2/tfg-villen/tfg_ws/install/pers_msgs/share/pers_msgs/cmake/export_pers_msgs__rosidl_generator_cExport-noconfig.cmake
[0.884s] -- Up-to-date: /home/giraff-azul2/tfg-villen/tfg_ws/install/pers_msgs/share/pers_msgs/cmake/export_pers_msgs__rosidl_typesupport_fastrtps_cExport.cmake
[0.884s] -- Up-to-date: /home/giraff-azul2/tfg-villen/tfg_ws/install/pers_msgs/share/pers_msgs/cmake/export_pers_msgs__rosidl_typesupport_fastrtps_cExport-noconfig.cmake
[0.885s] -- Up-to-date: /home/giraff-azul2/tfg-villen/tfg_ws/install/pers_msgs/share/pers_msgs/cmake/export_pers_msgs__rosidl_generator_cppExport.cmake
[0.885s] -- Up-to-date: /home/giraff-azul2/tfg-villen/tfg_ws/install/pers_msgs/share/pers_msgs/cmake/export_pers_msgs__rosidl_typesupport_fastrtps_cppExport.cmake
[0.886s] -- Up-to-date: /home/giraff-azul2/tfg-villen/tfg_ws/install/pers_msgs/share/pers_msgs/cmake/export_pers_msgs__rosidl_typesupport_fastrtps_cppExport-noconfig.cmake
[0.886s] -- Up-to-date: /home/giraff-azul2/tfg-villen/tfg_ws/install/pers_msgs/share/pers_msgs/cmake/pers_msgs__rosidl_typesupport_introspection_cExport.cmake
[0.886s] -- Up-to-date: /home/giraff-azul2/tfg-villen/tfg_ws/install/pers_msgs/share/pers_msgs/cmake/pers_msgs__rosidl_typesupport_introspection_cExport-noconfig.cmake
[0.886s] -- Up-to-date: /home/giraff-azul2/tfg-villen/tfg_ws/install/pers_msgs/share/pers_msgs/cmake/pers_msgs__rosidl_typesupport_cExport.cmake
[0.887s] -- Up-to-date: /home/giraff-azul2/tfg-villen/tfg_ws/install/pers_msgs/share/pers_msgs/cmake/pers_msgs__rosidl_typesupport_cExport-noconfig.cmake
[0.887s] -- Up-to-date: /home/giraff-azul2/tfg-villen/tfg_ws/install/pers_msgs/share/pers_msgs/cmake/pers_msgs__rosidl_typesupport_introspection_cppExport.cmake
[0.887s] -- Up-to-date: /home/giraff-azul2/tfg-villen/tfg_ws/install/pers_msgs/share/pers_msgs/cmake/pers_msgs__rosidl_typesupport_introspection_cppExport-noconfig.cmake
[0.888s] -- Up-to-date: /home/giraff-azul2/tfg-villen/tfg_ws/install/pers_msgs/share/pers_msgs/cmake/pers_msgs__rosidl_typesupport_cppExport.cmake
[0.888s] -- Up-to-date: /home/giraff-azul2/tfg-villen/tfg_ws/install/pers_msgs/share/pers_msgs/cmake/pers_msgs__rosidl_typesupport_cppExport-noconfig.cmake
[0.888s] -- Up-to-date: /home/giraff-azul2/tfg-villen/tfg_ws/install/pers_msgs/share/pers_msgs/cmake/export_pers_msgs__rosidl_generator_pyExport.cmake
[0.888s] -- Up-to-date: /home/giraff-azul2/tfg-villen/tfg_ws/install/pers_msgs/share/pers_msgs/cmake/export_pers_msgs__rosidl_generator_pyExport-noconfig.cmake
[0.891s] Invoked command in '/home/giraff-azul2/tfg-villen/tfg_ws/build/pers_msgs' returned '0': CMAKE_PREFIX_PATH=${CMAKE_PREFIX_PATH}:/home/giraff-azul2/mapir_ws/install/task_manager:/home/giraff-azul2/mapir_ws/install/battery_manager:/opt/ros/humble /usr/bin/cmake --install /home/giraff-azul2/tfg-villen/tfg_ws/build/pers_msgs
