[0.032s] Invoking command in '/home/giraff-azul2/tfg-villen/tfg_ws/build/usb_camera_driver': CMAKE_PREFIX_PATH=${CMAKE_PREFIX_PATH}:/home/giraff-azul2/tfg-villen/tfg_ws/install/fer_pkg:/opt/ros/humble PS1=(tfg_venv) \[\e]0;\u@\h: \w\a\]${debian_chroot:+($debian_chroot)}\[\033[01;32m\]\u@\h\[\033[00m\]:\[\033[01;34m\]\w\[\033[00m\]\$ VIRTUAL_ENV_PROMPT=(tfg_venv) /home/giraff-azul2/tfg-villen/tfg_venv/bin/cmake /home/giraff-azul2/tfg-villen/tfg_ws/src/ros2_usb_camera -DCMAKE_INSTALL_PREFIX=/home/giraff-azul2/tfg-villen/tfg_ws/install/usb_camera_driver
[0.078s] -- Found ament_cmake: 1.3.4 (/opt/ros/humble/share/ament_cmake/cmake)
[0.292s] -- Found rclcpp: 16.0.4 (/opt/ros/humble/share/rclcpp/cmake)
[0.345s] -- Found rosidl_generator_c: 3.1.4 (/opt/ros/humble/share/rosidl_generator_c/cmake)
[0.350s] -- Found rosidl_adapter: 3.1.4 (/opt/ros/humble/share/rosidl_adapter/cmake)
[0.361s] -- Found rosidl_generator_cpp: 3.1.4 (/opt/ros/humble/share/rosidl_generator_cpp/cmake)
[0.383s] -- Using all available rosidl_typesupport_c: rosidl_typesupport_fastrtps_c;rosidl_typesupport_introspection_c
[0.418s] -- Using all available rosidl_typesupport_cpp: rosidl_typesupport_fastrtps_cpp;rosidl_typesupport_introspection_cpp
[0.536s] -- Found rmw_implementation_cmake: 6.1.1 (/opt/ros/humble/share/rmw_implementation_cmake/cmake)
[0.538s] -- Found rmw_fastrtps_cpp: 6.2.2 (/opt/ros/humble/share/rmw_fastrtps_cpp/cmake)
[0.743s] -- Using RMW implementation 'rmw_fastrtps_cpp' as default
[1.064s] -- Found rclcpp_components: 16.0.4 (/opt/ros/humble/share/rclcpp_components/cmake)
[1.185s] -- Found sensor_msgs: 4.2.3 (/opt/ros/humble/share/sensor_msgs/cmake)
[1.440s] [31mCMake Error at CMakeLists.txt:21 (find_package):
[1.440s]   By not providing "Findcamera_info_manager.cmake" in CMAKE_MODULE_PATH this
[1.440s]   project has asked CMake to find a package configuration file provided by
[1.440s]   "camera_info_manager", but CMake did not find one.
[1.440s] 
[1.440s]   Could not find a package configuration file provided by
[1.440s]   "camera_info_manager" with any of the following names:
[1.440s] 
[1.441s]     camera_info_managerConfig.cmake
[1.441s]     camera_info_manager-config.cmake
[1.441s] 
[1.441s]   Add the installation prefix of "camera_info_manager" to CMAKE_PREFIX_PATH
[1.441s]   or set "camera_info_manager_DIR" to a directory containing one of the above
[1.441s]   files.  If "camera_info_manager" provides a separate development package or
[1.441s]   SDK, be sure it has been installed.
[1.441s] 
[1.441s] [0m
[1.442s] -- Configuring incomplete, errors occurred!
[1.473s] Invoked command in '/home/giraff-azul2/tfg-villen/tfg_ws/build/usb_camera_driver' returned '1': CMAKE_PREFIX_PATH=${CMAKE_PREFIX_PATH}:/home/giraff-azul2/tfg-villen/tfg_ws/install/fer_pkg:/opt/ros/humble PS1=(tfg_venv) \[\e]0;\u@\h: \w\a\]${debian_chroot:+($debian_chroot)}\[\033[01;32m\]\u@\h\[\033[00m\]:\[\033[01;34m\]\w\[\033[00m\]\$ VIRTUAL_ENV_PROMPT=(tfg_venv) /home/giraff-azul2/tfg-villen/tfg_venv/bin/cmake /home/giraff-azul2/tfg-villen/tfg_ws/src/ros2_usb_camera -DCMAKE_INSTALL_PREFIX=/home/giraff-azul2/tfg-villen/tfg_ws/install/usb_camera_driver
