/home/giraff-azul2/tfg-villen/tfg_ws/install/fer_pkg/lib/python3.10/site-packages/fer_pkg/Face_detector_node.py
/home/giraff-azul2/tfg-villen/tfg_ws/install/fer_pkg/lib/python3.10/site-packages/fer_pkg/TelegramNode.py
/home/giraff-azul2/tfg-villen/tfg_ws/install/fer_pkg/lib/python3.10/site-packages/fer_pkg/Emotion_detector_node.py
/home/giraff-azul2/tfg-villen/tfg_ws/install/fer_pkg/lib/python3.10/site-packages/fer_pkg/__init__.py
/home/giraff-azul2/tfg-villen/tfg_ws/install/fer_pkg/lib/python3.10/site-packages/fer_pkg/__pycache__/Face_detector_node.cpython-310.pyc
/home/giraff-azul2/tfg-villen/tfg_ws/install/fer_pkg/lib/python3.10/site-packages/fer_pkg/__pycache__/TelegramNode.cpython-310.pyc
/home/giraff-azul2/tfg-villen/tfg_ws/install/fer_pkg/lib/python3.10/site-packages/fer_pkg/__pycache__/Emotion_detector_node.cpython-310.pyc
/home/giraff-azul2/tfg-villen/tfg_ws/install/fer_pkg/lib/python3.10/site-packages/fer_pkg/__pycache__/__init__.cpython-310.pyc
/home/giraff-azul2/tfg-villen/tfg_ws/install/fer_pkg/share/ament_index/resource_index/packages/fer_pkg
/home/giraff-azul2/tfg-villen/tfg_ws/install/fer_pkg/share/fer_pkg/launch/face_emotion_recognition_launch.py
/home/giraff-azul2/tfg-villen/tfg_ws/install/fer_pkg/share/fer_pkg/package.xml
/home/giraff-azul2/tfg-villen/tfg_ws/install/fer_pkg/lib/python3.10/site-packages/fer_pkg-0.0.0-py3.10.egg-info/dependency_links.txt
/home/giraff-azul2/tfg-villen/tfg_ws/install/fer_pkg/lib/python3.10/site-packages/fer_pkg-0.0.0-py3.10.egg-info/zip-safe
/home/giraff-azul2/tfg-villen/tfg_ws/install/fer_pkg/lib/python3.10/site-packages/fer_pkg-0.0.0-py3.10.egg-info/SOURCES.txt
/home/giraff-azul2/tfg-villen/tfg_ws/install/fer_pkg/lib/python3.10/site-packages/fer_pkg-0.0.0-py3.10.egg-info/PKG-INFO
/home/giraff-azul2/tfg-villen/tfg_ws/install/fer_pkg/lib/python3.10/site-packages/fer_pkg-0.0.0-py3.10.egg-info/entry_points.txt
/home/giraff-azul2/tfg-villen/tfg_ws/install/fer_pkg/lib/python3.10/site-packages/fer_pkg-0.0.0-py3.10.egg-info/top_level.txt
/home/giraff-azul2/tfg-villen/tfg_ws/install/fer_pkg/lib/python3.10/site-packages/fer_pkg-0.0.0-py3.10.egg-info/requires.txt
/home/giraff-azul2/tfg-villen/tfg_ws/install/fer_pkg/lib/fer_pkg/Emotion_detector_node
/home/giraff-azul2/tfg-villen/tfg_ws/install/fer_pkg/lib/fer_pkg/Face_detector_node
/home/giraff-azul2/tfg-villen/tfg_ws/install/fer_pkg/lib/fer_pkg/TelegramNode
/home/giraff-azul2/tfg-villen/tfg_ws/install/fer_pkg/lib/fer_pkg/my_node
