[1.055s] Invoking command in '/home/giraff-azul2/tfg-villen/tfg_ws/src/fer_pkg': PS1=(tfg_venv) \[\e]0;\u@\h: \w\a\]${debian_chroot:+($debian_chroot)}\[\033[01;32m\]\u@\h\[\033[00m\]:\[\033[01;34m\]\w\[\033[00m\]\$ PYTHONPATH=/home/giraff-azul2/tfg-villen/tfg_ws/build/fer_pkg/prefix_override:/home/giraff-azul2/tfg-villen/tfg_ws/install/fer_pkg/lib/python3.10/site-packages:/home/giraff-azul2/tfg-villen/tfg_ws/install/pers_msgs/lib/python3.10/site-packages:/home/giraff-azul2/tfg-villen/tfg_ws/install/fer_pkg/lib/python3.10/site-packages:/opt/ros/humble/lib/python3.10/site-packages:/opt/ros/humble/local/lib/python3.10/dist-packages:/home/giraff-azul2/tfg-villen/tfg_venv/lib/python3.10/site-packages VIRTUAL_ENV_PROMPT=(tfg_venv) /usr/bin/python3 setup.py egg_info --egg-base ../../build/fer_pkg build --build-base /home/giraff-azul2/tfg-villen/tfg_ws/build/fer_pkg/build install --record /home/giraff-azul2/tfg-villen/tfg_ws/build/fer_pkg/install.log --single-version-externally-managed
[1.435s] running egg_info
[1.436s] writing ../../build/fer_pkg/fer_pkg.egg-info/PKG-INFO
[1.436s] writing dependency_links to ../../build/fer_pkg/fer_pkg.egg-info/dependency_links.txt
[1.437s] writing entry points to ../../build/fer_pkg/fer_pkg.egg-info/entry_points.txt
[1.437s] writing requirements to ../../build/fer_pkg/fer_pkg.egg-info/requires.txt
[1.437s] writing top-level names to ../../build/fer_pkg/fer_pkg.egg-info/top_level.txt
[1.440s] reading manifest file '../../build/fer_pkg/fer_pkg.egg-info/SOURCES.txt'
[1.441s] writing manifest file '../../build/fer_pkg/fer_pkg.egg-info/SOURCES.txt'
[1.441s] running build
[1.441s] running build_py
[1.441s] copying fer_pkg/Face_detector_node.py -> /home/giraff-azul2/tfg-villen/tfg_ws/build/fer_pkg/build/lib/fer_pkg
[1.442s] running install
[1.442s] /home/giraff-azul2/tfg-villen/tfg_venv/lib/python3.10/site-packages/setuptools/command/install.py:34: SetuptoolsDeprecationWarning: setup.py install is deprecated. Use build and pip and other standards-based tools.
[1.442s]   warnings.warn(
[1.443s] running install_lib
[1.444s] copying /home/giraff-azul2/tfg-villen/tfg_ws/build/fer_pkg/build/lib/fer_pkg/Face_detector_node.py -> /home/giraff-azul2/tfg-villen/tfg_ws/install/fer_pkg/lib/python3.10/site-packages/fer_pkg
[1.445s] byte-compiling /home/giraff-azul2/tfg-villen/tfg_ws/install/fer_pkg/lib/python3.10/site-packages/fer_pkg/Face_detector_node.py to Face_detector_node.cpython-310.pyc
[1.447s] running install_data
[1.449s] running install_egg_info
[1.450s] removing '/home/giraff-azul2/tfg-villen/tfg_ws/install/fer_pkg/lib/python3.10/site-packages/fer_pkg-0.0.0-py3.10.egg-info' (and everything under it)
[1.451s] Copying ../../build/fer_pkg/fer_pkg.egg-info to /home/giraff-azul2/tfg-villen/tfg_ws/install/fer_pkg/lib/python3.10/site-packages/fer_pkg-0.0.0-py3.10.egg-info
[1.452s] running install_scripts
[1.476s] Installing Emotion_detector_node script to /home/giraff-azul2/tfg-villen/tfg_ws/install/fer_pkg/lib/fer_pkg
[1.476s] Installing Face_detector_node script to /home/giraff-azul2/tfg-villen/tfg_ws/install/fer_pkg/lib/fer_pkg
[1.476s] Installing TelegramNode script to /home/giraff-azul2/tfg-villen/tfg_ws/install/fer_pkg/lib/fer_pkg
[1.476s] Installing my_node script to /home/giraff-azul2/tfg-villen/tfg_ws/install/fer_pkg/lib/fer_pkg
[1.477s] writing list of installed files to '/home/giraff-azul2/tfg-villen/tfg_ws/build/fer_pkg/install.log'
[1.515s] Invoked command in '/home/giraff-azul2/tfg-villen/tfg_ws/src/fer_pkg' returned '0': PS1=(tfg_venv) \[\e]0;\u@\h: \w\a\]${debian_chroot:+($debian_chroot)}\[\033[01;32m\]\u@\h\[\033[00m\]:\[\033[01;34m\]\w\[\033[00m\]\$ PYTHONPATH=/home/giraff-azul2/tfg-villen/tfg_ws/build/fer_pkg/prefix_override:/home/giraff-azul2/tfg-villen/tfg_ws/install/fer_pkg/lib/python3.10/site-packages:/home/giraff-azul2/tfg-villen/tfg_ws/install/pers_msgs/lib/python3.10/site-packages:/home/giraff-azul2/tfg-villen/tfg_ws/install/fer_pkg/lib/python3.10/site-packages:/opt/ros/humble/lib/python3.10/site-packages:/opt/ros/humble/local/lib/python3.10/dist-packages:/home/giraff-azul2/tfg-villen/tfg_venv/lib/python3.10/site-packages VIRTUAL_ENV_PROMPT=(tfg_venv) /usr/bin/python3 setup.py egg_info --egg-base ../../build/fer_pkg build --build-base /home/giraff-azul2/tfg-villen/tfg_ws/build/fer_pkg/build install --record /home/giraff-azul2/tfg-villen/tfg_ws/build/fer_pkg/install.log --single-version-externally-managed
