[0.049s] Invoking command in '/home/giraff-azul2/tfg-villen/tfg_ws/build/pers_msgs': CMAKE_PREFIX_PATH=${CMAKE_PREFIX_PATH}:/home/giraff-azul2/mapir_ws/install/task_manager:/home/giraff-azul2/mapir_ws/install/battery_manager:/opt/ros/humble VIRTUAL_ENV_PROMPT=(tfg_venv) /home/giraff-azul2/tfg-villen/tfg_venv/bin/cmake --build /home/giraff-azul2/tfg-villen/tfg_ws/build/pers_msgs -- -j8 -l8
[0.382s] [  2%] Built target pers_msgs__cpp
[0.395s] [  2%] Built target ament_cmake_python_symlink_pers_msgs
[0.425s] [ 12%] Built target pers_msgs__rosidl_generator_c
[0.468s] [ 23%] Built target pers_msgs__rosidl_typesupport_cpp
[0.474s] [ 43%] Built target pers_msgs__rosidl_typesupport_fastrtps_cpp
[0.474s] [ 35%] Built target pers_msgs__rosidl_typesupport_introspection_cpp
[0.482s] [ 53%] Built target pers_msgs__rosidl_typesupport_c
[0.485s] [ 64%] Built target pers_msgs__rosidl_typesupport_introspection_c
[0.487s] [ 74%] Built target pers_msgs__rosidl_typesupport_fastrtps_c
[0.526s] [ 74%] Built target pers_msgs
[0.561s] [ 76%] Built target pers_msgs__py
[0.609s] [ 84%] Built target pers_msgs__rosidl_generator_py
[0.652s] [ 97%] Built target pers_msgs__rosidl_typesupport_c__pyext
[0.652s] [ 97%] Built target pers_msgs__rosidl_typesupport_introspection_c__pyext
[0.652s] [100%] Built target pers_msgs__rosidl_typesupport_fastrtps_c__pyext
[0.866s] running egg_info
[0.867s] writing pers_msgs.egg-info/PKG-INFO
[0.867s] writing dependency_links to pers_msgs.egg-info/dependency_links.txt
[0.867s] writing top-level names to pers_msgs.egg-info/top_level.txt
[0.871s] reading manifest file 'pers_msgs.egg-info/SOURCES.txt'
[0.873s] writing manifest file 'pers_msgs.egg-info/SOURCES.txt'
[0.915s] [100%] Built target ament_cmake_python_build_pers_msgs_egg
[0.952s] Invoked command in '/home/giraff-azul2/tfg-villen/tfg_ws/build/pers_msgs' returned '0': CMAKE_PREFIX_PATH=${CMAKE_PREFIX_PATH}:/home/giraff-azul2/mapir_ws/install/task_manager:/home/giraff-azul2/mapir_ws/install/battery_manager:/opt/ros/humble VIRTUAL_ENV_PROMPT=(tfg_venv) /home/giraff-azul2/tfg-villen/tfg_venv/bin/cmake --build /home/giraff-azul2/tfg-villen/tfg_ws/build/pers_msgs -- -j8 -l8
[1.188s] Invoking command in '/home/giraff-azul2/tfg-villen/tfg_ws/build/pers_msgs': CMAKE_PREFIX_PATH=${CMAKE_PREFIX_PATH}:/home/giraff-azul2/mapir_ws/install/task_manager:/home/giraff-azul2/mapir_ws/install/battery_manager:/opt/ros/humble VIRTUAL_ENV_PROMPT=(tfg_venv) /home/giraff-azul2/tfg-villen/tfg_venv/bin/cmake --install /home/giraff-azul2/tfg-villen/tfg_ws/build/pers_msgs
[1.245s] -- Install configuration: ""
[1.247s] -- Execute custom install script
[1.249s] -- Up-to-date symlink: /home/giraff-azul2/tfg-villen/tfg_ws/install/pers_msgs/share/ament_index/resource_index/rosidl_interfaces/pers_msgs
[1.254s] -- Up-to-date symlink: /home/giraff-azul2/tfg-villen/tfg_ws/install/pers_msgs/include/pers_msgs/pers_msgs/msg/caramsg.h
[1.255s] -- Up-to-date symlink: /home/giraff-azul2/tfg-villen/tfg_ws/install/pers_msgs/include/pers_msgs/pers_msgs/msg/detail/caramsg__functions.h
[1.256s] -- Up-to-date symlink: /home/giraff-azul2/tfg-villen/tfg_ws/install/pers_msgs/include/pers_msgs/pers_msgs/msg/detail/caramsg__struct.h
[1.256s] -- Up-to-date symlink: /home/giraff-azul2/tfg-villen/tfg_ws/install/pers_msgs/include/pers_msgs/pers_msgs/msg/detail/caramsg__type_support.h
[1.257s] -- Up-to-date symlink: /home/giraff-azul2/tfg-villen/tfg_ws/install/pers_msgs/include/pers_msgs/pers_msgs/msg/detail/facemsg__functions.h
[1.258s] -- Up-to-date symlink: /home/giraff-azul2/tfg-villen/tfg_ws/install/pers_msgs/include/pers_msgs/pers_msgs/msg/detail/facemsg__struct.h
[1.259s] -- Up-to-date symlink: /home/giraff-azul2/tfg-villen/tfg_ws/install/pers_msgs/include/pers_msgs/pers_msgs/msg/detail/facemsg__type_support.h
[1.260s] -- Up-to-date symlink: /home/giraff-azul2/tfg-villen/tfg_ws/install/pers_msgs/include/pers_msgs/pers_msgs/msg/detail/new_usermsg__functions.h
[1.261s] -- Up-to-date symlink: /home/giraff-azul2/tfg-villen/tfg_ws/install/pers_msgs/include/pers_msgs/pers_msgs/msg/detail/new_usermsg__struct.h
[1.262s] -- Up-to-date symlink: /home/giraff-azul2/tfg-villen/tfg_ws/install/pers_msgs/include/pers_msgs/pers_msgs/msg/detail/new_usermsg__type_support.h
[1.262s] -- Up-to-date symlink: /home/giraff-azul2/tfg-villen/tfg_ws/install/pers_msgs/include/pers_msgs/pers_msgs/msg/detail/nuevo_usuariomsg__functions.h
[1.263s] -- Up-to-date symlink: /home/giraff-azul2/tfg-villen/tfg_ws/install/pers_msgs/include/pers_msgs/pers_msgs/msg/detail/nuevo_usuariomsg__struct.h
[1.263s] -- Up-to-date symlink: /home/giraff-azul2/tfg-villen/tfg_ws/install/pers_msgs/include/pers_msgs/pers_msgs/msg/detail/nuevo_usuariomsg__type_support.h
[1.263s] -- Up-to-date symlink: /home/giraff-azul2/tfg-villen/tfg_ws/install/pers_msgs/include/pers_msgs/pers_msgs/msg/facemsg.h
[1.264s] -- Up-to-date symlink: /home/giraff-azul2/tfg-villen/tfg_ws/install/pers_msgs/include/pers_msgs/pers_msgs/msg/new_usermsg.h
[1.264s] -- Up-to-date symlink: /home/giraff-azul2/tfg-villen/tfg_ws/install/pers_msgs/include/pers_msgs/pers_msgs/msg/nuevo_usuariomsg.h
[1.264s] -- Up-to-date symlink: /home/giraff-azul2/tfg-villen/tfg_ws/install/pers_msgs/include/pers_msgs/pers_msgs/msg/rosidl_generator_c__visibility_control.h
[1.265s] -- Up-to-date symlink: /home/giraff-azul2/tfg-villen/tfg_ws/install/pers_msgs/share/pers_msgs/environment/library_path.sh
[1.266s] -- Up-to-date symlink: /home/giraff-azul2/tfg-villen/tfg_ws/install/pers_msgs/share/pers_msgs/environment/library_path.dsv
[1.267s] -- Up-to-date symlink: /home/giraff-azul2/tfg-villen/tfg_ws/install/pers_msgs/include/pers_msgs/pers_msgs/msg/detail/caramsg__rosidl_typesupport_fastrtps_c.h
[1.267s] -- Up-to-date symlink: /home/giraff-azul2/tfg-villen/tfg_ws/install/pers_msgs/include/pers_msgs/pers_msgs/msg/detail/facemsg__rosidl_typesupport_fastrtps_c.h
[1.268s] -- Up-to-date symlink: /home/giraff-azul2/tfg-villen/tfg_ws/install/pers_msgs/include/pers_msgs/pers_msgs/msg/detail/new_usermsg__rosidl_typesupport_fastrtps_c.h
[1.268s] -- Up-to-date symlink: /home/giraff-azul2/tfg-villen/tfg_ws/install/pers_msgs/include/pers_msgs/pers_msgs/msg/detail/nuevo_usuariomsg__rosidl_typesupport_fastrtps_c.h
[1.268s] -- Up-to-date symlink: /home/giraff-azul2/tfg-villen/tfg_ws/install/pers_msgs/include/pers_msgs/pers_msgs/msg/rosidl_typesupport_fastrtps_c__visibility_control.h
[1.269s] -- Up-to-date symlink: /home/giraff-azul2/tfg-villen/tfg_ws/install/pers_msgs/include/pers_msgs/pers_msgs/msg/caramsg.hpp
[1.270s] -- Up-to-date symlink: /home/giraff-azul2/tfg-villen/tfg_ws/install/pers_msgs/include/pers_msgs/pers_msgs/msg/detail/caramsg__builder.hpp
[1.270s] -- Up-to-date symlink: /home/giraff-azul2/tfg-villen/tfg_ws/install/pers_msgs/include/pers_msgs/pers_msgs/msg/detail/caramsg__struct.hpp
[1.270s] -- Up-to-date symlink: /home/giraff-azul2/tfg-villen/tfg_ws/install/pers_msgs/include/pers_msgs/pers_msgs/msg/detail/caramsg__traits.hpp
[1.273s] -- Up-to-date symlink: /home/giraff-azul2/tfg-villen/tfg_ws/install/pers_msgs/include/pers_msgs/pers_msgs/msg/detail/facemsg__builder.hpp
[1.273s] -- Up-to-date symlink: /home/giraff-azul2/tfg-villen/tfg_ws/install/pers_msgs/include/pers_msgs/pers_msgs/msg/detail/facemsg__struct.hpp
[1.273s] -- Up-to-date symlink: /home/giraff-azul2/tfg-villen/tfg_ws/install/pers_msgs/include/pers_msgs/pers_msgs/msg/detail/facemsg__traits.hpp
[1.274s] -- Up-to-date symlink: /home/giraff-azul2/tfg-villen/tfg_ws/install/pers_msgs/include/pers_msgs/pers_msgs/msg/detail/new_usermsg__builder.hpp
[1.274s] -- Up-to-date symlink: /home/giraff-azul2/tfg-villen/tfg_ws/install/pers_msgs/include/pers_msgs/pers_msgs/msg/detail/new_usermsg__struct.hpp
[1.277s] -- Up-to-date symlink: /home/giraff-azul2/tfg-villen/tfg_ws/install/pers_msgs/include/pers_msgs/pers_msgs/msg/detail/new_usermsg__traits.hpp
[1.277s] -- Up-to-date symlink: /home/giraff-azul2/tfg-villen/tfg_ws/install/pers_msgs/include/pers_msgs/pers_msgs/msg/detail/nuevo_usuariomsg__builder.hpp
[1.278s] -- Up-to-date symlink: /home/giraff-azul2/tfg-villen/tfg_ws/install/pers_msgs/include/pers_msgs/pers_msgs/msg/detail/nuevo_usuariomsg__struct.hpp
[1.278s] -- Up-to-date symlink: /home/giraff-azul2/tfg-villen/tfg_ws/install/pers_msgs/include/pers_msgs/pers_msgs/msg/detail/nuevo_usuariomsg__traits.hpp
[1.280s] -- Up-to-date symlink: /home/giraff-azul2/tfg-villen/tfg_ws/install/pers_msgs/include/pers_msgs/pers_msgs/msg/facemsg.hpp
[1.282s] -- Up-to-date symlink: /home/giraff-azul2/tfg-villen/tfg_ws/install/pers_msgs/include/pers_msgs/pers_msgs/msg/new_usermsg.hpp
[1.282s] -- Up-to-date symlink: /home/giraff-azul2/tfg-villen/tfg_ws/install/pers_msgs/include/pers_msgs/pers_msgs/msg/nuevo_usuariomsg.hpp
[1.283s] -- Up-to-date symlink: /home/giraff-azul2/tfg-villen/tfg_ws/install/pers_msgs/include/pers_msgs/pers_msgs/msg/detail/caramsg__rosidl_typesupport_fastrtps_cpp.hpp
[1.283s] -- Up-to-date symlink: /home/giraff-azul2/tfg-villen/tfg_ws/install/pers_msgs/include/pers_msgs/pers_msgs/msg/detail/facemsg__rosidl_typesupport_fastrtps_cpp.hpp
[1.284s] -- Up-to-date symlink: /home/giraff-azul2/tfg-villen/tfg_ws/install/pers_msgs/include/pers_msgs/pers_msgs/msg/detail/new_usermsg__rosidl_typesupport_fastrtps_cpp.hpp
[1.284s] -- Up-to-date symlink: /home/giraff-azul2/tfg-villen/tfg_ws/install/pers_msgs/include/pers_msgs/pers_msgs/msg/detail/nuevo_usuariomsg__rosidl_typesupport_fastrtps_cpp.hpp
[1.285s] -- Up-to-date symlink: /home/giraff-azul2/tfg-villen/tfg_ws/install/pers_msgs/include/pers_msgs/pers_msgs/msg/rosidl_typesupport_fastrtps_cpp__visibility_control.h
[1.286s] -- Up-to-date symlink: /home/giraff-azul2/tfg-villen/tfg_ws/install/pers_msgs/include/pers_msgs/pers_msgs/msg/detail/caramsg__rosidl_typesupport_introspection_c.h
[1.286s] -- Up-to-date symlink: /home/giraff-azul2/tfg-villen/tfg_ws/install/pers_msgs/include/pers_msgs/pers_msgs/msg/detail/facemsg__rosidl_typesupport_introspection_c.h
[1.287s] -- Up-to-date symlink: /home/giraff-azul2/tfg-villen/tfg_ws/install/pers_msgs/include/pers_msgs/pers_msgs/msg/detail/new_usermsg__rosidl_typesupport_introspection_c.h
[1.287s] -- Up-to-date symlink: /home/giraff-azul2/tfg-villen/tfg_ws/install/pers_msgs/include/pers_msgs/pers_msgs/msg/detail/nuevo_usuariomsg__rosidl_typesupport_introspection_c.h
[1.287s] -- Up-to-date symlink: /home/giraff-azul2/tfg-villen/tfg_ws/install/pers_msgs/include/pers_msgs/pers_msgs/msg/rosidl_typesupport_introspection_c__visibility_control.h
[1.288s] -- Up-to-date symlink: /home/giraff-azul2/tfg-villen/tfg_ws/install/pers_msgs/include/pers_msgs/pers_msgs/msg/detail/caramsg__rosidl_typesupport_introspection_cpp.hpp
[1.289s] -- Up-to-date symlink: /home/giraff-azul2/tfg-villen/tfg_ws/install/pers_msgs/include/pers_msgs/pers_msgs/msg/detail/facemsg__rosidl_typesupport_introspection_cpp.hpp
[1.289s] -- Up-to-date symlink: /home/giraff-azul2/tfg-villen/tfg_ws/install/pers_msgs/include/pers_msgs/pers_msgs/msg/detail/new_usermsg__rosidl_typesupport_introspection_cpp.hpp
[1.290s] -- Up-to-date symlink: /home/giraff-azul2/tfg-villen/tfg_ws/install/pers_msgs/include/pers_msgs/pers_msgs/msg/detail/nuevo_usuariomsg__rosidl_typesupport_introspection_cpp.hpp
[1.290s] -- Up-to-date symlink: /home/giraff-azul2/tfg-villen/tfg_ws/install/pers_msgs/share/pers_msgs/environment/pythonpath.sh
[1.292s] -- Up-to-date symlink: /home/giraff-azul2/tfg-villen/tfg_ws/install/pers_msgs/share/pers_msgs/environment/pythonpath.dsv
[1.293s] -- Up-to-date symlink: /home/giraff-azul2/tfg-villen/tfg_ws/install/pers_msgs/lib/python3.10/site-packages/pers_msgs-0.0.0-py3.10.egg-info/PKG-INFO
[1.294s] -- Up-to-date symlink: /home/giraff-azul2/tfg-villen/tfg_ws/install/pers_msgs/lib/python3.10/site-packages/pers_msgs-0.0.0-py3.10.egg-info/SOURCES.txt
[1.294s] -- Up-to-date symlink: /home/giraff-azul2/tfg-villen/tfg_ws/install/pers_msgs/lib/python3.10/site-packages/pers_msgs-0.0.0-py3.10.egg-info/dependency_links.txt
[1.294s] -- Up-to-date symlink: /home/giraff-azul2/tfg-villen/tfg_ws/install/pers_msgs/lib/python3.10/site-packages/pers_msgs-0.0.0-py3.10.egg-info/top_level.txt
[1.296s] -- Up-to-date symlink: /home/giraff-azul2/tfg-villen/tfg_ws/install/pers_msgs/lib/python3.10/site-packages/pers_msgs/__init__.py
[1.297s] -- Up-to-date symlink: /home/giraff-azul2/tfg-villen/tfg_ws/install/pers_msgs/lib/python3.10/site-packages/pers_msgs/_pers_msgs_s.ep.rosidl_typesupport_c.c
[1.297s] -- Up-to-date symlink: /home/giraff-azul2/tfg-villen/tfg_ws/install/pers_msgs/lib/python3.10/site-packages/pers_msgs/_pers_msgs_s.ep.rosidl_typesupport_fastrtps_c.c
[1.298s] -- Up-to-date symlink: /home/giraff-azul2/tfg-villen/tfg_ws/install/pers_msgs/lib/python3.10/site-packages/pers_msgs/_pers_msgs_s.ep.rosidl_typesupport_introspection_c.c
[1.298s] -- Up-to-date symlink: /home/giraff-azul2/tfg-villen/tfg_ws/install/pers_msgs/lib/python3.10/site-packages/pers_msgs/libpers_msgs__rosidl_generator_py.so
[1.299s] -- Up-to-date symlink: /home/giraff-azul2/tfg-villen/tfg_ws/install/pers_msgs/lib/python3.10/site-packages/pers_msgs/msg/__init__.py
[1.299s] -- Up-to-date symlink: /home/giraff-azul2/tfg-villen/tfg_ws/install/pers_msgs/lib/python3.10/site-packages/pers_msgs/msg/_caramsg.py
[1.300s] -- Up-to-date symlink: /home/giraff-azul2/tfg-villen/tfg_ws/install/pers_msgs/lib/python3.10/site-packages/pers_msgs/msg/_caramsg_s.c
[1.300s] -- Up-to-date symlink: /home/giraff-azul2/tfg-villen/tfg_ws/install/pers_msgs/lib/python3.10/site-packages/pers_msgs/msg/_facemsg.py
[1.301s] -- Up-to-date symlink: /home/giraff-azul2/tfg-villen/tfg_ws/install/pers_msgs/lib/python3.10/site-packages/pers_msgs/msg/_facemsg_s.c
[1.301s] -- Up-to-date symlink: /home/giraff-azul2/tfg-villen/tfg_ws/install/pers_msgs/lib/python3.10/site-packages/pers_msgs/msg/_new_usermsg.py
[1.302s] -- Up-to-date symlink: /home/giraff-azul2/tfg-villen/tfg_ws/install/pers_msgs/lib/python3.10/site-packages/pers_msgs/msg/_new_usermsg_s.c
[1.302s] -- Up-to-date symlink: /home/giraff-azul2/tfg-villen/tfg_ws/install/pers_msgs/lib/python3.10/site-packages/pers_msgs/msg/_nuevo_usuariomsg.py
[1.303s] -- Up-to-date symlink: /home/giraff-azul2/tfg-villen/tfg_ws/install/pers_msgs/lib/python3.10/site-packages/pers_msgs/msg/_nuevo_usuariomsg_s.c
[1.303s] -- Up-to-date symlink: /home/giraff-azul2/tfg-villen/tfg_ws/install/pers_msgs/lib/python3.10/site-packages/pers_msgs/pers_msgs_s__rosidl_typesupport_c.cpython-310-x86_64-linux-gnu.so
[1.304s] -- Up-to-date symlink: /home/giraff-azul2/tfg-villen/tfg_ws/install/pers_msgs/lib/python3.10/site-packages/pers_msgs/pers_msgs_s__rosidl_typesupport_fastrtps_c.cpython-310-x86_64-linux-gnu.so
[1.304s] -- Up-to-date symlink: /home/giraff-azul2/tfg-villen/tfg_ws/install/pers_msgs/lib/python3.10/site-packages/pers_msgs/pers_msgs_s__rosidl_typesupport_introspection_c.cpython-310-x86_64-linux-gnu.so
[1.305s] -- Up-to-date symlink: /home/giraff-azul2/tfg-villen/tfg_ws/install/pers_msgs/lib/python3.10/site-packages/pers_msgs/pers_msgs_s__rosidl_typesupport_fastrtps_c.cpython-310-x86_64-linux-gnu.so
[1.306s] -- Up-to-date symlink: /home/giraff-azul2/tfg-villen/tfg_ws/install/pers_msgs/lib/python3.10/site-packages/pers_msgs/pers_msgs_s__rosidl_typesupport_introspection_c.cpython-310-x86_64-linux-gnu.so
[1.307s] -- Up-to-date symlink: /home/giraff-azul2/tfg-villen/tfg_ws/install/pers_msgs/lib/python3.10/site-packages/pers_msgs/pers_msgs_s__rosidl_typesupport_c.cpython-310-x86_64-linux-gnu.so
[1.309s] -- Up-to-date symlink: /home/giraff-azul2/tfg-villen/tfg_ws/install/pers_msgs/share/pers_msgs/msg/Facemsg.idl
[1.310s] -- Up-to-date symlink: /home/giraff-azul2/tfg-villen/tfg_ws/install/pers_msgs/share/pers_msgs/msg/NewUsermsg.idl
[1.310s] -- Up-to-date symlink: /home/giraff-azul2/tfg-villen/tfg_ws/install/pers_msgs/share/pers_msgs/msg/Facemsg.msg
[1.310s] -- Up-to-date symlink: /home/giraff-azul2/tfg-villen/tfg_ws/install/pers_msgs/share/pers_msgs/msg/NewUsermsg.msg
[1.312s] -- Up-to-date symlink: /home/giraff-azul2/tfg-villen/tfg_ws/install/pers_msgs/share/ament_index/resource_index/package_run_dependencies/pers_msgs
[1.312s] -- Up-to-date symlink: /home/giraff-azul2/tfg-villen/tfg_ws/install/pers_msgs/share/ament_index/resource_index/parent_prefix_path/pers_msgs
[1.313s] -- Up-to-date symlink: /home/giraff-azul2/tfg-villen/tfg_ws/install/pers_msgs/share/pers_msgs/environment/ament_prefix_path.sh
[1.313s] -- Up-to-date symlink: /home/giraff-azul2/tfg-villen/tfg_ws/install/pers_msgs/share/pers_msgs/environment/ament_prefix_path.dsv
[1.314s] -- Up-to-date symlink: /home/giraff-azul2/tfg-villen/tfg_ws/install/pers_msgs/share/pers_msgs/environment/path.sh
[1.315s] -- Up-to-date symlink: /home/giraff-azul2/tfg-villen/tfg_ws/install/pers_msgs/share/pers_msgs/environment/path.dsv
[1.315s] -- Up-to-date symlink: /home/giraff-azul2/tfg-villen/tfg_ws/install/pers_msgs/share/pers_msgs/local_setup.bash
[1.316s] -- Up-to-date symlink: /home/giraff-azul2/tfg-villen/tfg_ws/install/pers_msgs/share/pers_msgs/local_setup.sh
[1.316s] -- Up-to-date symlink: /home/giraff-azul2/tfg-villen/tfg_ws/install/pers_msgs/share/pers_msgs/local_setup.zsh
[1.317s] -- Up-to-date symlink: /home/giraff-azul2/tfg-villen/tfg_ws/install/pers_msgs/share/pers_msgs/local_setup.dsv
[1.317s] -- Symlinking: /home/giraff-azul2/tfg-villen/tfg_ws/install/pers_msgs/share/pers_msgs/package.dsv
[1.341s] -- Up-to-date symlink: /home/giraff-azul2/tfg-villen/tfg_ws/install/pers_msgs/share/ament_index/resource_index/packages/pers_msgs
[1.341s] -- Up-to-date symlink: /home/giraff-azul2/tfg-villen/tfg_ws/install/pers_msgs/share/pers_msgs/cmake/rosidl_cmake-extras.cmake
[1.342s] -- Up-to-date symlink: /home/giraff-azul2/tfg-villen/tfg_ws/install/pers_msgs/share/pers_msgs/cmake/ament_cmake_export_dependencies-extras.cmake
[1.342s] -- Up-to-date symlink: /home/giraff-azul2/tfg-villen/tfg_ws/install/pers_msgs/share/pers_msgs/cmake/ament_cmake_export_include_directories-extras.cmake
[1.343s] -- Up-to-date symlink: /home/giraff-azul2/tfg-villen/tfg_ws/install/pers_msgs/share/pers_msgs/cmake/ament_cmake_export_libraries-extras.cmake
[1.344s] -- Up-to-date symlink: /home/giraff-azul2/tfg-villen/tfg_ws/install/pers_msgs/share/pers_msgs/cmake/ament_cmake_export_targets-extras.cmake
[1.345s] -- Up-to-date symlink: /home/giraff-azul2/tfg-villen/tfg_ws/install/pers_msgs/share/pers_msgs/cmake/rosidl_cmake_export_typesupport_targets-extras.cmake
[1.345s] -- Up-to-date symlink: /home/giraff-azul2/tfg-villen/tfg_ws/install/pers_msgs/share/pers_msgs/cmake/rosidl_cmake_export_typesupport_libraries-extras.cmake
[1.346s] -- Up-to-date symlink: /home/giraff-azul2/tfg-villen/tfg_ws/install/pers_msgs/share/pers_msgs/cmake/pers_msgsConfig.cmake
[1.346s] -- Up-to-date symlink: /home/giraff-azul2/tfg-villen/tfg_ws/install/pers_msgs/share/pers_msgs/cmake/pers_msgsConfig-version.cmake
[1.347s] -- Up-to-date symlink: /home/giraff-azul2/tfg-villen/tfg_ws/install/pers_msgs/share/pers_msgs/package.xml
[1.348s] -- Up-to-date: /home/giraff-azul2/tfg-villen/tfg_ws/install/pers_msgs/lib/libpers_msgs__rosidl_generator_c.so
[1.349s] -- Up-to-date: /home/giraff-azul2/tfg-villen/tfg_ws/install/pers_msgs/lib/libpers_msgs__rosidl_typesupport_fastrtps_c.so
[1.350s] -- Up-to-date: /home/giraff-azul2/tfg-villen/tfg_ws/install/pers_msgs/lib/libpers_msgs__rosidl_typesupport_fastrtps_cpp.so
[1.351s] -- Up-to-date: /home/giraff-azul2/tfg-villen/tfg_ws/install/pers_msgs/lib/libpers_msgs__rosidl_typesupport_introspection_c.so
[1.353s] -- Up-to-date: /home/giraff-azul2/tfg-villen/tfg_ws/install/pers_msgs/lib/libpers_msgs__rosidl_typesupport_c.so
[1.355s] -- Up-to-date: /home/giraff-azul2/tfg-villen/tfg_ws/install/pers_msgs/lib/libpers_msgs__rosidl_typesupport_introspection_cpp.so
[1.356s] -- Up-to-date: /home/giraff-azul2/tfg-villen/tfg_ws/install/pers_msgs/lib/libpers_msgs__rosidl_typesupport_cpp.so
[1.418s] Listing '/home/giraff-azul2/tfg-villen/tfg_ws/install/pers_msgs/lib/python3.10/site-packages/pers_msgs'...
[1.419s] Listing '/home/giraff-azul2/tfg-villen/tfg_ws/install/pers_msgs/lib/python3.10/site-packages/pers_msgs/msg'...
[1.432s] -- Up-to-date: /home/giraff-azul2/tfg-villen/tfg_ws/install/pers_msgs/lib/libpers_msgs__rosidl_generator_py.so
[1.434s] -- Up-to-date: /home/giraff-azul2/tfg-villen/tfg_ws/install/pers_msgs/share/pers_msgs/cmake/export_pers_msgs__rosidl_generator_cExport.cmake
[1.434s] -- Up-to-date: /home/giraff-azul2/tfg-villen/tfg_ws/install/pers_msgs/share/pers_msgs/cmake/export_pers_msgs__rosidl_generator_cExport-noconfig.cmake
[1.434s] -- Up-to-date: /home/giraff-azul2/tfg-villen/tfg_ws/install/pers_msgs/share/pers_msgs/cmake/export_pers_msgs__rosidl_typesupport_fastrtps_cExport.cmake
[1.434s] -- Up-to-date: /home/giraff-azul2/tfg-villen/tfg_ws/install/pers_msgs/share/pers_msgs/cmake/export_pers_msgs__rosidl_typesupport_fastrtps_cExport-noconfig.cmake
[1.435s] -- Up-to-date: /home/giraff-azul2/tfg-villen/tfg_ws/install/pers_msgs/share/pers_msgs/cmake/export_pers_msgs__rosidl_generator_cppExport.cmake
[1.436s] -- Up-to-date: /home/giraff-azul2/tfg-villen/tfg_ws/install/pers_msgs/share/pers_msgs/cmake/export_pers_msgs__rosidl_typesupport_fastrtps_cppExport.cmake
[1.436s] -- Up-to-date: /home/giraff-azul2/tfg-villen/tfg_ws/install/pers_msgs/share/pers_msgs/cmake/export_pers_msgs__rosidl_typesupport_fastrtps_cppExport-noconfig.cmake
[1.437s] -- Up-to-date: /home/giraff-azul2/tfg-villen/tfg_ws/install/pers_msgs/share/pers_msgs/cmake/pers_msgs__rosidl_typesupport_introspection_cExport.cmake
[1.437s] -- Up-to-date: /home/giraff-azul2/tfg-villen/tfg_ws/install/pers_msgs/share/pers_msgs/cmake/pers_msgs__rosidl_typesupport_introspection_cExport-noconfig.cmake
[1.437s] -- Up-to-date: /home/giraff-azul2/tfg-villen/tfg_ws/install/pers_msgs/share/pers_msgs/cmake/pers_msgs__rosidl_typesupport_cExport.cmake
[1.437s] -- Up-to-date: /home/giraff-azul2/tfg-villen/tfg_ws/install/pers_msgs/share/pers_msgs/cmake/pers_msgs__rosidl_typesupport_cExport-noconfig.cmake
[1.438s] -- Up-to-date: /home/giraff-azul2/tfg-villen/tfg_ws/install/pers_msgs/share/pers_msgs/cmake/pers_msgs__rosidl_typesupport_introspection_cppExport.cmake
[1.438s] -- Up-to-date: /home/giraff-azul2/tfg-villen/tfg_ws/install/pers_msgs/share/pers_msgs/cmake/pers_msgs__rosidl_typesupport_introspection_cppExport-noconfig.cmake
[1.439s] -- Up-to-date: /home/giraff-azul2/tfg-villen/tfg_ws/install/pers_msgs/share/pers_msgs/cmake/pers_msgs__rosidl_typesupport_cppExport.cmake
[1.439s] -- Up-to-date: /home/giraff-azul2/tfg-villen/tfg_ws/install/pers_msgs/share/pers_msgs/cmake/pers_msgs__rosidl_typesupport_cppExport-noconfig.cmake
[1.439s] -- Up-to-date: /home/giraff-azul2/tfg-villen/tfg_ws/install/pers_msgs/share/pers_msgs/cmake/export_pers_msgs__rosidl_generator_pyExport.cmake
[1.439s] -- Up-to-date: /home/giraff-azul2/tfg-villen/tfg_ws/install/pers_msgs/share/pers_msgs/cmake/export_pers_msgs__rosidl_generator_pyExport-noconfig.cmake
[1.451s] Invoked command in '/home/giraff-azul2/tfg-villen/tfg_ws/build/pers_msgs' returned '0': CMAKE_PREFIX_PATH=${CMAKE_PREFIX_PATH}:/home/giraff-azul2/mapir_ws/install/task_manager:/home/giraff-azul2/mapir_ws/install/battery_manager:/opt/ros/humble VIRTUAL_ENV_PROMPT=(tfg_venv) /home/giraff-azul2/tfg-villen/tfg_venv/bin/cmake --install /home/giraff-azul2/tfg-villen/tfg_ws/build/pers_msgs
